{
  "uid" : "2744e7683b9ff98c",
  "name" : "invalidLoginAndPassword",
  "fullName" : "ru.antitreningi.tests.LoginTest.invalidLoginAndPassword",
  "historyId" : "5084067bef816aa7582679f0a063488b",
  "time" : {
    "start" : 1621943378563,
    "stop" : 1621943388918,
    "duration" : 10355
  },
  "status" : "failed",
  "statusMessage" : "Element not found {By.xpath: //div/button[@data-modal='#signin']}\nExpected: visible or transparent: visible or have css value opacity=0\nScreenshot: file:/home/runner/work/Antitrening/Antitrening/build/reports/tests/1621943388336.0.png\nPage source: file:/home/runner/work/Antitrening/Antitrening/build/reports/tests/1621943388336.0.html\nTimeout: 4 s.\nCaused by: NoSuchElementException: no such element: Unable to locate element: {\"method\":\"xpath\",\"selector\":\"//div/button[@data-modal='#signin']\"}",
  "statusTrace" : "Element not found {By.xpath: //div/button[@data-modal='#signin']}\nExpected: visible or transparent: visible or have css value opacity=0\nScreenshot: file:/home/runner/work/Antitrening/Antitrening/build/reports/tests/1621943388336.0.png\nPage source: file:/home/runner/work/Antitrening/Antitrening/build/reports/tests/1621943388336.0.html\nTimeout: 4 s.\nCaused by: NoSuchElementException: no such element: Unable to locate element: {\"method\":\"xpath\",\"selector\":\"//div/button[@data-modal='#signin']\"}\n\tat com.codeborne.selenide.impl.WebElementSource.createElementNotFoundError(WebElementSource.java:83)\n\tat com.codeborne.selenide.impl.ElementFinder.createElementNotFoundError(ElementFinder.java:130)\n\tat com.codeborne.selenide.impl.WebElementSource.checkCondition(WebElementSource.java:114)\n\tat com.codeborne.selenide.impl.WebElementSource.findAndAssertElementIsInteractable(WebElementSource.java:139)\n\tat com.codeborne.selenide.commands.Click.execute(Click.java:24)\n\tat com.codeborne.selenide.commands.Click.execute(Click.java:16)\n\tat com.codeborne.selenide.commands.Commands.execute(Commands.java:155)\n\tat com.codeborne.selenide.impl.SelenideElementProxy.dispatchAndRetry(SelenideElementProxy.java:133)\n\tat com.codeborne.selenide.impl.SelenideElementProxy.invoke(SelenideElementProxy.java:85)\n\tat com.sun.proxy.$Proxy10.click(Unknown Source)\n\tat ru.antitreningi.page.login.LoginPage.clickButtonSignIn(LoginPage.java:14)\n\tat ru.antitreningi.tests.LoginTest.enterLoginAndPassword(LoginTest.java:14)\n\tat ru.antitreningi.tests.LoginTest.invalidLoginAndPassword(LoginTest.java:28)\n\tat java.base/jdk.internal.reflect.NativeMethodAccessorImpl.invoke0(Native Method)\n\tat java.base/jdk.internal.reflect.NativeMethodAccessorImpl.invoke(NativeMethodAccessorImpl.java:62)\n\tat java.base/jdk.internal.reflect.DelegatingMethodAccessorImpl.invoke(DelegatingMethodAccessorImpl.java:43)\n\tat java.base/java.lang.reflect.Method.invoke(Method.java:566)\n\tat org.testng.internal.MethodInvocationHelper.invokeMethod(MethodInvocationHelper.java:133)\n\tat org.testng.internal.TestInvoker.invokeMethod(TestInvoker.java:598)\n\tat org.testng.internal.TestInvoker.invokeTestMethod(TestInvoker.java:173)\n\tat org.testng.internal.MethodRunner.runInSequence(MethodRunner.java:46)\n\tat org.testng.internal.TestInvoker$MethodInvocationAgent.invoke(TestInvoker.java:824)\n\tat org.testng.internal.TestInvoker.invokeTestMethods(TestInvoker.java:146)\n\tat org.testng.internal.TestMethodWorker.invokeTestMethods(TestMethodWorker.java:146)\n\tat org.testng.internal.TestMethodWorker.run(TestMethodWorker.java:128)\n\tat java.base/java.util.ArrayList.forEach(ArrayList.java:1541)\n\tat org.testng.TestRunner.privateRun(TestRunner.java:794)\n\tat org.testng.TestRunner.run(TestRunner.java:596)\n\tat org.testng.SuiteRunner.runTest(SuiteRunner.java:377)\n\tat org.testng.SuiteRunner.runSequentially(SuiteRunner.java:371)\n\tat org.testng.SuiteRunner.privateRun(SuiteRunner.java:332)\n\tat org.testng.SuiteRunner.run(SuiteRunner.java:276)\n\tat org.testng.SuiteRunnerWorker.runSuite(SuiteRunnerWorker.java:53)\n\tat org.testng.SuiteRunnerWorker.run(SuiteRunnerWorker.java:96)\n\tat org.testng.TestNG.runSuitesSequentially(TestNG.java:1212)\n\tat org.testng.TestNG.runSuitesLocally(TestNG.java:1134)\n\tat org.testng.TestNG.runSuites(TestNG.java:1063)\n\tat org.testng.TestNG.run(TestNG.java:1031)\n\tat org.apache.maven.surefire.testng.TestNGExecutor.run(TestNGExecutor.java:283)\n\tat org.apache.maven.surefire.testng.TestNGXmlTestSuite.execute(TestNGXmlTestSuite.java:75)\n\tat org.apache.maven.surefire.testng.TestNGProvider.invoke(TestNGProvider.java:120)\n\tat org.apache.maven.surefire.booter.ForkedBooter.invokeProviderInSameClassLoader(ForkedBooter.java:384)\n\tat org.apache.maven.surefire.booter.ForkedBooter.runSuitesInProcess(ForkedBooter.java:345)\n\tat org.apache.maven.surefire.booter.ForkedBooter.execute(ForkedBooter.java:126)\n\tat org.apache.maven.surefire.booter.ForkedBooter.main(ForkedBooter.java:418)\nCaused by: org.openqa.selenium.NoSuchElementException: no such element: Unable to locate element: {\"method\":\"xpath\",\"selector\":\"//div/button[@data-modal='#signin']\"}\n  (Session info: chrome=90.0.4430.72)\nFor documentation on this error, please visit: https://www.seleniumhq.org/exceptions/no_such_element.html\nBuild info: version: '3.141.59', revision: 'e82be7d358', time: '2018-11-14T08:17:03'\nSystem info: host: 'fv-az36-431', ip: '10.1.0.68', os.name: 'Linux', os.arch: 'amd64', os.version: '5.4.0-1047-azure', java.version: '11.0.11'\nDriver info: org.openqa.selenium.remote.RemoteWebDriver\nCapabilities {acceptInsecureCerts: true, browserName: chrome, browserVersion: 90.0.4430.72, chrome: {chromedriverVersion: 90.0.4430.24 (4c6d850f087da..., userDataDir: /tmp/.com.google.Chrome.W9JVl3}, goog:chromeOptions: {debuggerAddress: localhost:33369}, javascriptEnabled: true, networkConnectionEnabled: false, pageLoadStrategy: normal, platform: LINUX, platformName: LINUX, proxy: Proxy(), setWindowRect: true, strictFileInteractability: false, timeouts: {implicit: 0, pageLoad: 300000, script: 30000}, unhandledPromptBehavior: dismiss and notify, webauthn:extension:largeBlob: true, webauthn:virtualAuthenticators: true}\nSession ID: d698a951f2077466bd028730dfb107cc\n*** Element info: {Using=xpath, value=//div/button[@data-modal='#signin']}\n\tat jdk.internal.reflect.GeneratedConstructorAccessor7.newInstance(Unknown Source)\n\tat java.base/jdk.internal.reflect.DelegatingConstructorAccessorImpl.newInstance(DelegatingConstructorAccessorImpl.java:45)\n\tat java.base/java.lang.reflect.Constructor.newInstance(Constructor.java:490)\n\tat org.openqa.selenium.remote.http.W3CHttpResponseCodec.createException(W3CHttpResponseCodec.java:187)\n\tat org.openqa.selenium.remote.http.W3CHttpResponseCodec.decode(W3CHttpResponseCodec.java:122)\n\tat org.openqa.selenium.remote.http.W3CHttpResponseCodec.decode(W3CHttpResponseCodec.java:49)\n\tat org.openqa.selenium.remote.HttpCommandExecutor.execute(HttpCommandExecutor.java:158)\n\tat org.openqa.selenium.remote.RemoteWebDriver.execute(RemoteWebDriver.java:552)\n\tat org.openqa.selenium.remote.RemoteWebDriver.findElement(RemoteWebDriver.java:323)\n\tat org.openqa.selenium.remote.RemoteWebDriver.findElementByXPath(RemoteWebDriver.java:428)\n\tat org.openqa.selenium.By$ByXPath.findElement(By.java:353)\n\tat org.openqa.selenium.remote.RemoteWebDriver.findElement(RemoteWebDriver.java:315)\n\tat com.codeborne.selenide.impl.WebElementSelector.findElement(WebElementSelector.java:59)\n\tat com.codeborne.selenide.impl.WebElementSelector.findElement(WebElementSelector.java:34)\n\tat com.codeborne.selenide.impl.ElementFinder.getWebElement(ElementFinder.java:103)\n\tat com.codeborne.selenide.impl.WebElementSource.checkCondition(WebElementSource.java:99)\n\t... 42 more\n",
  "flaky" : false,
  "newFailed" : false,
  "beforeStages" : [ {
    "name" : "setUp",
    "time" : {
      "start" : 1621943378363,
      "stop" : 1621943378413,
      "duration" : 50
    },
    "description" : "",
    "status" : "passed",
    "steps" : [ ],
    "attachments" : [ ],
    "parameters" : [ ],
    "hasContent" : false,
    "stepsCount" : 0,
    "attachmentsCount" : 0,
    "shouldDisplayMessage" : false
  } ],
  "testStage" : {
    "status" : "failed",
    "statusMessage" : "Element not found {By.xpath: //div/button[@data-modal='#signin']}\nExpected: visible or transparent: visible or have css value opacity=0\nScreenshot: file:/home/runner/work/Antitrening/Antitrening/build/reports/tests/1621943388336.0.png\nPage source: file:/home/runner/work/Antitrening/Antitrening/build/reports/tests/1621943388336.0.html\nTimeout: 4 s.\nCaused by: NoSuchElementException: no such element: Unable to locate element: {\"method\":\"xpath\",\"selector\":\"//div/button[@data-modal='#signin']\"}",
    "statusTrace" : "Element not found {By.xpath: //div/button[@data-modal='#signin']}\nExpected: visible or transparent: visible or have css value opacity=0\nScreenshot: file:/home/runner/work/Antitrening/Antitrening/build/reports/tests/1621943388336.0.png\nPage source: file:/home/runner/work/Antitrening/Antitrening/build/reports/tests/1621943388336.0.html\nTimeout: 4 s.\nCaused by: NoSuchElementException: no such element: Unable to locate element: {\"method\":\"xpath\",\"selector\":\"//div/button[@data-modal='#signin']\"}\n\tat com.codeborne.selenide.impl.WebElementSource.createElementNotFoundError(WebElementSource.java:83)\n\tat com.codeborne.selenide.impl.ElementFinder.createElementNotFoundError(ElementFinder.java:130)\n\tat com.codeborne.selenide.impl.WebElementSource.checkCondition(WebElementSource.java:114)\n\tat com.codeborne.selenide.impl.WebElementSource.findAndAssertElementIsInteractable(WebElementSource.java:139)\n\tat com.codeborne.selenide.commands.Click.execute(Click.java:24)\n\tat com.codeborne.selenide.commands.Click.execute(Click.java:16)\n\tat com.codeborne.selenide.commands.Commands.execute(Commands.java:155)\n\tat com.codeborne.selenide.impl.SelenideElementProxy.dispatchAndRetry(SelenideElementProxy.java:133)\n\tat com.codeborne.selenide.impl.SelenideElementProxy.invoke(SelenideElementProxy.java:85)\n\tat com.sun.proxy.$Proxy10.click(Unknown Source)\n\tat ru.antitreningi.page.login.LoginPage.clickButtonSignIn(LoginPage.java:14)\n\tat ru.antitreningi.tests.LoginTest.enterLoginAndPassword(LoginTest.java:14)\n\tat ru.antitreningi.tests.LoginTest.invalidLoginAndPassword(LoginTest.java:28)\n\tat java.base/jdk.internal.reflect.NativeMethodAccessorImpl.invoke0(Native Method)\n\tat java.base/jdk.internal.reflect.NativeMethodAccessorImpl.invoke(NativeMethodAccessorImpl.java:62)\n\tat java.base/jdk.internal.reflect.DelegatingMethodAccessorImpl.invoke(DelegatingMethodAccessorImpl.java:43)\n\tat java.base/java.lang.reflect.Method.invoke(Method.java:566)\n\tat org.testng.internal.MethodInvocationHelper.invokeMethod(MethodInvocationHelper.java:133)\n\tat org.testng.internal.TestInvoker.invokeMethod(TestInvoker.java:598)\n\tat org.testng.internal.TestInvoker.invokeTestMethod(TestInvoker.java:173)\n\tat org.testng.internal.MethodRunner.runInSequence(MethodRunner.java:46)\n\tat org.testng.internal.TestInvoker$MethodInvocationAgent.invoke(TestInvoker.java:824)\n\tat org.testng.internal.TestInvoker.invokeTestMethods(TestInvoker.java:146)\n\tat org.testng.internal.TestMethodWorker.invokeTestMethods(TestMethodWorker.java:146)\n\tat org.testng.internal.TestMethodWorker.run(TestMethodWorker.java:128)\n\tat java.base/java.util.ArrayList.forEach(ArrayList.java:1541)\n\tat org.testng.TestRunner.privateRun(TestRunner.java:794)\n\tat org.testng.TestRunner.run(TestRunner.java:596)\n\tat org.testng.SuiteRunner.runTest(SuiteRunner.java:377)\n\tat org.testng.SuiteRunner.runSequentially(SuiteRunner.java:371)\n\tat org.testng.SuiteRunner.privateRun(SuiteRunner.java:332)\n\tat org.testng.SuiteRunner.run(SuiteRunner.java:276)\n\tat org.testng.SuiteRunnerWorker.runSuite(SuiteRunnerWorker.java:53)\n\tat org.testng.SuiteRunnerWorker.run(SuiteRunnerWorker.java:96)\n\tat org.testng.TestNG.runSuitesSequentially(TestNG.java:1212)\n\tat org.testng.TestNG.runSuitesLocally(TestNG.java:1134)\n\tat org.testng.TestNG.runSuites(TestNG.java:1063)\n\tat org.testng.TestNG.run(TestNG.java:1031)\n\tat org.apache.maven.surefire.testng.TestNGExecutor.run(TestNGExecutor.java:283)\n\tat org.apache.maven.surefire.testng.TestNGXmlTestSuite.execute(TestNGXmlTestSuite.java:75)\n\tat org.apache.maven.surefire.testng.TestNGProvider.invoke(TestNGProvider.java:120)\n\tat org.apache.maven.surefire.booter.ForkedBooter.invokeProviderInSameClassLoader(ForkedBooter.java:384)\n\tat org.apache.maven.surefire.booter.ForkedBooter.runSuitesInProcess(ForkedBooter.java:345)\n\tat org.apache.maven.surefire.booter.ForkedBooter.execute(ForkedBooter.java:126)\n\tat org.apache.maven.surefire.booter.ForkedBooter.main(ForkedBooter.java:418)\nCaused by: org.openqa.selenium.NoSuchElementException: no such element: Unable to locate element: {\"method\":\"xpath\",\"selector\":\"//div/button[@data-modal='#signin']\"}\n  (Session info: chrome=90.0.4430.72)\nFor documentation on this error, please visit: https://www.seleniumhq.org/exceptions/no_such_element.html\nBuild info: version: '3.141.59', revision: 'e82be7d358', time: '2018-11-14T08:17:03'\nSystem info: host: 'fv-az36-431', ip: '10.1.0.68', os.name: 'Linux', os.arch: 'amd64', os.version: '5.4.0-1047-azure', java.version: '11.0.11'\nDriver info: org.openqa.selenium.remote.RemoteWebDriver\nCapabilities {acceptInsecureCerts: true, browserName: chrome, browserVersion: 90.0.4430.72, chrome: {chromedriverVersion: 90.0.4430.24 (4c6d850f087da..., userDataDir: /tmp/.com.google.Chrome.W9JVl3}, goog:chromeOptions: {debuggerAddress: localhost:33369}, javascriptEnabled: true, networkConnectionEnabled: false, pageLoadStrategy: normal, platform: LINUX, platformName: LINUX, proxy: Proxy(), setWindowRect: true, strictFileInteractability: false, timeouts: {implicit: 0, pageLoad: 300000, script: 30000}, unhandledPromptBehavior: dismiss and notify, webauthn:extension:largeBlob: true, webauthn:virtualAuthenticators: true}\nSession ID: d698a951f2077466bd028730dfb107cc\n*** Element info: {Using=xpath, value=//div/button[@data-modal='#signin']}\n\tat jdk.internal.reflect.GeneratedConstructorAccessor7.newInstance(Unknown Source)\n\tat java.base/jdk.internal.reflect.DelegatingConstructorAccessorImpl.newInstance(DelegatingConstructorAccessorImpl.java:45)\n\tat java.base/java.lang.reflect.Constructor.newInstance(Constructor.java:490)\n\tat org.openqa.selenium.remote.http.W3CHttpResponseCodec.createException(W3CHttpResponseCodec.java:187)\n\tat org.openqa.selenium.remote.http.W3CHttpResponseCodec.decode(W3CHttpResponseCodec.java:122)\n\tat org.openqa.selenium.remote.http.W3CHttpResponseCodec.decode(W3CHttpResponseCodec.java:49)\n\tat org.openqa.selenium.remote.HttpCommandExecutor.execute(HttpCommandExecutor.java:158)\n\tat org.openqa.selenium.remote.RemoteWebDriver.execute(RemoteWebDriver.java:552)\n\tat org.openqa.selenium.remote.RemoteWebDriver.findElement(RemoteWebDriver.java:323)\n\tat org.openqa.selenium.remote.RemoteWebDriver.findElementByXPath(RemoteWebDriver.java:428)\n\tat org.openqa.selenium.By$ByXPath.findElement(By.java:353)\n\tat org.openqa.selenium.remote.RemoteWebDriver.findElement(RemoteWebDriver.java:315)\n\tat com.codeborne.selenide.impl.WebElementSelector.findElement(WebElementSelector.java:59)\n\tat com.codeborne.selenide.impl.WebElementSelector.findElement(WebElementSelector.java:34)\n\tat com.codeborne.selenide.impl.ElementFinder.getWebElement(ElementFinder.java:103)\n\tat com.codeborne.selenide.impl.WebElementSource.checkCondition(WebElementSource.java:99)\n\t... 42 more\n",
    "steps" : [ {
      "name" : "$(\"open\") https://antitreningi.ru",
      "time" : {
        "start" : 1621943378693,
        "stop" : 1621943384023,
        "duration" : 5330
      },
      "status" : "passed",
      "steps" : [ ],
      "attachments" : [ ],
      "parameters" : [ ],
      "hasContent" : false,
      "stepsCount" : 0,
      "attachmentsCount" : 0,
      "shouldDisplayMessage" : false
    }, {
      "name" : "Проверка титула страницы.",
      "time" : {
        "start" : 1621943384120,
        "stop" : 1621943384236,
        "duration" : 116
      },
      "status" : "passed",
      "steps" : [ ],
      "attachments" : [ ],
      "parameters" : [ {
        "name" : "title",
        "value" : "АнтиТренинги - платформа для вашей онлайн-школы"
      } ],
      "hasContent" : true,
      "stepsCount" : 0,
      "attachmentsCount" : 0,
      "shouldDisplayMessage" : false
    }, {
      "name" : "Клик по кнопке \"Войти\" на главной странице сайта.",
      "time" : {
        "start" : 1621943384236,
        "stop" : 1621943388900,
        "duration" : 4664
      },
      "status" : "failed",
      "statusMessage" : "Element not found {By.xpath: //div/button[@data-modal='#signin']}\nExpected: visible or transparent: visible or have css value opacity=0\nScreenshot: file:/home/runner/work/Antitrening/Antitrening/build/reports/tests/1621943388336.0.png\nPage source: file:/home/runner/work/Antitrening/Antitrening/build/reports/tests/1621943388336.0.html\nTimeout: 4 s.\nCaused by: NoSuchElementException: no such element: Unable to locate element: {\"method\":\"xpath\",\"selector\":\"//div/button[@data-modal='#signin']\"}",
      "statusTrace" : "Element not found {By.xpath: //div/button[@data-modal='#signin']}\nExpected: visible or transparent: visible or have css value opacity=0\nScreenshot: file:/home/runner/work/Antitrening/Antitrening/build/reports/tests/1621943388336.0.png\nPage source: file:/home/runner/work/Antitrening/Antitrening/build/reports/tests/1621943388336.0.html\nTimeout: 4 s.\nCaused by: NoSuchElementException: no such element: Unable to locate element: {\"method\":\"xpath\",\"selector\":\"//div/button[@data-modal='#signin']\"}\n\tat com.codeborne.selenide.impl.WebElementSource.createElementNotFoundError(WebElementSource.java:83)\n\tat com.codeborne.selenide.impl.ElementFinder.createElementNotFoundError(ElementFinder.java:130)\n\tat com.codeborne.selenide.impl.WebElementSource.checkCondition(WebElementSource.java:114)\n\tat com.codeborne.selenide.impl.WebElementSource.findAndAssertElementIsInteractable(WebElementSource.java:139)\n\tat com.codeborne.selenide.commands.Click.execute(Click.java:24)\n\tat com.codeborne.selenide.commands.Click.execute(Click.java:16)\n\tat com.codeborne.selenide.commands.Commands.execute(Commands.java:155)\n\tat com.codeborne.selenide.impl.SelenideElementProxy.dispatchAndRetry(SelenideElementProxy.java:133)\n\tat com.codeborne.selenide.impl.SelenideElementProxy.invoke(SelenideElementProxy.java:85)\n\tat com.sun.proxy.$Proxy10.click(Unknown Source)\n\tat ru.antitreningi.page.login.LoginPage.clickButtonSignIn(LoginPage.java:14)\n\tat ru.antitreningi.tests.LoginTest.enterLoginAndPassword(LoginTest.java:14)\n\tat ru.antitreningi.tests.LoginTest.invalidLoginAndPassword(LoginTest.java:28)\n\tat java.base/jdk.internal.reflect.NativeMethodAccessorImpl.invoke0(Native Method)\n\tat java.base/jdk.internal.reflect.NativeMethodAccessorImpl.invoke(NativeMethodAccessorImpl.java:62)\n\tat java.base/jdk.internal.reflect.DelegatingMethodAccessorImpl.invoke(DelegatingMethodAccessorImpl.java:43)\n\tat java.base/java.lang.reflect.Method.invoke(Method.java:566)\n\tat org.testng.internal.MethodInvocationHelper.invokeMethod(MethodInvocationHelper.java:133)\n\tat org.testng.internal.TestInvoker.invokeMethod(TestInvoker.java:598)\n\tat org.testng.internal.TestInvoker.invokeTestMethod(TestInvoker.java:173)\n\tat org.testng.internal.MethodRunner.runInSequence(MethodRunner.java:46)\n\tat org.testng.internal.TestInvoker$MethodInvocationAgent.invoke(TestInvoker.java:824)\n\tat org.testng.internal.TestInvoker.invokeTestMethods(TestInvoker.java:146)\n\tat org.testng.internal.TestMethodWorker.invokeTestMethods(TestMethodWorker.java:146)\n\tat org.testng.internal.TestMethodWorker.run(TestMethodWorker.java:128)\n\tat java.base/java.util.ArrayList.forEach(ArrayList.java:1541)\n\tat org.testng.TestRunner.privateRun(TestRunner.java:794)\n\tat org.testng.TestRunner.run(TestRunner.java:596)\n\tat org.testng.SuiteRunner.runTest(SuiteRunner.java:377)\n\tat org.testng.SuiteRunner.runSequentially(SuiteRunner.java:371)\n\tat org.testng.SuiteRunner.privateRun(SuiteRunner.java:332)\n\tat org.testng.SuiteRunner.run(SuiteRunner.java:276)\n\tat org.testng.SuiteRunnerWorker.runSuite(SuiteRunnerWorker.java:53)\n\tat org.testng.SuiteRunnerWorker.run(SuiteRunnerWorker.java:96)\n\tat org.testng.TestNG.runSuitesSequentially(TestNG.java:1212)\n\tat org.testng.TestNG.runSuitesLocally(TestNG.java:1134)\n\tat org.testng.TestNG.runSuites(TestNG.java:1063)\n\tat org.testng.TestNG.run(TestNG.java:1031)\n\tat org.apache.maven.surefire.testng.TestNGExecutor.run(TestNGExecutor.java:283)\n\tat org.apache.maven.surefire.testng.TestNGXmlTestSuite.execute(TestNGXmlTestSuite.java:75)\n\tat org.apache.maven.surefire.testng.TestNGProvider.invoke(TestNGProvider.java:120)\n\tat org.apache.maven.surefire.booter.ForkedBooter.invokeProviderInSameClassLoader(ForkedBooter.java:384)\n\tat org.apache.maven.surefire.booter.ForkedBooter.runSuitesInProcess(ForkedBooter.java:345)\n\tat org.apache.maven.surefire.booter.ForkedBooter.execute(ForkedBooter.java:126)\n\tat org.apache.maven.surefire.booter.ForkedBooter.main(ForkedBooter.java:418)\nCaused by: org.openqa.selenium.NoSuchElementException: no such element: Unable to locate element: {\"method\":\"xpath\",\"selector\":\"//div/button[@data-modal='#signin']\"}\n  (Session info: chrome=90.0.4430.72)\nFor documentation on this error, please visit: https://www.seleniumhq.org/exceptions/no_such_element.html\nBuild info: version: '3.141.59', revision: 'e82be7d358', time: '2018-11-14T08:17:03'\nSystem info: host: 'fv-az36-431', ip: '10.1.0.68', os.name: 'Linux', os.arch: 'amd64', os.version: '5.4.0-1047-azure', java.version: '11.0.11'\nDriver info: org.openqa.selenium.remote.RemoteWebDriver\nCapabilities {acceptInsecureCerts: true, browserName: chrome, browserVersion: 90.0.4430.72, chrome: {chromedriverVersion: 90.0.4430.24 (4c6d850f087da..., userDataDir: /tmp/.com.google.Chrome.W9JVl3}, goog:chromeOptions: {debuggerAddress: localhost:33369}, javascriptEnabled: true, networkConnectionEnabled: false, pageLoadStrategy: normal, platform: LINUX, platformName: LINUX, proxy: Proxy(), setWindowRect: true, strictFileInteractability: false, timeouts: {implicit: 0, pageLoad: 300000, script: 30000}, unhandledPromptBehavior: dismiss and notify, webauthn:extension:largeBlob: true, webauthn:virtualAuthenticators: true}\nSession ID: d698a951f2077466bd028730dfb107cc\n*** Element info: {Using=xpath, value=//div/button[@data-modal='#signin']}\n\tat jdk.internal.reflect.GeneratedConstructorAccessor7.newInstance(Unknown Source)\n\tat java.base/jdk.internal.reflect.DelegatingConstructorAccessorImpl.newInstance(DelegatingConstructorAccessorImpl.java:45)\n\tat java.base/java.lang.reflect.Constructor.newInstance(Constructor.java:490)\n\tat org.openqa.selenium.remote.http.W3CHttpResponseCodec.createException(W3CHttpResponseCodec.java:187)\n\tat org.openqa.selenium.remote.http.W3CHttpResponseCodec.decode(W3CHttpResponseCodec.java:122)\n\tat org.openqa.selenium.remote.http.W3CHttpResponseCodec.decode(W3CHttpResponseCodec.java:49)\n\tat org.openqa.selenium.remote.HttpCommandExecutor.execute(HttpCommandExecutor.java:158)\n\tat org.openqa.selenium.remote.RemoteWebDriver.execute(RemoteWebDriver.java:552)\n\tat org.openqa.selenium.remote.RemoteWebDriver.findElement(RemoteWebDriver.java:323)\n\tat org.openqa.selenium.remote.RemoteWebDriver.findElementByXPath(RemoteWebDriver.java:428)\n\tat org.openqa.selenium.By$ByXPath.findElement(By.java:353)\n\tat org.openqa.selenium.remote.RemoteWebDriver.findElement(RemoteWebDriver.java:315)\n\tat com.codeborne.selenide.impl.WebElementSelector.findElement(WebElementSelector.java:59)\n\tat com.codeborne.selenide.impl.WebElementSelector.findElement(WebElementSelector.java:34)\n\tat com.codeborne.selenide.impl.ElementFinder.getWebElement(ElementFinder.java:103)\n\tat com.codeborne.selenide.impl.WebElementSource.checkCondition(WebElementSource.java:99)\n\t... 42 more\n",
      "steps" : [ {
        "name" : "$(\"By.xpath: //div/button[@data-modal='#signin']\") click()",
        "time" : {
          "start" : 1621943384334,
          "stop" : 1621943388896,
          "duration" : 4562
        },
        "status" : "failed",
        "statusMessage" : "Element not found {By.xpath: //div/button[@data-modal='#signin']}\nExpected: visible or transparent: visible or have css value opacity=0\nScreenshot: file:/home/runner/work/Antitrening/Antitrening/build/reports/tests/1621943388336.0.png\nPage source: file:/home/runner/work/Antitrening/Antitrening/build/reports/tests/1621943388336.0.html\nTimeout: 4 s.\nCaused by: NoSuchElementException: no such element: Unable to locate element: {\"method\":\"xpath\",\"selector\":\"//div/button[@data-modal='#signin']\"}",
        "statusTrace" : "Element not found {By.xpath: //div/button[@data-modal='#signin']}\nExpected: visible or transparent: visible or have css value opacity=0\nScreenshot: file:/home/runner/work/Antitrening/Antitrening/build/reports/tests/1621943388336.0.png\nPage source: file:/home/runner/work/Antitrening/Antitrening/build/reports/tests/1621943388336.0.html\nTimeout: 4 s.\nCaused by: NoSuchElementException: no such element: Unable to locate element: {\"method\":\"xpath\",\"selector\":\"//div/button[@data-modal='#signin']\"}\n\tat com.codeborne.selenide.impl.WebElementSource.createElementNotFoundError(WebElementSource.java:83)\n\tat com.codeborne.selenide.impl.ElementFinder.createElementNotFoundError(ElementFinder.java:130)\n\tat com.codeborne.selenide.impl.WebElementSource.checkCondition(WebElementSource.java:114)\n\tat com.codeborne.selenide.impl.WebElementSource.findAndAssertElementIsInteractable(WebElementSource.java:139)\n\tat com.codeborne.selenide.commands.Click.execute(Click.java:24)\n\tat com.codeborne.selenide.commands.Click.execute(Click.java:16)\n\tat com.codeborne.selenide.commands.Commands.execute(Commands.java:155)\n\tat com.codeborne.selenide.impl.SelenideElementProxy.dispatchAndRetry(SelenideElementProxy.java:133)\n\tat com.codeborne.selenide.impl.SelenideElementProxy.invoke(SelenideElementProxy.java:85)\n\tat com.sun.proxy.$Proxy10.click(Unknown Source)\n\tat ru.antitreningi.page.login.LoginPage.clickButtonSignIn(LoginPage.java:14)\n\tat ru.antitreningi.tests.LoginTest.enterLoginAndPassword(LoginTest.java:14)\n\tat ru.antitreningi.tests.LoginTest.invalidLoginAndPassword(LoginTest.java:28)\n\tat java.base/jdk.internal.reflect.NativeMethodAccessorImpl.invoke0(Native Method)\n\tat java.base/jdk.internal.reflect.NativeMethodAccessorImpl.invoke(NativeMethodAccessorImpl.java:62)\n\tat java.base/jdk.internal.reflect.DelegatingMethodAccessorImpl.invoke(DelegatingMethodAccessorImpl.java:43)\n\tat java.base/java.lang.reflect.Method.invoke(Method.java:566)\n\tat org.testng.internal.MethodInvocationHelper.invokeMethod(MethodInvocationHelper.java:133)\n\tat org.testng.internal.TestInvoker.invokeMethod(TestInvoker.java:598)\n\tat org.testng.internal.TestInvoker.invokeTestMethod(TestInvoker.java:173)\n\tat org.testng.internal.MethodRunner.runInSequence(MethodRunner.java:46)\n\tat org.testng.internal.TestInvoker$MethodInvocationAgent.invoke(TestInvoker.java:824)\n\tat org.testng.internal.TestInvoker.invokeTestMethods(TestInvoker.java:146)\n\tat org.testng.internal.TestMethodWorker.invokeTestMethods(TestMethodWorker.java:146)\n\tat org.testng.internal.TestMethodWorker.run(TestMethodWorker.java:128)\n\tat java.base/java.util.ArrayList.forEach(ArrayList.java:1541)\n\tat org.testng.TestRunner.privateRun(TestRunner.java:794)\n\tat org.testng.TestRunner.run(TestRunner.java:596)\n\tat org.testng.SuiteRunner.runTest(SuiteRunner.java:377)\n\tat org.testng.SuiteRunner.runSequentially(SuiteRunner.java:371)\n\tat org.testng.SuiteRunner.privateRun(SuiteRunner.java:332)\n\tat org.testng.SuiteRunner.run(SuiteRunner.java:276)\n\tat org.testng.SuiteRunnerWorker.runSuite(SuiteRunnerWorker.java:53)\n\tat org.testng.SuiteRunnerWorker.run(SuiteRunnerWorker.java:96)\n\tat org.testng.TestNG.runSuitesSequentially(TestNG.java:1212)\n\tat org.testng.TestNG.runSuitesLocally(TestNG.java:1134)\n\tat org.testng.TestNG.runSuites(TestNG.java:1063)\n\tat org.testng.TestNG.run(TestNG.java:1031)\n\tat org.apache.maven.surefire.testng.TestNGExecutor.run(TestNGExecutor.java:283)\n\tat org.apache.maven.surefire.testng.TestNGXmlTestSuite.execute(TestNGXmlTestSuite.java:75)\n\tat org.apache.maven.surefire.testng.TestNGProvider.invoke(TestNGProvider.java:120)\n\tat org.apache.maven.surefire.booter.ForkedBooter.invokeProviderInSameClassLoader(ForkedBooter.java:384)\n\tat org.apache.maven.surefire.booter.ForkedBooter.runSuitesInProcess(ForkedBooter.java:345)\n\tat org.apache.maven.surefire.booter.ForkedBooter.execute(ForkedBooter.java:126)\n\tat org.apache.maven.surefire.booter.ForkedBooter.main(ForkedBooter.java:418)\nCaused by: org.openqa.selenium.NoSuchElementException: no such element: Unable to locate element: {\"method\":\"xpath\",\"selector\":\"//div/button[@data-modal='#signin']\"}\n  (Session info: chrome=90.0.4430.72)\nFor documentation on this error, please visit: https://www.seleniumhq.org/exceptions/no_such_element.html\nBuild info: version: '3.141.59', revision: 'e82be7d358', time: '2018-11-14T08:17:03'\nSystem info: host: 'fv-az36-431', ip: '10.1.0.68', os.name: 'Linux', os.arch: 'amd64', os.version: '5.4.0-1047-azure', java.version: '11.0.11'\nDriver info: org.openqa.selenium.remote.RemoteWebDriver\nCapabilities {acceptInsecureCerts: true, browserName: chrome, browserVersion: 90.0.4430.72, chrome: {chromedriverVersion: 90.0.4430.24 (4c6d850f087da..., userDataDir: /tmp/.com.google.Chrome.W9JVl3}, goog:chromeOptions: {debuggerAddress: localhost:33369}, javascriptEnabled: true, networkConnectionEnabled: false, pageLoadStrategy: normal, platform: LINUX, platformName: LINUX, proxy: Proxy(), setWindowRect: true, strictFileInteractability: false, timeouts: {implicit: 0, pageLoad: 300000, script: 30000}, unhandledPromptBehavior: dismiss and notify, webauthn:extension:largeBlob: true, webauthn:virtualAuthenticators: true}\nSession ID: d698a951f2077466bd028730dfb107cc\n*** Element info: {Using=xpath, value=//div/button[@data-modal='#signin']}\n\tat jdk.internal.reflect.GeneratedConstructorAccessor7.newInstance(Unknown Source)\n\tat java.base/jdk.internal.reflect.DelegatingConstructorAccessorImpl.newInstance(DelegatingConstructorAccessorImpl.java:45)\n\tat java.base/java.lang.reflect.Constructor.newInstance(Constructor.java:490)\n\tat org.openqa.selenium.remote.http.W3CHttpResponseCodec.createException(W3CHttpResponseCodec.java:187)\n\tat org.openqa.selenium.remote.http.W3CHttpResponseCodec.decode(W3CHttpResponseCodec.java:122)\n\tat org.openqa.selenium.remote.http.W3CHttpResponseCodec.decode(W3CHttpResponseCodec.java:49)\n\tat org.openqa.selenium.remote.HttpCommandExecutor.execute(HttpCommandExecutor.java:158)\n\tat org.openqa.selenium.remote.RemoteWebDriver.execute(RemoteWebDriver.java:552)\n\tat org.openqa.selenium.remote.RemoteWebDriver.findElement(RemoteWebDriver.java:323)\n\tat org.openqa.selenium.remote.RemoteWebDriver.findElementByXPath(RemoteWebDriver.java:428)\n\tat org.openqa.selenium.By$ByXPath.findElement(By.java:353)\n\tat org.openqa.selenium.remote.RemoteWebDriver.findElement(RemoteWebDriver.java:315)\n\tat com.codeborne.selenide.impl.WebElementSelector.findElement(WebElementSelector.java:59)\n\tat com.codeborne.selenide.impl.WebElementSelector.findElement(WebElementSelector.java:34)\n\tat com.codeborne.selenide.impl.ElementFinder.getWebElement(ElementFinder.java:103)\n\tat com.codeborne.selenide.impl.WebElementSource.checkCondition(WebElementSource.java:99)\n\t... 42 more\n",
        "steps" : [ ],
        "attachments" : [ {
          "uid" : "1aeb4de52530d174",
          "name" : "Screenshot",
          "source" : "1aeb4de52530d174.png",
          "type" : "image/png",
          "size" : 151791
        } ],
        "parameters" : [ ],
        "hasContent" : true,
        "stepsCount" : 0,
        "attachmentsCount" : 1,
        "shouldDisplayMessage" : true
      } ],
      "attachments" : [ ],
      "parameters" : [ ],
      "hasContent" : true,
      "stepsCount" : 1,
      "attachmentsCount" : 1,
      "shouldDisplayMessage" : false
    } ],
    "attachments" : [ ],
    "parameters" : [ ],
    "hasContent" : true,
    "stepsCount" : 4,
    "attachmentsCount" : 1,
    "shouldDisplayMessage" : false
  },
  "afterStages" : [ ],
  "labels" : [ {
    "name" : "package",
    "value" : "ru.antitreningi.tests.LoginTest"
  }, {
    "name" : "testClass",
    "value" : "ru.antitreningi.tests.LoginTest"
  }, {
    "name" : "testMethod",
    "value" : "invalidLoginAndPassword"
  }, {
    "name" : "parentSuite",
    "value" : "Antitreningi"
  }, {
    "name" : "suite",
    "value" : "Check login."
  }, {
    "name" : "subSuite",
    "value" : "ru.antitreningi.tests.LoginTest"
  }, {
    "name" : "host",
    "value" : "fv-az36-431"
  }, {
    "name" : "thread",
    "value" : "3480@fv-az36-431.main(1)"
  }, {
    "name" : "framework",
    "value" : "testng"
  }, {
    "name" : "language",
    "value" : "java"
  }, {
    "name" : "resultFormat",
    "value" : "allure2"
  } ],
  "parameters" : [ ],
  "links" : [ ],
  "hidden" : false,
  "retry" : false,
  "extra" : {
    "severity" : "normal",
    "retries" : [ ],
    "categories" : [ {
      "name" : "Product defects",
      "matchedStatuses" : [ ],
      "flaky" : false
    } ],
    "history" : {
      "statistic" : {
        "failed" : 3,
        "broken" : 0,
        "skipped" : 0,
        "passed" : 14,
        "unknown" : 0,
        "total" : 17
      },
      "items" : [ {
        "uid" : "b0588d0c508dbf7c",
        "reportUrl" : "https://PressF5.github.io/Antitrening/30//#testresult/b0588d0c508dbf7c",
        "status" : "failed",
        "statusDetails" : "Element not found {By.xpath: //div/button[@data-modal='#signin']}\nExpected: visible or transparent: visible or have css value opacity=0\nScreenshot: file:/home/runner/work/Antitrening/Antitrening/build/reports/tests/1621941672541.0.png\nPage source: file:/home/runner/work/Antitrening/Antitrening/build/reports/tests/1621941672541.0.html\nTimeout: 4 s.\nCaused by: NoSuchElementException: no such element: Unable to locate element: {\"method\":\"xpath\",\"selector\":\"//div/button[@data-modal='#signin']\"}",
        "time" : {
          "start" : 1621941662476,
          "stop" : 1621941673145,
          "duration" : 10669
        }
      }, {
        "uid" : "2d364dcb5cf46700",
        "reportUrl" : "https://PressF5.github.io/Antitrening/29//#testresult/2d364dcb5cf46700",
        "status" : "failed",
        "statusDetails" : "Element not found {By.xpath: //div/button[@data-modal='#signin']}\nExpected: visible or transparent: visible or have css value opacity=0\nScreenshot: file:/home/runner/work/Antitrening/Antitrening/build/reports/tests/1621940254877.0.png\nPage source: file:/home/runner/work/Antitrening/Antitrening/build/reports/tests/1621940254877.0.html\nTimeout: 4 s.\nCaused by: NoSuchElementException: no such element: Unable to locate element: {\"method\":\"xpath\",\"selector\":\"//div/button[@data-modal='#signin']\"}",
        "time" : {
          "start" : 1621940245414,
          "stop" : 1621940255480,
          "duration" : 10066
        }
      }, {
        "uid" : "cb774b99690ee653",
        "reportUrl" : "https://PressF5.github.io/Antitrening/28//#testresult/cb774b99690ee653",
        "status" : "passed",
        "time" : {
          "start" : 1621937909081,
          "stop" : 1621937915894,
          "duration" : 6813
        }
      }, {
        "uid" : "47452d2e0f5e19d0",
        "reportUrl" : "https://PressF5.github.io/Antitrening/27//#testresult/47452d2e0f5e19d0",
        "status" : "passed",
        "time" : {
          "start" : 1621936590738,
          "stop" : 1621936597654,
          "duration" : 6916
        }
      }, {
        "uid" : "56c2aa31129ba417",
        "reportUrl" : "https://PressF5.github.io/Antitrening/26//#testresult/56c2aa31129ba417",
        "status" : "passed",
        "time" : {
          "start" : 1621934404095,
          "stop" : 1621934412570,
          "duration" : 8475
        }
      }, {
        "uid" : "15c2711e54c00d34",
        "reportUrl" : "https://PressF5.github.io/Antitrening/25//#testresult/15c2711e54c00d34",
        "status" : "passed",
        "time" : {
          "start" : 1621933023828,
          "stop" : 1621933031146,
          "duration" : 7318
        }
      }, {
        "uid" : "f312a117e0a42dc",
        "reportUrl" : "https://PressF5.github.io/Antitrening/24//#testresult/f312a117e0a42dc",
        "status" : "passed",
        "time" : {
          "start" : 1621930884452,
          "stop" : 1621930891545,
          "duration" : 7093
        }
      }, {
        "uid" : "567c6a311984e4c9",
        "reportUrl" : "https://PressF5.github.io/Antitrening/23//#testresult/567c6a311984e4c9",
        "status" : "passed",
        "time" : {
          "start" : 1621929437129,
          "stop" : 1621929444425,
          "duration" : 7296
        }
      }, {
        "uid" : "8711ceba125ac155",
        "reportUrl" : "https://PressF5.github.io/Antitrening/22//#testresult/8711ceba125ac155",
        "status" : "passed",
        "time" : {
          "start" : 1621926389162,
          "stop" : 1621926395732,
          "duration" : 6570
        }
      }, {
        "uid" : "16c8c25b3cbceb51",
        "reportUrl" : "https://PressF5.github.io/Antitrening/21//#testresult/16c8c25b3cbceb51",
        "status" : "passed",
        "time" : {
          "start" : 1621922692914,
          "stop" : 1621922700395,
          "duration" : 7481
        }
      }, {
        "uid" : "84ad1a0ab19a6bde",
        "reportUrl" : "https://PressF5.github.io/Antitrening/20//#testresult/84ad1a0ab19a6bde",
        "status" : "passed",
        "time" : {
          "start" : 1621920196244,
          "stop" : 1621920203770,
          "duration" : 7526
        }
      }, {
        "uid" : "be76e8e2672995d0",
        "reportUrl" : "https://PressF5.github.io/Antitrening/19//#testresult/be76e8e2672995d0",
        "status" : "passed",
        "time" : {
          "start" : 1621917068140,
          "stop" : 1621917075190,
          "duration" : 7050
        }
      }, {
        "uid" : "dee0a592306d0927",
        "reportUrl" : "https://PressF5.github.io/Antitrening/18//#testresult/dee0a592306d0927",
        "status" : "passed",
        "time" : {
          "start" : 1621914460153,
          "stop" : 1621914467443,
          "duration" : 7290
        }
      }, {
        "uid" : "58cdaa0a5639158f",
        "reportUrl" : "https://PressF5.github.io/Antitrening/17//#testresult/58cdaa0a5639158f",
        "status" : "passed",
        "time" : {
          "start" : 1621911488591,
          "stop" : 1621911495881,
          "duration" : 7290
        }
      }, {
        "uid" : "628dfaa52773058f",
        "reportUrl" : "https://PressF5.github.io/Antitrening/16//#testresult/628dfaa52773058f",
        "status" : "passed",
        "time" : {
          "start" : 1621906379989,
          "stop" : 1621906387142,
          "duration" : 7153
        }
      }, {
        "uid" : "acdec4117346e00e",
        "reportUrl" : "https://PressF5.github.io/Antitrening/15//#testresult/acdec4117346e00e",
        "status" : "passed",
        "time" : {
          "start" : 1621881914703,
          "stop" : 1621881921794,
          "duration" : 7091
        }
      } ]
    },
    "tags" : [ ]
  },
  "source" : "2744e7683b9ff98c.json",
  "parameterValues" : [ ]
}