{
  "uid" : "9c8f8aad7ee7f663",
  "name" : "invalidLoginAndPassword",
  "fullName" : "ru.antitreningi.tests.LoginTest.invalidLoginAndPassword",
  "historyId" : "5084067bef816aa7582679f0a063488b",
  "time" : {
    "start" : 1622001894973,
    "stop" : 1622001908578,
    "duration" : 13605
  },
  "status" : "failed",
  "statusMessage" : "Element not found {By.xpath: //span[@class='sc-hBURRC eRJZMx']}\nExpected: text 'Wrong password'\nScreenshot: file:/home/runner/work/Antitrening/Antitrening/build/reports/tests/1622001908069.0.png\nPage source: file:/home/runner/work/Antitrening/Antitrening/build/reports/tests/1622001908069.0.html\nTimeout: 4 s.\nCaused by: NoSuchElementException: no such element: Unable to locate element: {\"method\":\"xpath\",\"selector\":\"//span[@class='sc-hBURRC eRJZMx']\"}",
  "statusTrace" : "Element not found {By.xpath: //span[@class='sc-hBURRC eRJZMx']}\nExpected: text 'Wrong password'\nScreenshot: file:/home/runner/work/Antitrening/Antitrening/build/reports/tests/1622001908069.0.png\nPage source: file:/home/runner/work/Antitrening/Antitrening/build/reports/tests/1622001908069.0.html\nTimeout: 4 s.\nCaused by: NoSuchElementException: no such element: Unable to locate element: {\"method\":\"xpath\",\"selector\":\"//span[@class='sc-hBURRC eRJZMx']\"}\n\tat com.codeborne.selenide.impl.WebElementSource.createElementNotFoundError(WebElementSource.java:83)\n\tat com.codeborne.selenide.impl.ElementFinder.createElementNotFoundError(ElementFinder.java:130)\n\tat com.codeborne.selenide.impl.WebElementSource.checkCondition(WebElementSource.java:114)\n\tat com.codeborne.selenide.commands.Should.execute(Should.java:30)\n\tat com.codeborne.selenide.commands.Should.execute(Should.java:14)\n\tat com.codeborne.selenide.commands.Commands.execute(Commands.java:155)\n\tat com.codeborne.selenide.impl.SelenideElementProxy.dispatchAndRetry(SelenideElementProxy.java:133)\n\tat com.codeborne.selenide.impl.SelenideElementProxy.invoke(SelenideElementProxy.java:85)\n\tat com.sun.proxy.$Proxy10.shouldHave(Unknown Source)\n\tat ru.antitreningi.page.login.LoginPage.checkLoginOrPasswordError(LoginPage.java:36)\n\tat ru.antitreningi.tests.LoginTest.invalidLoginAndPassword(LoginTest.java:36)\n\tat java.base/jdk.internal.reflect.NativeMethodAccessorImpl.invoke0(Native Method)\n\tat java.base/jdk.internal.reflect.NativeMethodAccessorImpl.invoke(NativeMethodAccessorImpl.java:62)\n\tat java.base/jdk.internal.reflect.DelegatingMethodAccessorImpl.invoke(DelegatingMethodAccessorImpl.java:43)\n\tat java.base/java.lang.reflect.Method.invoke(Method.java:566)\n\tat org.testng.internal.MethodInvocationHelper.invokeMethod(MethodInvocationHelper.java:133)\n\tat org.testng.internal.TestInvoker.invokeMethod(TestInvoker.java:598)\n\tat org.testng.internal.TestInvoker.invokeTestMethod(TestInvoker.java:173)\n\tat org.testng.internal.MethodRunner.runInSequence(MethodRunner.java:46)\n\tat org.testng.internal.TestInvoker$MethodInvocationAgent.invoke(TestInvoker.java:824)\n\tat org.testng.internal.TestInvoker.invokeTestMethods(TestInvoker.java:146)\n\tat org.testng.internal.TestMethodWorker.invokeTestMethods(TestMethodWorker.java:146)\n\tat org.testng.internal.TestMethodWorker.run(TestMethodWorker.java:128)\n\tat java.base/java.util.ArrayList.forEach(ArrayList.java:1541)\n\tat org.testng.TestRunner.privateRun(TestRunner.java:794)\n\tat org.testng.TestRunner.run(TestRunner.java:596)\n\tat org.testng.SuiteRunner.runTest(SuiteRunner.java:377)\n\tat org.testng.SuiteRunner.runSequentially(SuiteRunner.java:371)\n\tat org.testng.SuiteRunner.privateRun(SuiteRunner.java:332)\n\tat org.testng.SuiteRunner.run(SuiteRunner.java:276)\n\tat org.testng.SuiteRunnerWorker.runSuite(SuiteRunnerWorker.java:53)\n\tat org.testng.SuiteRunnerWorker.run(SuiteRunnerWorker.java:96)\n\tat org.testng.TestNG.runSuitesSequentially(TestNG.java:1212)\n\tat org.testng.TestNG.runSuitesLocally(TestNG.java:1134)\n\tat org.testng.TestNG.runSuites(TestNG.java:1063)\n\tat org.testng.TestNG.run(TestNG.java:1031)\n\tat org.apache.maven.surefire.testng.TestNGExecutor.run(TestNGExecutor.java:283)\n\tat org.apache.maven.surefire.testng.TestNGXmlTestSuite.execute(TestNGXmlTestSuite.java:75)\n\tat org.apache.maven.surefire.testng.TestNGProvider.invoke(TestNGProvider.java:120)\n\tat org.apache.maven.surefire.booter.ForkedBooter.invokeProviderInSameClassLoader(ForkedBooter.java:384)\n\tat org.apache.maven.surefire.booter.ForkedBooter.runSuitesInProcess(ForkedBooter.java:345)\n\tat org.apache.maven.surefire.booter.ForkedBooter.execute(ForkedBooter.java:126)\n\tat org.apache.maven.surefire.booter.ForkedBooter.main(ForkedBooter.java:418)\nCaused by: org.openqa.selenium.NoSuchElementException: no such element: Unable to locate element: {\"method\":\"xpath\",\"selector\":\"//span[@class='sc-hBURRC eRJZMx']\"}\n  (Session info: chrome=90.0.4430.72)\nFor documentation on this error, please visit: https://www.seleniumhq.org/exceptions/no_such_element.html\nBuild info: version: '3.141.59', revision: 'e82be7d358', time: '2018-11-14T08:17:03'\nSystem info: host: 'fv-az42-325', ip: '10.1.0.79', os.name: 'Linux', os.arch: 'amd64', os.version: '5.4.0-1047-azure', java.version: '11.0.11'\nDriver info: org.openqa.selenium.remote.RemoteWebDriver\nCapabilities {acceptInsecureCerts: true, browserName: chrome, browserVersion: 90.0.4430.72, chrome: {chromedriverVersion: 90.0.4430.24 (4c6d850f087da..., userDataDir: /tmp/.com.google.Chrome.i6VFxT}, goog:chromeOptions: {debuggerAddress: localhost:34219}, javascriptEnabled: true, networkConnectionEnabled: false, pageLoadStrategy: normal, platform: LINUX, platformName: LINUX, proxy: Proxy(), setWindowRect: true, strictFileInteractability: false, timeouts: {implicit: 0, pageLoad: 300000, script: 30000}, unhandledPromptBehavior: dismiss and notify, webauthn:extension:largeBlob: true, webauthn:virtualAuthenticators: true}\nSession ID: 88ef672d8fd89d14b9bb44fe237bc988\n*** Element info: {Using=xpath, value=//span[@class='sc-hBURRC eRJZMx']}\n\tat jdk.internal.reflect.GeneratedConstructorAccessor7.newInstance(Unknown Source)\n\tat java.base/jdk.internal.reflect.DelegatingConstructorAccessorImpl.newInstance(DelegatingConstructorAccessorImpl.java:45)\n\tat java.base/java.lang.reflect.Constructor.newInstance(Constructor.java:490)\n\tat org.openqa.selenium.remote.http.W3CHttpResponseCodec.createException(W3CHttpResponseCodec.java:187)\n\tat org.openqa.selenium.remote.http.W3CHttpResponseCodec.decode(W3CHttpResponseCodec.java:122)\n\tat org.openqa.selenium.remote.http.W3CHttpResponseCodec.decode(W3CHttpResponseCodec.java:49)\n\tat org.openqa.selenium.remote.HttpCommandExecutor.execute(HttpCommandExecutor.java:158)\n\tat org.openqa.selenium.remote.RemoteWebDriver.execute(RemoteWebDriver.java:552)\n\tat org.openqa.selenium.remote.RemoteWebDriver.findElement(RemoteWebDriver.java:323)\n\tat org.openqa.selenium.remote.RemoteWebDriver.findElementByXPath(RemoteWebDriver.java:428)\n\tat org.openqa.selenium.By$ByXPath.findElement(By.java:353)\n\tat org.openqa.selenium.remote.RemoteWebDriver.findElement(RemoteWebDriver.java:315)\n\tat com.codeborne.selenide.impl.WebElementSelector.findElement(WebElementSelector.java:59)\n\tat com.codeborne.selenide.impl.WebElementSelector.findElement(WebElementSelector.java:34)\n\tat com.codeborne.selenide.impl.ElementFinder.getWebElement(ElementFinder.java:103)\n\tat com.codeborne.selenide.impl.WebElementSource.checkCondition(WebElementSource.java:99)\n\t... 40 more\n",
  "flaky" : true,
  "newFailed" : true,
  "beforeStages" : [ {
    "name" : "setUp",
    "time" : {
      "start" : 1622001894830,
      "stop" : 1622001894854,
      "duration" : 24
    },
    "description" : "",
    "status" : "passed",
    "steps" : [ ],
    "attachments" : [ ],
    "parameters" : [ ],
    "stepsCount" : 0,
    "attachmentsCount" : 0,
    "shouldDisplayMessage" : false,
    "hasContent" : false
  } ],
  "testStage" : {
    "status" : "failed",
    "statusMessage" : "Element not found {By.xpath: //span[@class='sc-hBURRC eRJZMx']}\nExpected: text 'Wrong password'\nScreenshot: file:/home/runner/work/Antitrening/Antitrening/build/reports/tests/1622001908069.0.png\nPage source: file:/home/runner/work/Antitrening/Antitrening/build/reports/tests/1622001908069.0.html\nTimeout: 4 s.\nCaused by: NoSuchElementException: no such element: Unable to locate element: {\"method\":\"xpath\",\"selector\":\"//span[@class='sc-hBURRC eRJZMx']\"}",
    "statusTrace" : "Element not found {By.xpath: //span[@class='sc-hBURRC eRJZMx']}\nExpected: text 'Wrong password'\nScreenshot: file:/home/runner/work/Antitrening/Antitrening/build/reports/tests/1622001908069.0.png\nPage source: file:/home/runner/work/Antitrening/Antitrening/build/reports/tests/1622001908069.0.html\nTimeout: 4 s.\nCaused by: NoSuchElementException: no such element: Unable to locate element: {\"method\":\"xpath\",\"selector\":\"//span[@class='sc-hBURRC eRJZMx']\"}\n\tat com.codeborne.selenide.impl.WebElementSource.createElementNotFoundError(WebElementSource.java:83)\n\tat com.codeborne.selenide.impl.ElementFinder.createElementNotFoundError(ElementFinder.java:130)\n\tat com.codeborne.selenide.impl.WebElementSource.checkCondition(WebElementSource.java:114)\n\tat com.codeborne.selenide.commands.Should.execute(Should.java:30)\n\tat com.codeborne.selenide.commands.Should.execute(Should.java:14)\n\tat com.codeborne.selenide.commands.Commands.execute(Commands.java:155)\n\tat com.codeborne.selenide.impl.SelenideElementProxy.dispatchAndRetry(SelenideElementProxy.java:133)\n\tat com.codeborne.selenide.impl.SelenideElementProxy.invoke(SelenideElementProxy.java:85)\n\tat com.sun.proxy.$Proxy10.shouldHave(Unknown Source)\n\tat ru.antitreningi.page.login.LoginPage.checkLoginOrPasswordError(LoginPage.java:36)\n\tat ru.antitreningi.tests.LoginTest.invalidLoginAndPassword(LoginTest.java:36)\n\tat java.base/jdk.internal.reflect.NativeMethodAccessorImpl.invoke0(Native Method)\n\tat java.base/jdk.internal.reflect.NativeMethodAccessorImpl.invoke(NativeMethodAccessorImpl.java:62)\n\tat java.base/jdk.internal.reflect.DelegatingMethodAccessorImpl.invoke(DelegatingMethodAccessorImpl.java:43)\n\tat java.base/java.lang.reflect.Method.invoke(Method.java:566)\n\tat org.testng.internal.MethodInvocationHelper.invokeMethod(MethodInvocationHelper.java:133)\n\tat org.testng.internal.TestInvoker.invokeMethod(TestInvoker.java:598)\n\tat org.testng.internal.TestInvoker.invokeTestMethod(TestInvoker.java:173)\n\tat org.testng.internal.MethodRunner.runInSequence(MethodRunner.java:46)\n\tat org.testng.internal.TestInvoker$MethodInvocationAgent.invoke(TestInvoker.java:824)\n\tat org.testng.internal.TestInvoker.invokeTestMethods(TestInvoker.java:146)\n\tat org.testng.internal.TestMethodWorker.invokeTestMethods(TestMethodWorker.java:146)\n\tat org.testng.internal.TestMethodWorker.run(TestMethodWorker.java:128)\n\tat java.base/java.util.ArrayList.forEach(ArrayList.java:1541)\n\tat org.testng.TestRunner.privateRun(TestRunner.java:794)\n\tat org.testng.TestRunner.run(TestRunner.java:596)\n\tat org.testng.SuiteRunner.runTest(SuiteRunner.java:377)\n\tat org.testng.SuiteRunner.runSequentially(SuiteRunner.java:371)\n\tat org.testng.SuiteRunner.privateRun(SuiteRunner.java:332)\n\tat org.testng.SuiteRunner.run(SuiteRunner.java:276)\n\tat org.testng.SuiteRunnerWorker.runSuite(SuiteRunnerWorker.java:53)\n\tat org.testng.SuiteRunnerWorker.run(SuiteRunnerWorker.java:96)\n\tat org.testng.TestNG.runSuitesSequentially(TestNG.java:1212)\n\tat org.testng.TestNG.runSuitesLocally(TestNG.java:1134)\n\tat org.testng.TestNG.runSuites(TestNG.java:1063)\n\tat org.testng.TestNG.run(TestNG.java:1031)\n\tat org.apache.maven.surefire.testng.TestNGExecutor.run(TestNGExecutor.java:283)\n\tat org.apache.maven.surefire.testng.TestNGXmlTestSuite.execute(TestNGXmlTestSuite.java:75)\n\tat org.apache.maven.surefire.testng.TestNGProvider.invoke(TestNGProvider.java:120)\n\tat org.apache.maven.surefire.booter.ForkedBooter.invokeProviderInSameClassLoader(ForkedBooter.java:384)\n\tat org.apache.maven.surefire.booter.ForkedBooter.runSuitesInProcess(ForkedBooter.java:345)\n\tat org.apache.maven.surefire.booter.ForkedBooter.execute(ForkedBooter.java:126)\n\tat org.apache.maven.surefire.booter.ForkedBooter.main(ForkedBooter.java:418)\nCaused by: org.openqa.selenium.NoSuchElementException: no such element: Unable to locate element: {\"method\":\"xpath\",\"selector\":\"//span[@class='sc-hBURRC eRJZMx']\"}\n  (Session info: chrome=90.0.4430.72)\nFor documentation on this error, please visit: https://www.seleniumhq.org/exceptions/no_such_element.html\nBuild info: version: '3.141.59', revision: 'e82be7d358', time: '2018-11-14T08:17:03'\nSystem info: host: 'fv-az42-325', ip: '10.1.0.79', os.name: 'Linux', os.arch: 'amd64', os.version: '5.4.0-1047-azure', java.version: '11.0.11'\nDriver info: org.openqa.selenium.remote.RemoteWebDriver\nCapabilities {acceptInsecureCerts: true, browserName: chrome, browserVersion: 90.0.4430.72, chrome: {chromedriverVersion: 90.0.4430.24 (4c6d850f087da..., userDataDir: /tmp/.com.google.Chrome.i6VFxT}, goog:chromeOptions: {debuggerAddress: localhost:34219}, javascriptEnabled: true, networkConnectionEnabled: false, pageLoadStrategy: normal, platform: LINUX, platformName: LINUX, proxy: Proxy(), setWindowRect: true, strictFileInteractability: false, timeouts: {implicit: 0, pageLoad: 300000, script: 30000}, unhandledPromptBehavior: dismiss and notify, webauthn:extension:largeBlob: true, webauthn:virtualAuthenticators: true}\nSession ID: 88ef672d8fd89d14b9bb44fe237bc988\n*** Element info: {Using=xpath, value=//span[@class='sc-hBURRC eRJZMx']}\n\tat jdk.internal.reflect.GeneratedConstructorAccessor7.newInstance(Unknown Source)\n\tat java.base/jdk.internal.reflect.DelegatingConstructorAccessorImpl.newInstance(DelegatingConstructorAccessorImpl.java:45)\n\tat java.base/java.lang.reflect.Constructor.newInstance(Constructor.java:490)\n\tat org.openqa.selenium.remote.http.W3CHttpResponseCodec.createException(W3CHttpResponseCodec.java:187)\n\tat org.openqa.selenium.remote.http.W3CHttpResponseCodec.decode(W3CHttpResponseCodec.java:122)\n\tat org.openqa.selenium.remote.http.W3CHttpResponseCodec.decode(W3CHttpResponseCodec.java:49)\n\tat org.openqa.selenium.remote.HttpCommandExecutor.execute(HttpCommandExecutor.java:158)\n\tat org.openqa.selenium.remote.RemoteWebDriver.execute(RemoteWebDriver.java:552)\n\tat org.openqa.selenium.remote.RemoteWebDriver.findElement(RemoteWebDriver.java:323)\n\tat org.openqa.selenium.remote.RemoteWebDriver.findElementByXPath(RemoteWebDriver.java:428)\n\tat org.openqa.selenium.By$ByXPath.findElement(By.java:353)\n\tat org.openqa.selenium.remote.RemoteWebDriver.findElement(RemoteWebDriver.java:315)\n\tat com.codeborne.selenide.impl.WebElementSelector.findElement(WebElementSelector.java:59)\n\tat com.codeborne.selenide.impl.WebElementSelector.findElement(WebElementSelector.java:34)\n\tat com.codeborne.selenide.impl.ElementFinder.getWebElement(ElementFinder.java:103)\n\tat com.codeborne.selenide.impl.WebElementSource.checkCondition(WebElementSource.java:99)\n\t... 40 more\n",
    "steps" : [ {
      "name" : "$(\"open\") https://antitreningi.ru",
      "time" : {
        "start" : 1622001895084,
        "stop" : 1622001901235,
        "duration" : 6151
      },
      "status" : "passed",
      "steps" : [ ],
      "attachments" : [ ],
      "parameters" : [ ],
      "stepsCount" : 0,
      "attachmentsCount" : 0,
      "shouldDisplayMessage" : false,
      "hasContent" : false
    }, {
      "name" : "Проверка титула страницы.",
      "time" : {
        "start" : 1622001901284,
        "stop" : 1622001901348,
        "duration" : 64
      },
      "status" : "passed",
      "steps" : [ ],
      "attachments" : [ ],
      "parameters" : [ {
        "name" : "title",
        "value" : "АнтиТренинги - платформа для вашей онлайн-школы"
      } ],
      "stepsCount" : 0,
      "attachmentsCount" : 0,
      "shouldDisplayMessage" : false,
      "hasContent" : true
    }, {
      "name" : "Клик по кнопке.",
      "time" : {
        "start" : 1622001901348,
        "stop" : 1622001901685,
        "duration" : 337
      },
      "status" : "passed",
      "steps" : [ {
        "name" : "$(\"By.xpath: //button[@data-type='login']\") click()",
        "time" : {
          "start" : 1622001901417,
          "stop" : 1622001901685,
          "duration" : 268
        },
        "status" : "passed",
        "steps" : [ ],
        "attachments" : [ ],
        "parameters" : [ ],
        "stepsCount" : 0,
        "attachmentsCount" : 0,
        "shouldDisplayMessage" : false,
        "hasContent" : false
      } ],
      "attachments" : [ ],
      "parameters" : [ {
        "name" : "type",
        "value" : "login"
      } ],
      "stepsCount" : 1,
      "attachmentsCount" : 0,
      "shouldDisplayMessage" : false,
      "hasContent" : true
    }, {
      "name" : "Ввод логина или пароля.",
      "time" : {
        "start" : 1622001901686,
        "stop" : 1622001902379,
        "duration" : 693
      },
      "status" : "passed",
      "steps" : [ {
        "name" : "$(\"By.xpath: //input\") send keys(a)",
        "time" : {
          "start" : 1622001901707,
          "stop" : 1622001901998,
          "duration" : 291
        },
        "status" : "passed",
        "steps" : [ ],
        "attachments" : [ ],
        "parameters" : [ ],
        "stepsCount" : 0,
        "attachmentsCount" : 0,
        "shouldDisplayMessage" : false,
        "hasContent" : false
      }, {
        "name" : "$(\"By.xpath: //input\") send keys()",
        "time" : {
          "start" : 1622001901998,
          "stop" : 1622001902041,
          "duration" : 43
        },
        "status" : "passed",
        "steps" : [ ],
        "attachments" : [ ],
        "parameters" : [ ],
        "stepsCount" : 0,
        "attachmentsCount" : 0,
        "shouldDisplayMessage" : false,
        "hasContent" : false
      }, {
        "name" : "$(\"By.xpath: //input\") set value(bogdantkachenko.dn@gmail.com123)",
        "time" : {
          "start" : 1622001902042,
          "stop" : 1622001902379,
          "duration" : 337
        },
        "status" : "passed",
        "steps" : [ ],
        "attachments" : [ ],
        "parameters" : [ ],
        "stepsCount" : 0,
        "attachmentsCount" : 0,
        "shouldDisplayMessage" : false,
        "hasContent" : false
      } ],
      "attachments" : [ ],
      "parameters" : [ {
        "name" : "loginOrPassword",
        "value" : "bogdantkachenko.dn@gmail.com123"
      } ],
      "stepsCount" : 3,
      "attachmentsCount" : 0,
      "shouldDisplayMessage" : false,
      "hasContent" : true
    }, {
      "name" : "Клик по кнопке.",
      "time" : {
        "start" : 1622001902380,
        "stop" : 1622001902658,
        "duration" : 278
      },
      "status" : "passed",
      "steps" : [ {
        "name" : "$(\"By.xpath: //button[@type='submit']\") click()",
        "time" : {
          "start" : 1622001902380,
          "stop" : 1622001902658,
          "duration" : 278
        },
        "status" : "passed",
        "steps" : [ ],
        "attachments" : [ ],
        "parameters" : [ ],
        "stepsCount" : 0,
        "attachmentsCount" : 0,
        "shouldDisplayMessage" : false,
        "hasContent" : false
      } ],
      "attachments" : [ ],
      "parameters" : [ {
        "name" : "type",
        "value" : "submit"
      } ],
      "stepsCount" : 1,
      "attachmentsCount" : 0,
      "shouldDisplayMessage" : false,
      "hasContent" : true
    }, {
      "name" : "Проверка ошибки при вводе некоректного логина или пароля.",
      "time" : {
        "start" : 1622001902658,
        "stop" : 1622001902813,
        "duration" : 155
      },
      "status" : "passed",
      "steps" : [ {
        "name" : "$(\"By.xpath: //span[@class='sc-hBURRC eRJZMx']\") should have(text 'Incorrect E-mail')",
        "time" : {
          "start" : 1622001902669,
          "stop" : 1622001902813,
          "duration" : 144
        },
        "status" : "passed",
        "steps" : [ ],
        "attachments" : [ ],
        "parameters" : [ ],
        "stepsCount" : 0,
        "attachmentsCount" : 0,
        "shouldDisplayMessage" : false,
        "hasContent" : false
      } ],
      "attachments" : [ ],
      "parameters" : [ {
        "name" : "message",
        "value" : "Incorrect E-mail"
      } ],
      "stepsCount" : 1,
      "attachmentsCount" : 0,
      "shouldDisplayMessage" : false,
      "hasContent" : true
    }, {
      "name" : "Ввод логина или пароля.",
      "time" : {
        "start" : 1622001902813,
        "stop" : 1622001903375,
        "duration" : 562
      },
      "status" : "passed",
      "steps" : [ {
        "name" : "$(\"By.xpath: //input\") send keys(a)",
        "time" : {
          "start" : 1622001902814,
          "stop" : 1622001902945,
          "duration" : 131
        },
        "status" : "passed",
        "steps" : [ ],
        "attachments" : [ ],
        "parameters" : [ ],
        "stepsCount" : 0,
        "attachmentsCount" : 0,
        "shouldDisplayMessage" : false,
        "hasContent" : false
      }, {
        "name" : "$(\"By.xpath: //input\") send keys()",
        "time" : {
          "start" : 1622001902945,
          "stop" : 1622001903071,
          "duration" : 126
        },
        "status" : "passed",
        "steps" : [ ],
        "attachments" : [ ],
        "parameters" : [ ],
        "stepsCount" : 0,
        "attachmentsCount" : 0,
        "shouldDisplayMessage" : false,
        "hasContent" : false
      }, {
        "name" : "$(\"By.xpath: //input\") set value(bogdantkachenko.dn@gmail.com)",
        "time" : {
          "start" : 1622001903071,
          "stop" : 1622001903375,
          "duration" : 304
        },
        "status" : "passed",
        "steps" : [ ],
        "attachments" : [ ],
        "parameters" : [ ],
        "stepsCount" : 0,
        "attachmentsCount" : 0,
        "shouldDisplayMessage" : false,
        "hasContent" : false
      } ],
      "attachments" : [ ],
      "parameters" : [ {
        "name" : "loginOrPassword",
        "value" : "bogdantkachenko.dn@gmail.com"
      } ],
      "stepsCount" : 3,
      "attachmentsCount" : 0,
      "shouldDisplayMessage" : false,
      "hasContent" : true
    }, {
      "name" : "Клик по кнопке.",
      "time" : {
        "start" : 1622001903375,
        "stop" : 1622001903529,
        "duration" : 154
      },
      "status" : "passed",
      "steps" : [ {
        "name" : "$(\"By.xpath: //button[@type='submit']\") click()",
        "time" : {
          "start" : 1622001903375,
          "stop" : 1622001903529,
          "duration" : 154
        },
        "status" : "passed",
        "steps" : [ ],
        "attachments" : [ ],
        "parameters" : [ ],
        "stepsCount" : 0,
        "attachmentsCount" : 0,
        "shouldDisplayMessage" : false,
        "hasContent" : false
      } ],
      "attachments" : [ ],
      "parameters" : [ {
        "name" : "type",
        "value" : "submit"
      } ],
      "stepsCount" : 1,
      "attachmentsCount" : 0,
      "shouldDisplayMessage" : false,
      "hasContent" : true
    }, {
      "name" : "Ввод логина или пароля.",
      "time" : {
        "start" : 1622001903529,
        "stop" : 1622001903842,
        "duration" : 313
      },
      "status" : "passed",
      "steps" : [ {
        "name" : "$(\"By.xpath: //input\") send keys(a)",
        "time" : {
          "start" : 1622001903529,
          "stop" : 1622001903596,
          "duration" : 67
        },
        "status" : "passed",
        "steps" : [ ],
        "attachments" : [ ],
        "parameters" : [ ],
        "stepsCount" : 0,
        "attachmentsCount" : 0,
        "shouldDisplayMessage" : false,
        "hasContent" : false
      }, {
        "name" : "$(\"By.xpath: //input\") send keys()",
        "time" : {
          "start" : 1622001903596,
          "stop" : 1622001903643,
          "duration" : 47
        },
        "status" : "passed",
        "steps" : [ ],
        "attachments" : [ ],
        "parameters" : [ ],
        "stepsCount" : 0,
        "attachmentsCount" : 0,
        "shouldDisplayMessage" : false,
        "hasContent" : false
      }, {
        "name" : "$(\"By.xpath: //input\") set value(Qwerty1234)",
        "time" : {
          "start" : 1622001903643,
          "stop" : 1622001903842,
          "duration" : 199
        },
        "status" : "passed",
        "steps" : [ ],
        "attachments" : [ ],
        "parameters" : [ ],
        "stepsCount" : 0,
        "attachmentsCount" : 0,
        "shouldDisplayMessage" : false,
        "hasContent" : false
      } ],
      "attachments" : [ ],
      "parameters" : [ {
        "name" : "loginOrPassword",
        "value" : "Qwerty1234"
      } ],
      "stepsCount" : 3,
      "attachmentsCount" : 0,
      "shouldDisplayMessage" : false,
      "hasContent" : true
    }, {
      "name" : "Клик по кнопке.",
      "time" : {
        "start" : 1622001903842,
        "stop" : 1622001903991,
        "duration" : 149
      },
      "status" : "passed",
      "steps" : [ {
        "name" : "$(\"By.xpath: //button[@type='submit']\") click()",
        "time" : {
          "start" : 1622001903842,
          "stop" : 1622001903991,
          "duration" : 149
        },
        "status" : "passed",
        "steps" : [ ],
        "attachments" : [ ],
        "parameters" : [ ],
        "stepsCount" : 0,
        "attachmentsCount" : 0,
        "shouldDisplayMessage" : false,
        "hasContent" : false
      } ],
      "attachments" : [ ],
      "parameters" : [ {
        "name" : "type",
        "value" : "submit"
      } ],
      "stepsCount" : 1,
      "attachmentsCount" : 0,
      "shouldDisplayMessage" : false,
      "hasContent" : true
    }, {
      "name" : "Проверка ошибки при вводе некоректного логина или пароля.",
      "time" : {
        "start" : 1622001903991,
        "stop" : 1622001908554,
        "duration" : 4563
      },
      "status" : "failed",
      "statusMessage" : "Element not found {By.xpath: //span[@class='sc-hBURRC eRJZMx']}\nExpected: text 'Wrong password'\nScreenshot: file:/home/runner/work/Antitrening/Antitrening/build/reports/tests/1622001908069.0.png\nPage source: file:/home/runner/work/Antitrening/Antitrening/build/reports/tests/1622001908069.0.html\nTimeout: 4 s.\nCaused by: NoSuchElementException: no such element: Unable to locate element: {\"method\":\"xpath\",\"selector\":\"//span[@class='sc-hBURRC eRJZMx']\"}",
      "statusTrace" : "Element not found {By.xpath: //span[@class='sc-hBURRC eRJZMx']}\nExpected: text 'Wrong password'\nScreenshot: file:/home/runner/work/Antitrening/Antitrening/build/reports/tests/1622001908069.0.png\nPage source: file:/home/runner/work/Antitrening/Antitrening/build/reports/tests/1622001908069.0.html\nTimeout: 4 s.\nCaused by: NoSuchElementException: no such element: Unable to locate element: {\"method\":\"xpath\",\"selector\":\"//span[@class='sc-hBURRC eRJZMx']\"}\n\tat com.codeborne.selenide.impl.WebElementSource.createElementNotFoundError(WebElementSource.java:83)\n\tat com.codeborne.selenide.impl.ElementFinder.createElementNotFoundError(ElementFinder.java:130)\n\tat com.codeborne.selenide.impl.WebElementSource.checkCondition(WebElementSource.java:114)\n\tat com.codeborne.selenide.commands.Should.execute(Should.java:30)\n\tat com.codeborne.selenide.commands.Should.execute(Should.java:14)\n\tat com.codeborne.selenide.commands.Commands.execute(Commands.java:155)\n\tat com.codeborne.selenide.impl.SelenideElementProxy.dispatchAndRetry(SelenideElementProxy.java:133)\n\tat com.codeborne.selenide.impl.SelenideElementProxy.invoke(SelenideElementProxy.java:85)\n\tat com.sun.proxy.$Proxy10.shouldHave(Unknown Source)\n\tat ru.antitreningi.page.login.LoginPage.checkLoginOrPasswordError(LoginPage.java:36)\n\tat ru.antitreningi.tests.LoginTest.invalidLoginAndPassword(LoginTest.java:36)\n\tat java.base/jdk.internal.reflect.NativeMethodAccessorImpl.invoke0(Native Method)\n\tat java.base/jdk.internal.reflect.NativeMethodAccessorImpl.invoke(NativeMethodAccessorImpl.java:62)\n\tat java.base/jdk.internal.reflect.DelegatingMethodAccessorImpl.invoke(DelegatingMethodAccessorImpl.java:43)\n\tat java.base/java.lang.reflect.Method.invoke(Method.java:566)\n\tat org.testng.internal.MethodInvocationHelper.invokeMethod(MethodInvocationHelper.java:133)\n\tat org.testng.internal.TestInvoker.invokeMethod(TestInvoker.java:598)\n\tat org.testng.internal.TestInvoker.invokeTestMethod(TestInvoker.java:173)\n\tat org.testng.internal.MethodRunner.runInSequence(MethodRunner.java:46)\n\tat org.testng.internal.TestInvoker$MethodInvocationAgent.invoke(TestInvoker.java:824)\n\tat org.testng.internal.TestInvoker.invokeTestMethods(TestInvoker.java:146)\n\tat org.testng.internal.TestMethodWorker.invokeTestMethods(TestMethodWorker.java:146)\n\tat org.testng.internal.TestMethodWorker.run(TestMethodWorker.java:128)\n\tat java.base/java.util.ArrayList.forEach(ArrayList.java:1541)\n\tat org.testng.TestRunner.privateRun(TestRunner.java:794)\n\tat org.testng.TestRunner.run(TestRunner.java:596)\n\tat org.testng.SuiteRunner.runTest(SuiteRunner.java:377)\n\tat org.testng.SuiteRunner.runSequentially(SuiteRunner.java:371)\n\tat org.testng.SuiteRunner.privateRun(SuiteRunner.java:332)\n\tat org.testng.SuiteRunner.run(SuiteRunner.java:276)\n\tat org.testng.SuiteRunnerWorker.runSuite(SuiteRunnerWorker.java:53)\n\tat org.testng.SuiteRunnerWorker.run(SuiteRunnerWorker.java:96)\n\tat org.testng.TestNG.runSuitesSequentially(TestNG.java:1212)\n\tat org.testng.TestNG.runSuitesLocally(TestNG.java:1134)\n\tat org.testng.TestNG.runSuites(TestNG.java:1063)\n\tat org.testng.TestNG.run(TestNG.java:1031)\n\tat org.apache.maven.surefire.testng.TestNGExecutor.run(TestNGExecutor.java:283)\n\tat org.apache.maven.surefire.testng.TestNGXmlTestSuite.execute(TestNGXmlTestSuite.java:75)\n\tat org.apache.maven.surefire.testng.TestNGProvider.invoke(TestNGProvider.java:120)\n\tat org.apache.maven.surefire.booter.ForkedBooter.invokeProviderInSameClassLoader(ForkedBooter.java:384)\n\tat org.apache.maven.surefire.booter.ForkedBooter.runSuitesInProcess(ForkedBooter.java:345)\n\tat org.apache.maven.surefire.booter.ForkedBooter.execute(ForkedBooter.java:126)\n\tat org.apache.maven.surefire.booter.ForkedBooter.main(ForkedBooter.java:418)\nCaused by: org.openqa.selenium.NoSuchElementException: no such element: Unable to locate element: {\"method\":\"xpath\",\"selector\":\"//span[@class='sc-hBURRC eRJZMx']\"}\n  (Session info: chrome=90.0.4430.72)\nFor documentation on this error, please visit: https://www.seleniumhq.org/exceptions/no_such_element.html\nBuild info: version: '3.141.59', revision: 'e82be7d358', time: '2018-11-14T08:17:03'\nSystem info: host: 'fv-az42-325', ip: '10.1.0.79', os.name: 'Linux', os.arch: 'amd64', os.version: '5.4.0-1047-azure', java.version: '11.0.11'\nDriver info: org.openqa.selenium.remote.RemoteWebDriver\nCapabilities {acceptInsecureCerts: true, browserName: chrome, browserVersion: 90.0.4430.72, chrome: {chromedriverVersion: 90.0.4430.24 (4c6d850f087da..., userDataDir: /tmp/.com.google.Chrome.i6VFxT}, goog:chromeOptions: {debuggerAddress: localhost:34219}, javascriptEnabled: true, networkConnectionEnabled: false, pageLoadStrategy: normal, platform: LINUX, platformName: LINUX, proxy: Proxy(), setWindowRect: true, strictFileInteractability: false, timeouts: {implicit: 0, pageLoad: 300000, script: 30000}, unhandledPromptBehavior: dismiss and notify, webauthn:extension:largeBlob: true, webauthn:virtualAuthenticators: true}\nSession ID: 88ef672d8fd89d14b9bb44fe237bc988\n*** Element info: {Using=xpath, value=//span[@class='sc-hBURRC eRJZMx']}\n\tat jdk.internal.reflect.GeneratedConstructorAccessor7.newInstance(Unknown Source)\n\tat java.base/jdk.internal.reflect.DelegatingConstructorAccessorImpl.newInstance(DelegatingConstructorAccessorImpl.java:45)\n\tat java.base/java.lang.reflect.Constructor.newInstance(Constructor.java:490)\n\tat org.openqa.selenium.remote.http.W3CHttpResponseCodec.createException(W3CHttpResponseCodec.java:187)\n\tat org.openqa.selenium.remote.http.W3CHttpResponseCodec.decode(W3CHttpResponseCodec.java:122)\n\tat org.openqa.selenium.remote.http.W3CHttpResponseCodec.decode(W3CHttpResponseCodec.java:49)\n\tat org.openqa.selenium.remote.HttpCommandExecutor.execute(HttpCommandExecutor.java:158)\n\tat org.openqa.selenium.remote.RemoteWebDriver.execute(RemoteWebDriver.java:552)\n\tat org.openqa.selenium.remote.RemoteWebDriver.findElement(RemoteWebDriver.java:323)\n\tat org.openqa.selenium.remote.RemoteWebDriver.findElementByXPath(RemoteWebDriver.java:428)\n\tat org.openqa.selenium.By$ByXPath.findElement(By.java:353)\n\tat org.openqa.selenium.remote.RemoteWebDriver.findElement(RemoteWebDriver.java:315)\n\tat com.codeborne.selenide.impl.WebElementSelector.findElement(WebElementSelector.java:59)\n\tat com.codeborne.selenide.impl.WebElementSelector.findElement(WebElementSelector.java:34)\n\tat com.codeborne.selenide.impl.ElementFinder.getWebElement(ElementFinder.java:103)\n\tat com.codeborne.selenide.impl.WebElementSource.checkCondition(WebElementSource.java:99)\n\t... 40 more\n",
      "steps" : [ {
        "name" : "$(\"By.xpath: //span[@class='sc-hBURRC eRJZMx']\") should have(text 'Wrong password')",
        "time" : {
          "start" : 1622001903991,
          "stop" : 1622001908545,
          "duration" : 4554
        },
        "status" : "failed",
        "statusMessage" : "Element not found {By.xpath: //span[@class='sc-hBURRC eRJZMx']}\nExpected: text 'Wrong password'\nScreenshot: file:/home/runner/work/Antitrening/Antitrening/build/reports/tests/1622001908069.0.png\nPage source: file:/home/runner/work/Antitrening/Antitrening/build/reports/tests/1622001908069.0.html\nTimeout: 4 s.\nCaused by: NoSuchElementException: no such element: Unable to locate element: {\"method\":\"xpath\",\"selector\":\"//span[@class='sc-hBURRC eRJZMx']\"}",
        "statusTrace" : "Element not found {By.xpath: //span[@class='sc-hBURRC eRJZMx']}\nExpected: text 'Wrong password'\nScreenshot: file:/home/runner/work/Antitrening/Antitrening/build/reports/tests/1622001908069.0.png\nPage source: file:/home/runner/work/Antitrening/Antitrening/build/reports/tests/1622001908069.0.html\nTimeout: 4 s.\nCaused by: NoSuchElementException: no such element: Unable to locate element: {\"method\":\"xpath\",\"selector\":\"//span[@class='sc-hBURRC eRJZMx']\"}\n\tat com.codeborne.selenide.impl.WebElementSource.createElementNotFoundError(WebElementSource.java:83)\n\tat com.codeborne.selenide.impl.ElementFinder.createElementNotFoundError(ElementFinder.java:130)\n\tat com.codeborne.selenide.impl.WebElementSource.checkCondition(WebElementSource.java:114)\n\tat com.codeborne.selenide.commands.Should.execute(Should.java:30)\n\tat com.codeborne.selenide.commands.Should.execute(Should.java:14)\n\tat com.codeborne.selenide.commands.Commands.execute(Commands.java:155)\n\tat com.codeborne.selenide.impl.SelenideElementProxy.dispatchAndRetry(SelenideElementProxy.java:133)\n\tat com.codeborne.selenide.impl.SelenideElementProxy.invoke(SelenideElementProxy.java:85)\n\tat com.sun.proxy.$Proxy10.shouldHave(Unknown Source)\n\tat ru.antitreningi.page.login.LoginPage.checkLoginOrPasswordError(LoginPage.java:36)\n\tat ru.antitreningi.tests.LoginTest.invalidLoginAndPassword(LoginTest.java:36)\n\tat java.base/jdk.internal.reflect.NativeMethodAccessorImpl.invoke0(Native Method)\n\tat java.base/jdk.internal.reflect.NativeMethodAccessorImpl.invoke(NativeMethodAccessorImpl.java:62)\n\tat java.base/jdk.internal.reflect.DelegatingMethodAccessorImpl.invoke(DelegatingMethodAccessorImpl.java:43)\n\tat java.base/java.lang.reflect.Method.invoke(Method.java:566)\n\tat org.testng.internal.MethodInvocationHelper.invokeMethod(MethodInvocationHelper.java:133)\n\tat org.testng.internal.TestInvoker.invokeMethod(TestInvoker.java:598)\n\tat org.testng.internal.TestInvoker.invokeTestMethod(TestInvoker.java:173)\n\tat org.testng.internal.MethodRunner.runInSequence(MethodRunner.java:46)\n\tat org.testng.internal.TestInvoker$MethodInvocationAgent.invoke(TestInvoker.java:824)\n\tat org.testng.internal.TestInvoker.invokeTestMethods(TestInvoker.java:146)\n\tat org.testng.internal.TestMethodWorker.invokeTestMethods(TestMethodWorker.java:146)\n\tat org.testng.internal.TestMethodWorker.run(TestMethodWorker.java:128)\n\tat java.base/java.util.ArrayList.forEach(ArrayList.java:1541)\n\tat org.testng.TestRunner.privateRun(TestRunner.java:794)\n\tat org.testng.TestRunner.run(TestRunner.java:596)\n\tat org.testng.SuiteRunner.runTest(SuiteRunner.java:377)\n\tat org.testng.SuiteRunner.runSequentially(SuiteRunner.java:371)\n\tat org.testng.SuiteRunner.privateRun(SuiteRunner.java:332)\n\tat org.testng.SuiteRunner.run(SuiteRunner.java:276)\n\tat org.testng.SuiteRunnerWorker.runSuite(SuiteRunnerWorker.java:53)\n\tat org.testng.SuiteRunnerWorker.run(SuiteRunnerWorker.java:96)\n\tat org.testng.TestNG.runSuitesSequentially(TestNG.java:1212)\n\tat org.testng.TestNG.runSuitesLocally(TestNG.java:1134)\n\tat org.testng.TestNG.runSuites(TestNG.java:1063)\n\tat org.testng.TestNG.run(TestNG.java:1031)\n\tat org.apache.maven.surefire.testng.TestNGExecutor.run(TestNGExecutor.java:283)\n\tat org.apache.maven.surefire.testng.TestNGXmlTestSuite.execute(TestNGXmlTestSuite.java:75)\n\tat org.apache.maven.surefire.testng.TestNGProvider.invoke(TestNGProvider.java:120)\n\tat org.apache.maven.surefire.booter.ForkedBooter.invokeProviderInSameClassLoader(ForkedBooter.java:384)\n\tat org.apache.maven.surefire.booter.ForkedBooter.runSuitesInProcess(ForkedBooter.java:345)\n\tat org.apache.maven.surefire.booter.ForkedBooter.execute(ForkedBooter.java:126)\n\tat org.apache.maven.surefire.booter.ForkedBooter.main(ForkedBooter.java:418)\nCaused by: org.openqa.selenium.NoSuchElementException: no such element: Unable to locate element: {\"method\":\"xpath\",\"selector\":\"//span[@class='sc-hBURRC eRJZMx']\"}\n  (Session info: chrome=90.0.4430.72)\nFor documentation on this error, please visit: https://www.seleniumhq.org/exceptions/no_such_element.html\nBuild info: version: '3.141.59', revision: 'e82be7d358', time: '2018-11-14T08:17:03'\nSystem info: host: 'fv-az42-325', ip: '10.1.0.79', os.name: 'Linux', os.arch: 'amd64', os.version: '5.4.0-1047-azure', java.version: '11.0.11'\nDriver info: org.openqa.selenium.remote.RemoteWebDriver\nCapabilities {acceptInsecureCerts: true, browserName: chrome, browserVersion: 90.0.4430.72, chrome: {chromedriverVersion: 90.0.4430.24 (4c6d850f087da..., userDataDir: /tmp/.com.google.Chrome.i6VFxT}, goog:chromeOptions: {debuggerAddress: localhost:34219}, javascriptEnabled: true, networkConnectionEnabled: false, pageLoadStrategy: normal, platform: LINUX, platformName: LINUX, proxy: Proxy(), setWindowRect: true, strictFileInteractability: false, timeouts: {implicit: 0, pageLoad: 300000, script: 30000}, unhandledPromptBehavior: dismiss and notify, webauthn:extension:largeBlob: true, webauthn:virtualAuthenticators: true}\nSession ID: 88ef672d8fd89d14b9bb44fe237bc988\n*** Element info: {Using=xpath, value=//span[@class='sc-hBURRC eRJZMx']}\n\tat jdk.internal.reflect.GeneratedConstructorAccessor7.newInstance(Unknown Source)\n\tat java.base/jdk.internal.reflect.DelegatingConstructorAccessorImpl.newInstance(DelegatingConstructorAccessorImpl.java:45)\n\tat java.base/java.lang.reflect.Constructor.newInstance(Constructor.java:490)\n\tat org.openqa.selenium.remote.http.W3CHttpResponseCodec.createException(W3CHttpResponseCodec.java:187)\n\tat org.openqa.selenium.remote.http.W3CHttpResponseCodec.decode(W3CHttpResponseCodec.java:122)\n\tat org.openqa.selenium.remote.http.W3CHttpResponseCodec.decode(W3CHttpResponseCodec.java:49)\n\tat org.openqa.selenium.remote.HttpCommandExecutor.execute(HttpCommandExecutor.java:158)\n\tat org.openqa.selenium.remote.RemoteWebDriver.execute(RemoteWebDriver.java:552)\n\tat org.openqa.selenium.remote.RemoteWebDriver.findElement(RemoteWebDriver.java:323)\n\tat org.openqa.selenium.remote.RemoteWebDriver.findElementByXPath(RemoteWebDriver.java:428)\n\tat org.openqa.selenium.By$ByXPath.findElement(By.java:353)\n\tat org.openqa.selenium.remote.RemoteWebDriver.findElement(RemoteWebDriver.java:315)\n\tat com.codeborne.selenide.impl.WebElementSelector.findElement(WebElementSelector.java:59)\n\tat com.codeborne.selenide.impl.WebElementSelector.findElement(WebElementSelector.java:34)\n\tat com.codeborne.selenide.impl.ElementFinder.getWebElement(ElementFinder.java:103)\n\tat com.codeborne.selenide.impl.WebElementSource.checkCondition(WebElementSource.java:99)\n\t... 40 more\n",
        "steps" : [ ],
        "attachments" : [ {
          "uid" : "542fd3ae1b43deee",
          "name" : "Screenshot",
          "source" : "542fd3ae1b43deee.png",
          "type" : "image/png",
          "size" : 37224
        } ],
        "parameters" : [ ],
        "stepsCount" : 0,
        "attachmentsCount" : 1,
        "shouldDisplayMessage" : true,
        "hasContent" : true
      } ],
      "attachments" : [ ],
      "parameters" : [ {
        "name" : "message",
        "value" : "Wrong password"
      } ],
      "stepsCount" : 1,
      "attachmentsCount" : 1,
      "shouldDisplayMessage" : false,
      "hasContent" : true
    } ],
    "attachments" : [ ],
    "parameters" : [ ],
    "stepsCount" : 26,
    "attachmentsCount" : 1,
    "shouldDisplayMessage" : false,
    "hasContent" : true
  },
  "afterStages" : [ ],
  "labels" : [ {
    "name" : "package",
    "value" : "ru.antitreningi.tests.LoginTest"
  }, {
    "name" : "testClass",
    "value" : "ru.antitreningi.tests.LoginTest"
  }, {
    "name" : "testMethod",
    "value" : "invalidLoginAndPassword"
  }, {
    "name" : "parentSuite",
    "value" : "Antitreningi"
  }, {
    "name" : "suite",
    "value" : "Check login."
  }, {
    "name" : "subSuite",
    "value" : "ru.antitreningi.tests.LoginTest"
  }, {
    "name" : "host",
    "value" : "fv-az42-325"
  }, {
    "name" : "thread",
    "value" : "3523@fv-az42-325.main(1)"
  }, {
    "name" : "framework",
    "value" : "testng"
  }, {
    "name" : "language",
    "value" : "java"
  }, {
    "name" : "resultFormat",
    "value" : "allure2"
  } ],
  "parameters" : [ ],
  "links" : [ ],
  "hidden" : false,
  "retry" : false,
  "extra" : {
    "severity" : "normal",
    "retries" : [ ],
    "categories" : [ {
      "name" : "Product defects",
      "matchedStatuses" : [ ],
      "flaky" : false
    } ],
    "history" : {
      "statistic" : {
        "failed" : 14,
        "broken" : 0,
        "skipped" : 0,
        "passed" : 25,
        "unknown" : 0,
        "total" : 39
      },
      "items" : [ {
        "uid" : "d03b5802ba040d37",
        "reportUrl" : "https://PressF5.github.io/Antitrening/52//#testresult/d03b5802ba040d37",
        "status" : "passed",
        "time" : {
          "start" : 1621997198931,
          "stop" : 1621997206551,
          "duration" : 7620
        }
      }, {
        "uid" : "598c094e030719cd",
        "reportUrl" : "https://PressF5.github.io/Antitrening/51//#testresult/598c094e030719cd",
        "status" : "passed",
        "time" : {
          "start" : 1621989535306,
          "stop" : 1621989543486,
          "duration" : 8180
        }
      }, {
        "uid" : "251d33c9be1d96a1",
        "reportUrl" : "https://PressF5.github.io/Antitrening/50//#testresult/251d33c9be1d96a1",
        "status" : "passed",
        "time" : {
          "start" : 1621986658544,
          "stop" : 1621986667190,
          "duration" : 8646
        }
      }, {
        "uid" : "a30bcfe48b154787",
        "reportUrl" : "https://PressF5.github.io/Antitrening/49//#testresult/a30bcfe48b154787",
        "status" : "passed",
        "time" : {
          "start" : 1621984452548,
          "stop" : 1621984461161,
          "duration" : 8613
        }
      }, {
        "uid" : "5c46586b0a00dd19",
        "reportUrl" : "https://PressF5.github.io/Antitrening/48//#testresult/5c46586b0a00dd19",
        "status" : "passed",
        "time" : {
          "start" : 1621983066268,
          "stop" : 1621983074425,
          "duration" : 8157
        }
      }, {
        "uid" : "f784bf0871e04ff",
        "reportUrl" : "https://PressF5.github.io/Antitrening/47//#testresult/f784bf0871e04ff",
        "status" : "passed",
        "time" : {
          "start" : 1621980713443,
          "stop" : 1621980721600,
          "duration" : 8157
        }
      }, {
        "uid" : "af6c16744f0af2c7",
        "reportUrl" : "https://PressF5.github.io/Antitrening/46//#testresult/af6c16744f0af2c7",
        "status" : "passed",
        "time" : {
          "start" : 1621979166593,
          "stop" : 1621979176301,
          "duration" : 9708
        }
      }, {
        "uid" : "5c673484e7890568",
        "reportUrl" : "https://PressF5.github.io/Antitrening/45//#testresult/5c673484e7890568",
        "status" : "passed",
        "time" : {
          "start" : 1621976930578,
          "stop" : 1621976938859,
          "duration" : 8281
        }
      }, {
        "uid" : "ae697780d51cb349",
        "reportUrl" : "https://PressF5.github.io/Antitrening/44//#testresult/ae697780d51cb349",
        "status" : "passed",
        "time" : {
          "start" : 1621975608777,
          "stop" : 1621975616801,
          "duration" : 8024
        }
      }, {
        "uid" : "257da5993301630",
        "reportUrl" : "https://PressF5.github.io/Antitrening/43//#testresult/257da5993301630",
        "status" : "passed",
        "time" : {
          "start" : 1621973897456,
          "stop" : 1621973905439,
          "duration" : 7983
        }
      }, {
        "uid" : "c0e73b78fd8f97ef",
        "reportUrl" : "https://PressF5.github.io/Antitrening/42//#testresult/c0e73b78fd8f97ef",
        "status" : "passed",
        "time" : {
          "start" : 1621972648646,
          "stop" : 1621972657109,
          "duration" : 8463
        }
      }, {
        "uid" : "2c101dea56aa56c4",
        "reportUrl" : "https://PressF5.github.io/Antitrening/41//#testresult/2c101dea56aa56c4",
        "status" : "failed",
        "statusDetails" : "Element should have text 'Incorrect password' {By.xpath: //span[@class='sc-hBURRC eRJZMx']}\nElement: '<span class=\"sc-hBURRC eRJZMx\">Wrong password</span>'\nScreenshot: file:/home/runner/work/Antitrening/Antitrening/build/reports/tests/1621971047105.0.png\nPage source: file:/home/runner/work/Antitrening/Antitrening/build/reports/tests/1621971047105.0.html\nTimeout: 4 s.",
        "time" : {
          "start" : 1621971035509,
          "stop" : 1621971047551,
          "duration" : 12042
        }
      }, {
        "uid" : "1b1c21392186089c",
        "reportUrl" : "https://PressF5.github.io/Antitrening/40//#testresult/1b1c21392186089c",
        "status" : "failed",
        "statusDetails" : "Element should have text 'Incorrect password' {By.xpath: //span[@class='sc-hBURRC eRJZMx']}\nElement: '<span class=\"sc-hBURRC eRJZMx\">Wrong password</span>'\nScreenshot: file:/home/runner/work/Antitrening/Antitrening/build/reports/tests/1621967861085.0.png\nPage source: file:/home/runner/work/Antitrening/Antitrening/build/reports/tests/1621967861085.0.html\nTimeout: 4 s.",
        "time" : {
          "start" : 1621967849343,
          "stop" : 1621967861531,
          "duration" : 12188
        }
      }, {
        "uid" : "2aa109dab2d1722b",
        "reportUrl" : "https://PressF5.github.io/Antitrening/39//#testresult/2aa109dab2d1722b",
        "status" : "failed",
        "statusDetails" : "Element should have text 'Incorrect password' {By.xpath: //span[@class='sc-hBURRC eRJZMx']}\nElement: '<span class=\"sc-hBURRC eRJZMx\">Wrong password</span>'\nScreenshot: file:/home/runner/work/Antitrening/Antitrening/build/reports/tests/1621964918645.0.png\nPage source: file:/home/runner/work/Antitrening/Antitrening/build/reports/tests/1621964918645.0.html\nTimeout: 4 s.",
        "time" : {
          "start" : 1621964902062,
          "stop" : 1621964919031,
          "duration" : 16969
        }
      }, {
        "uid" : "ade09d5a0c3373e0",
        "reportUrl" : "https://PressF5.github.io/Antitrening/38//#testresult/ade09d5a0c3373e0",
        "status" : "failed",
        "statusDetails" : "Element should have text 'Incorrect password' {By.xpath: //span[@class='sc-hBURRC eRJZMx']}\nElement: '<span class=\"sc-hBURRC eRJZMx\">Incorrect E-mail</span>'\nScreenshot: file:/home/runner/work/Antitrening/Antitrening/build/reports/tests/1621960155324.0.png\nPage source: file:/home/runner/work/Antitrening/Antitrening/build/reports/tests/1621960155324.0.html\nTimeout: 4 s.",
        "time" : {
          "start" : 1621960143913,
          "stop" : 1621960155755,
          "duration" : 11842
        }
      }, {
        "uid" : "69e70d86ad31be36",
        "reportUrl" : "https://PressF5.github.io/Antitrening/37//#testresult/69e70d86ad31be36",
        "status" : "failed",
        "statusDetails" : "Element should have text 'Incorrect password' {By.xpath: //span[@class='sc-hBURRC eRJZMx']}\nElement: '<span class=\"sc-hBURRC eRJZMx\">Incorrect E-mail</span>'\nScreenshot: file:/home/runner/work/Antitrening/Antitrening/build/reports/tests/1621958041670.0.png\nPage source: file:/home/runner/work/Antitrening/Antitrening/build/reports/tests/1621958041670.0.html\nTimeout: 4 s.",
        "time" : {
          "start" : 1621958030483,
          "stop" : 1621958042104,
          "duration" : 11621
        }
      }, {
        "uid" : "43b242ea24e68fa6",
        "reportUrl" : "https://PressF5.github.io/Antitrening/36//#testresult/43b242ea24e68fa6",
        "status" : "failed",
        "statusDetails" : "Element should have text 'Incorrect password' {By.xpath: //span[@class='sc-hBURRC eRJZMx']}\nElement: '<span class=\"sc-hBURRC eRJZMx\">Incorrect E-mail</span>'\nScreenshot: file:/home/runner/work/Antitrening/Antitrening/build/reports/tests/1621955420122.0.png\nPage source: file:/home/runner/work/Antitrening/Antitrening/build/reports/tests/1621955420122.0.html\nTimeout: 4 s.",
        "time" : {
          "start" : 1621955409227,
          "stop" : 1621955420464,
          "duration" : 11237
        }
      }, {
        "uid" : "fcaf25a0e7fcff4e",
        "reportUrl" : "https://PressF5.github.io/Antitrening/35//#testresult/fcaf25a0e7fcff4e",
        "status" : "failed",
        "statusDetails" : "Element should have text 'Incorrect password' {By.xpath: //span[@class='sc-hBURRC eRJZMx']}\nElement: '<span class=\"sc-hBURRC eRJZMx\">Incorrect E-mail</span>'\nScreenshot: file:/home/runner/work/Antitrening/Antitrening/build/reports/tests/1621953244341.0.png\nPage source: file:/home/runner/work/Antitrening/Antitrening/build/reports/tests/1621953244341.0.html\nTimeout: 4 s.",
        "time" : {
          "start" : 1621953232185,
          "stop" : 1621953244763,
          "duration" : 12578
        }
      }, {
        "uid" : "1fa6bc1874111780",
        "reportUrl" : "https://PressF5.github.io/Antitrening/34//#testresult/1fa6bc1874111780",
        "status" : "failed",
        "statusDetails" : "Element should have text 'Incorrect password' {By.xpath: //span[@class='sc-hBURRC eRJZMx']}\nElement: '<span class=\"sc-hBURRC eRJZMx\">Incorrect E-mail</span>'\nScreenshot: file:/home/runner/work/Antitrening/Antitrening/build/reports/tests/1621951299897.0.png\nPage source: file:/home/runner/work/Antitrening/Antitrening/build/reports/tests/1621951299897.0.html\nTimeout: 4 s.",
        "time" : {
          "start" : 1621951288906,
          "stop" : 1621951300331,
          "duration" : 11425
        }
      }, {
        "uid" : "3aa656cb3772cb96",
        "reportUrl" : "https://PressF5.github.io/Antitrening/33//#testresult/3aa656cb3772cb96",
        "status" : "failed",
        "statusDetails" : "Element should have text 'Incorrect password' {By.xpath: //span[@class='sc-hBURRC eRJZMx']}\nElement: '<span class=\"sc-hBURRC eRJZMx\">Incorrect E-mail</span>'\nScreenshot: file:/home/runner/work/Antitrening/Antitrening/build/reports/tests/1621948341412.0.png\nPage source: file:/home/runner/work/Antitrening/Antitrening/build/reports/tests/1621948341412.0.html\nTimeout: 4 s.",
        "time" : {
          "start" : 1621948330269,
          "stop" : 1621948341866,
          "duration" : 11597
        }
      } ]
    },
    "tags" : [ ]
  },
  "source" : "9c8f8aad7ee7f663.json",
  "parameterValues" : [ ]
}