{
  "uid" : "6b5775a01326e7e0",
  "name" : "invalidLoginAndPassword",
  "fullName" : "ru.antitreningi.tests.LoginTest.invalidLoginAndPassword",
  "historyId" : "5084067bef816aa7582679f0a063488b",
  "time" : {
    "start" : 1627236181191,
    "stop" : 1627236213305,
    "duration" : 32114
  },
  "status" : "broken",
  "statusMessage" : "New session attempts retry count exceeded (WARNING: The server did not provide any stacktrace information)\nCommand duration or timeout: 31.22 seconds\nBuild info: version: '3.141.59', revision: 'e82be7d358', time: '2018-11-14T08:17:03'\nSystem info: host: 'fv-az77-774', ip: '10.1.0.7', os.name: 'Linux', os.arch: 'amd64', os.version: '5.8.0-1036-azure', java.version: '11.0.11'\nselenide.remote: http://localhost:4444/wd/hub\nDriver info: driver.version: SelenideDriver\nselenide.url: https://antitreningi.ru\nselenide.baseUrl: https://antitreningi.ru",
  "statusTrace" : "org.openqa.selenium.WebDriverException: New session attempts retry count exceeded (WARNING: The server did not provide any stacktrace information)\nCommand duration or timeout: 31.22 seconds\nBuild info: version: '3.141.59', revision: 'e82be7d358', time: '2018-11-14T08:17:03'\nSystem info: host: 'fv-az77-774', ip: '10.1.0.7', os.name: 'Linux', os.arch: 'amd64', os.version: '5.8.0-1036-azure', java.version: '11.0.11'\nselenide.remote: http://localhost:4444/wd/hub\nDriver info: driver.version: SelenideDriver\nselenide.url: https://antitreningi.ru\nselenide.baseUrl: https://antitreningi.ru\n\tat java.base/jdk.internal.reflect.NativeConstructorAccessorImpl.newInstance0(Native Method)\n\tat java.base/jdk.internal.reflect.NativeConstructorAccessorImpl.newInstance(NativeConstructorAccessorImpl.java:62)\n\tat java.base/jdk.internal.reflect.DelegatingConstructorAccessorImpl.newInstance(DelegatingConstructorAccessorImpl.java:45)\n\tat java.base/java.lang.reflect.Constructor.newInstance(Constructor.java:490)\n\tat org.openqa.selenium.remote.ErrorHandler.createThrowable(ErrorHandler.java:214)\n\tat org.openqa.selenium.remote.ErrorHandler.throwIfResponseFailed(ErrorHandler.java:166)\n\tat org.openqa.selenium.remote.JsonWireProtocolResponse.lambda$errorHandler$0(JsonWireProtocolResponse.java:54)\n\tat org.openqa.selenium.remote.HandshakeResponse.lambda$getResponseFunction$0(HandshakeResponse.java:30)\n\tat org.openqa.selenium.remote.ProtocolHandshake.lambda$createSession$0(ProtocolHandshake.java:126)\n\tat java.base/java.util.stream.ReferencePipeline$3$1.accept(ReferencePipeline.java:195)\n\tat java.base/java.util.Spliterators$ArraySpliterator.tryAdvance(Spliterators.java:958)\n\tat java.base/java.util.stream.ReferencePipeline.forEachWithCancel(ReferencePipeline.java:127)\n\tat java.base/java.util.stream.AbstractPipeline.copyIntoWithCancel(AbstractPipeline.java:502)\n\tat java.base/java.util.stream.AbstractPipeline.copyInto(AbstractPipeline.java:488)\n\tat java.base/java.util.stream.AbstractPipeline.wrapAndCopyInto(AbstractPipeline.java:474)\n\tat java.base/java.util.stream.FindOps$FindOp.evaluateSequential(FindOps.java:150)\n\tat java.base/java.util.stream.AbstractPipeline.evaluate(AbstractPipeline.java:234)\n\tat java.base/java.util.stream.ReferencePipeline.findFirst(ReferencePipeline.java:543)\n\tat org.openqa.selenium.remote.ProtocolHandshake.createSession(ProtocolHandshake.java:128)\n\tat org.openqa.selenium.remote.ProtocolHandshake.createSession(ProtocolHandshake.java:74)\n\tat org.openqa.selenium.remote.HttpCommandExecutor.execute(HttpCommandExecutor.java:136)\n\tat org.openqa.selenium.remote.RemoteWebDriver.execute(RemoteWebDriver.java:552)\n\tat org.openqa.selenium.remote.RemoteWebDriver.startSession(RemoteWebDriver.java:213)\n\tat org.openqa.selenium.remote.RemoteWebDriver.<init>(RemoteWebDriver.java:131)\n\tat org.openqa.selenium.remote.RemoteWebDriver.<init>(RemoteWebDriver.java:144)\n\tat com.codeborne.selenide.webdriver.RemoteDriverFactory.create(RemoteDriverFactory.java:17)\n\tat com.codeborne.selenide.webdriver.WebDriverFactory.createWebDriverInstance(WebDriverFactory.java:104)\n\tat com.codeborne.selenide.webdriver.WebDriverFactory.createWebDriver(WebDriverFactory.java:71)\n\tat com.codeborne.selenide.drivercommands.CreateDriverCommand.createDriver(CreateDriverCommand.java:68)\n\tat com.codeborne.selenide.impl.WebDriverThreadLocalContainer.createDriver(WebDriverThreadLocalContainer.java:153)\n\tat com.codeborne.selenide.impl.WebDriverThreadLocalContainer.getAndCheckWebDriver(WebDriverThreadLocalContainer.java:139)\n\tat com.codeborne.selenide.WebDriverRunner.getAndCheckWebDriver(WebDriverRunner.java:105)\n\tat com.codeborne.selenide.impl.StaticDriver.getAndCheckWebDriver(StaticDriver.java:65)\n\tat com.codeborne.selenide.SelenideDriver.getAndCheckWebDriver(SelenideDriver.java:191)\n\tat com.codeborne.selenide.drivercommands.Navigator.lambda$navigateTo$0(Navigator.java:68)\n\tat com.codeborne.selenide.logevents.SelenideLogger.run(SelenideLogger.java:139)\n\tat com.codeborne.selenide.drivercommands.Navigator.navigateTo(Navigator.java:66)\n\tat com.codeborne.selenide.drivercommands.Navigator.open(Navigator.java:38)\n\tat com.codeborne.selenide.SelenideDriver.open(SelenideDriver.java:94)\n\tat com.codeborne.selenide.SelenideDriver.open(SelenideDriver.java:124)\n\tat com.codeborne.selenide.SelenideDriver.open(SelenideDriver.java:109)\n\tat com.codeborne.selenide.Selenide.open(Selenide.java:147)\n\tat ru.antitreningi.tests.LoginTest.enterLogin(LoginTest.java:12)\n\tat ru.antitreningi.tests.LoginTest.invalidLoginAndPassword(LoginTest.java:30)\n\tat java.base/jdk.internal.reflect.NativeMethodAccessorImpl.invoke0(Native Method)\n\tat java.base/jdk.internal.reflect.NativeMethodAccessorImpl.invoke(NativeMethodAccessorImpl.java:62)\n\tat java.base/jdk.internal.reflect.DelegatingMethodAccessorImpl.invoke(DelegatingMethodAccessorImpl.java:43)\n\tat java.base/java.lang.reflect.Method.invoke(Method.java:566)\n\tat org.testng.internal.MethodInvocationHelper.invokeMethod(MethodInvocationHelper.java:133)\n\tat org.testng.internal.TestInvoker.invokeMethod(TestInvoker.java:598)\n\tat org.testng.internal.TestInvoker.invokeTestMethod(TestInvoker.java:173)\n\tat org.testng.internal.MethodRunner.runInSequence(MethodRunner.java:46)\n\tat org.testng.internal.TestInvoker$MethodInvocationAgent.invoke(TestInvoker.java:824)\n\tat org.testng.internal.TestInvoker.invokeTestMethods(TestInvoker.java:146)\n\tat org.testng.internal.TestMethodWorker.invokeTestMethods(TestMethodWorker.java:146)\n\tat org.testng.internal.TestMethodWorker.run(TestMethodWorker.java:128)\n\tat java.base/java.util.ArrayList.forEach(ArrayList.java:1541)\n\tat org.testng.TestRunner.privateRun(TestRunner.java:794)\n\tat org.testng.TestRunner.run(TestRunner.java:596)\n\tat org.testng.SuiteRunner.runTest(SuiteRunner.java:377)\n\tat org.testng.SuiteRunner.runSequentially(SuiteRunner.java:371)\n\tat org.testng.SuiteRunner.privateRun(SuiteRunner.java:332)\n\tat org.testng.SuiteRunner.run(SuiteRunner.java:276)\n\tat org.testng.SuiteRunnerWorker.runSuite(SuiteRunnerWorker.java:53)\n\tat org.testng.SuiteRunnerWorker.run(SuiteRunnerWorker.java:96)\n\tat org.testng.TestNG.runSuitesSequentially(TestNG.java:1212)\n\tat org.testng.TestNG.runSuitesLocally(TestNG.java:1134)\n\tat org.testng.TestNG.runSuites(TestNG.java:1063)\n\tat org.testng.TestNG.run(TestNG.java:1031)\n\tat org.apache.maven.surefire.testng.TestNGExecutor.run(TestNGExecutor.java:283)\n\tat org.apache.maven.surefire.testng.TestNGXmlTestSuite.execute(TestNGXmlTestSuite.java:75)\n\tat org.apache.maven.surefire.testng.TestNGProvider.invoke(TestNGProvider.java:120)\n\tat org.apache.maven.surefire.booter.ForkedBooter.invokeProviderInSameClassLoader(ForkedBooter.java:384)\n\tat org.apache.maven.surefire.booter.ForkedBooter.runSuitesInProcess(ForkedBooter.java:345)\n\tat org.apache.maven.surefire.booter.ForkedBooter.execute(ForkedBooter.java:126)\n\tat org.apache.maven.surefire.booter.ForkedBooter.main(ForkedBooter.java:418)\n",
  "flaky" : false,
  "newFailed" : false,
  "beforeStages" : [ {
    "name" : "setUp",
    "time" : {
      "start" : 1627236181034,
      "stop" : 1627236181061,
      "duration" : 27
    },
    "description" : "",
    "status" : "passed",
    "steps" : [ ],
    "attachments" : [ ],
    "parameters" : [ ],
    "stepsCount" : 0,
    "attachmentsCount" : 0,
    "shouldDisplayMessage" : false,
    "hasContent" : false
  } ],
  "testStage" : {
    "status" : "broken",
    "statusMessage" : "New session attempts retry count exceeded (WARNING: The server did not provide any stacktrace information)\nCommand duration or timeout: 31.22 seconds\nBuild info: version: '3.141.59', revision: 'e82be7d358', time: '2018-11-14T08:17:03'\nSystem info: host: 'fv-az77-774', ip: '10.1.0.7', os.name: 'Linux', os.arch: 'amd64', os.version: '5.8.0-1036-azure', java.version: '11.0.11'\nselenide.remote: http://localhost:4444/wd/hub\nDriver info: driver.version: SelenideDriver\nselenide.url: https://antitreningi.ru\nselenide.baseUrl: https://antitreningi.ru",
    "statusTrace" : "org.openqa.selenium.WebDriverException: New session attempts retry count exceeded (WARNING: The server did not provide any stacktrace information)\nCommand duration or timeout: 31.22 seconds\nBuild info: version: '3.141.59', revision: 'e82be7d358', time: '2018-11-14T08:17:03'\nSystem info: host: 'fv-az77-774', ip: '10.1.0.7', os.name: 'Linux', os.arch: 'amd64', os.version: '5.8.0-1036-azure', java.version: '11.0.11'\nselenide.remote: http://localhost:4444/wd/hub\nDriver info: driver.version: SelenideDriver\nselenide.url: https://antitreningi.ru\nselenide.baseUrl: https://antitreningi.ru\n\tat java.base/jdk.internal.reflect.NativeConstructorAccessorImpl.newInstance0(Native Method)\n\tat java.base/jdk.internal.reflect.NativeConstructorAccessorImpl.newInstance(NativeConstructorAccessorImpl.java:62)\n\tat java.base/jdk.internal.reflect.DelegatingConstructorAccessorImpl.newInstance(DelegatingConstructorAccessorImpl.java:45)\n\tat java.base/java.lang.reflect.Constructor.newInstance(Constructor.java:490)\n\tat org.openqa.selenium.remote.ErrorHandler.createThrowable(ErrorHandler.java:214)\n\tat org.openqa.selenium.remote.ErrorHandler.throwIfResponseFailed(ErrorHandler.java:166)\n\tat org.openqa.selenium.remote.JsonWireProtocolResponse.lambda$errorHandler$0(JsonWireProtocolResponse.java:54)\n\tat org.openqa.selenium.remote.HandshakeResponse.lambda$getResponseFunction$0(HandshakeResponse.java:30)\n\tat org.openqa.selenium.remote.ProtocolHandshake.lambda$createSession$0(ProtocolHandshake.java:126)\n\tat java.base/java.util.stream.ReferencePipeline$3$1.accept(ReferencePipeline.java:195)\n\tat java.base/java.util.Spliterators$ArraySpliterator.tryAdvance(Spliterators.java:958)\n\tat java.base/java.util.stream.ReferencePipeline.forEachWithCancel(ReferencePipeline.java:127)\n\tat java.base/java.util.stream.AbstractPipeline.copyIntoWithCancel(AbstractPipeline.java:502)\n\tat java.base/java.util.stream.AbstractPipeline.copyInto(AbstractPipeline.java:488)\n\tat java.base/java.util.stream.AbstractPipeline.wrapAndCopyInto(AbstractPipeline.java:474)\n\tat java.base/java.util.stream.FindOps$FindOp.evaluateSequential(FindOps.java:150)\n\tat java.base/java.util.stream.AbstractPipeline.evaluate(AbstractPipeline.java:234)\n\tat java.base/java.util.stream.ReferencePipeline.findFirst(ReferencePipeline.java:543)\n\tat org.openqa.selenium.remote.ProtocolHandshake.createSession(ProtocolHandshake.java:128)\n\tat org.openqa.selenium.remote.ProtocolHandshake.createSession(ProtocolHandshake.java:74)\n\tat org.openqa.selenium.remote.HttpCommandExecutor.execute(HttpCommandExecutor.java:136)\n\tat org.openqa.selenium.remote.RemoteWebDriver.execute(RemoteWebDriver.java:552)\n\tat org.openqa.selenium.remote.RemoteWebDriver.startSession(RemoteWebDriver.java:213)\n\tat org.openqa.selenium.remote.RemoteWebDriver.<init>(RemoteWebDriver.java:131)\n\tat org.openqa.selenium.remote.RemoteWebDriver.<init>(RemoteWebDriver.java:144)\n\tat com.codeborne.selenide.webdriver.RemoteDriverFactory.create(RemoteDriverFactory.java:17)\n\tat com.codeborne.selenide.webdriver.WebDriverFactory.createWebDriverInstance(WebDriverFactory.java:104)\n\tat com.codeborne.selenide.webdriver.WebDriverFactory.createWebDriver(WebDriverFactory.java:71)\n\tat com.codeborne.selenide.drivercommands.CreateDriverCommand.createDriver(CreateDriverCommand.java:68)\n\tat com.codeborne.selenide.impl.WebDriverThreadLocalContainer.createDriver(WebDriverThreadLocalContainer.java:153)\n\tat com.codeborne.selenide.impl.WebDriverThreadLocalContainer.getAndCheckWebDriver(WebDriverThreadLocalContainer.java:139)\n\tat com.codeborne.selenide.WebDriverRunner.getAndCheckWebDriver(WebDriverRunner.java:105)\n\tat com.codeborne.selenide.impl.StaticDriver.getAndCheckWebDriver(StaticDriver.java:65)\n\tat com.codeborne.selenide.SelenideDriver.getAndCheckWebDriver(SelenideDriver.java:191)\n\tat com.codeborne.selenide.drivercommands.Navigator.lambda$navigateTo$0(Navigator.java:68)\n\tat com.codeborne.selenide.logevents.SelenideLogger.run(SelenideLogger.java:139)\n\tat com.codeborne.selenide.drivercommands.Navigator.navigateTo(Navigator.java:66)\n\tat com.codeborne.selenide.drivercommands.Navigator.open(Navigator.java:38)\n\tat com.codeborne.selenide.SelenideDriver.open(SelenideDriver.java:94)\n\tat com.codeborne.selenide.SelenideDriver.open(SelenideDriver.java:124)\n\tat com.codeborne.selenide.SelenideDriver.open(SelenideDriver.java:109)\n\tat com.codeborne.selenide.Selenide.open(Selenide.java:147)\n\tat ru.antitreningi.tests.LoginTest.enterLogin(LoginTest.java:12)\n\tat ru.antitreningi.tests.LoginTest.invalidLoginAndPassword(LoginTest.java:30)\n\tat java.base/jdk.internal.reflect.NativeMethodAccessorImpl.invoke0(Native Method)\n\tat java.base/jdk.internal.reflect.NativeMethodAccessorImpl.invoke(NativeMethodAccessorImpl.java:62)\n\tat java.base/jdk.internal.reflect.DelegatingMethodAccessorImpl.invoke(DelegatingMethodAccessorImpl.java:43)\n\tat java.base/java.lang.reflect.Method.invoke(Method.java:566)\n\tat org.testng.internal.MethodInvocationHelper.invokeMethod(MethodInvocationHelper.java:133)\n\tat org.testng.internal.TestInvoker.invokeMethod(TestInvoker.java:598)\n\tat org.testng.internal.TestInvoker.invokeTestMethod(TestInvoker.java:173)\n\tat org.testng.internal.MethodRunner.runInSequence(MethodRunner.java:46)\n\tat org.testng.internal.TestInvoker$MethodInvocationAgent.invoke(TestInvoker.java:824)\n\tat org.testng.internal.TestInvoker.invokeTestMethods(TestInvoker.java:146)\n\tat org.testng.internal.TestMethodWorker.invokeTestMethods(TestMethodWorker.java:146)\n\tat org.testng.internal.TestMethodWorker.run(TestMethodWorker.java:128)\n\tat java.base/java.util.ArrayList.forEach(ArrayList.java:1541)\n\tat org.testng.TestRunner.privateRun(TestRunner.java:794)\n\tat org.testng.TestRunner.run(TestRunner.java:596)\n\tat org.testng.SuiteRunner.runTest(SuiteRunner.java:377)\n\tat org.testng.SuiteRunner.runSequentially(SuiteRunner.java:371)\n\tat org.testng.SuiteRunner.privateRun(SuiteRunner.java:332)\n\tat org.testng.SuiteRunner.run(SuiteRunner.java:276)\n\tat org.testng.SuiteRunnerWorker.runSuite(SuiteRunnerWorker.java:53)\n\tat org.testng.SuiteRunnerWorker.run(SuiteRunnerWorker.java:96)\n\tat org.testng.TestNG.runSuitesSequentially(TestNG.java:1212)\n\tat org.testng.TestNG.runSuitesLocally(TestNG.java:1134)\n\tat org.testng.TestNG.runSuites(TestNG.java:1063)\n\tat org.testng.TestNG.run(TestNG.java:1031)\n\tat org.apache.maven.surefire.testng.TestNGExecutor.run(TestNGExecutor.java:283)\n\tat org.apache.maven.surefire.testng.TestNGXmlTestSuite.execute(TestNGXmlTestSuite.java:75)\n\tat org.apache.maven.surefire.testng.TestNGProvider.invoke(TestNGProvider.java:120)\n\tat org.apache.maven.surefire.booter.ForkedBooter.invokeProviderInSameClassLoader(ForkedBooter.java:384)\n\tat org.apache.maven.surefire.booter.ForkedBooter.runSuitesInProcess(ForkedBooter.java:345)\n\tat org.apache.maven.surefire.booter.ForkedBooter.execute(ForkedBooter.java:126)\n\tat org.apache.maven.surefire.booter.ForkedBooter.main(ForkedBooter.java:418)\n",
    "steps" : [ {
      "name" : "$(\"open\") https://antitreningi.ru",
      "time" : {
        "start" : 1627236181285,
        "stop" : 1627236213275,
        "duration" : 31990
      },
      "status" : "broken",
      "statusMessage" : "New session attempts retry count exceeded (WARNING: The server did not provide any stacktrace information)\nCommand duration or timeout: 31.22 seconds\nBuild info: version: '3.141.59', revision: 'e82be7d358', time: '2018-11-14T08:17:03'\nSystem info: host: 'fv-az77-774', ip: '10.1.0.7', os.name: 'Linux', os.arch: 'amd64', os.version: '5.8.0-1036-azure', java.version: '11.0.11'\nselenide.remote: http://localhost:4444/wd/hub\nDriver info: driver.version: SelenideDriver\nselenide.url: https://antitreningi.ru\nselenide.baseUrl: https://antitreningi.ru",
      "statusTrace" : "org.openqa.selenium.WebDriverException: New session attempts retry count exceeded (WARNING: The server did not provide any stacktrace information)\nCommand duration or timeout: 31.22 seconds\nBuild info: version: '3.141.59', revision: 'e82be7d358', time: '2018-11-14T08:17:03'\nSystem info: host: 'fv-az77-774', ip: '10.1.0.7', os.name: 'Linux', os.arch: 'amd64', os.version: '5.8.0-1036-azure', java.version: '11.0.11'\nselenide.remote: http://localhost:4444/wd/hub\nDriver info: driver.version: SelenideDriver\nselenide.url: https://antitreningi.ru\nselenide.baseUrl: https://antitreningi.ru\n\tat java.base/jdk.internal.reflect.NativeConstructorAccessorImpl.newInstance0(Native Method)\n\tat java.base/jdk.internal.reflect.NativeConstructorAccessorImpl.newInstance(NativeConstructorAccessorImpl.java:62)\n\tat java.base/jdk.internal.reflect.DelegatingConstructorAccessorImpl.newInstance(DelegatingConstructorAccessorImpl.java:45)\n\tat java.base/java.lang.reflect.Constructor.newInstance(Constructor.java:490)\n\tat org.openqa.selenium.remote.ErrorHandler.createThrowable(ErrorHandler.java:214)\n\tat org.openqa.selenium.remote.ErrorHandler.throwIfResponseFailed(ErrorHandler.java:166)\n\tat org.openqa.selenium.remote.JsonWireProtocolResponse.lambda$errorHandler$0(JsonWireProtocolResponse.java:54)\n\tat org.openqa.selenium.remote.HandshakeResponse.lambda$getResponseFunction$0(HandshakeResponse.java:30)\n\tat org.openqa.selenium.remote.ProtocolHandshake.lambda$createSession$0(ProtocolHandshake.java:126)\n\tat java.base/java.util.stream.ReferencePipeline$3$1.accept(ReferencePipeline.java:195)\n\tat java.base/java.util.Spliterators$ArraySpliterator.tryAdvance(Spliterators.java:958)\n\tat java.base/java.util.stream.ReferencePipeline.forEachWithCancel(ReferencePipeline.java:127)\n\tat java.base/java.util.stream.AbstractPipeline.copyIntoWithCancel(AbstractPipeline.java:502)\n\tat java.base/java.util.stream.AbstractPipeline.copyInto(AbstractPipeline.java:488)\n\tat java.base/java.util.stream.AbstractPipeline.wrapAndCopyInto(AbstractPipeline.java:474)\n\tat java.base/java.util.stream.FindOps$FindOp.evaluateSequential(FindOps.java:150)\n\tat java.base/java.util.stream.AbstractPipeline.evaluate(AbstractPipeline.java:234)\n\tat java.base/java.util.stream.ReferencePipeline.findFirst(ReferencePipeline.java:543)\n\tat org.openqa.selenium.remote.ProtocolHandshake.createSession(ProtocolHandshake.java:128)\n\tat org.openqa.selenium.remote.ProtocolHandshake.createSession(ProtocolHandshake.java:74)\n\tat org.openqa.selenium.remote.HttpCommandExecutor.execute(HttpCommandExecutor.java:136)\n\tat org.openqa.selenium.remote.RemoteWebDriver.execute(RemoteWebDriver.java:552)\n\tat org.openqa.selenium.remote.RemoteWebDriver.startSession(RemoteWebDriver.java:213)\n\tat org.openqa.selenium.remote.RemoteWebDriver.<init>(RemoteWebDriver.java:131)\n\tat org.openqa.selenium.remote.RemoteWebDriver.<init>(RemoteWebDriver.java:144)\n\tat com.codeborne.selenide.webdriver.RemoteDriverFactory.create(RemoteDriverFactory.java:17)\n\tat com.codeborne.selenide.webdriver.WebDriverFactory.createWebDriverInstance(WebDriverFactory.java:104)\n\tat com.codeborne.selenide.webdriver.WebDriverFactory.createWebDriver(WebDriverFactory.java:71)\n\tat com.codeborne.selenide.drivercommands.CreateDriverCommand.createDriver(CreateDriverCommand.java:68)\n\tat com.codeborne.selenide.impl.WebDriverThreadLocalContainer.createDriver(WebDriverThreadLocalContainer.java:153)\n\tat com.codeborne.selenide.impl.WebDriverThreadLocalContainer.getAndCheckWebDriver(WebDriverThreadLocalContainer.java:139)\n\tat com.codeborne.selenide.WebDriverRunner.getAndCheckWebDriver(WebDriverRunner.java:105)\n\tat com.codeborne.selenide.impl.StaticDriver.getAndCheckWebDriver(StaticDriver.java:65)\n\tat com.codeborne.selenide.SelenideDriver.getAndCheckWebDriver(SelenideDriver.java:191)\n\tat com.codeborne.selenide.drivercommands.Navigator.lambda$navigateTo$0(Navigator.java:68)\n\tat com.codeborne.selenide.logevents.SelenideLogger.run(SelenideLogger.java:139)\n\tat com.codeborne.selenide.drivercommands.Navigator.navigateTo(Navigator.java:66)\n\tat com.codeborne.selenide.drivercommands.Navigator.open(Navigator.java:38)\n\tat com.codeborne.selenide.SelenideDriver.open(SelenideDriver.java:94)\n\tat com.codeborne.selenide.SelenideDriver.open(SelenideDriver.java:124)\n\tat com.codeborne.selenide.SelenideDriver.open(SelenideDriver.java:109)\n\tat com.codeborne.selenide.Selenide.open(Selenide.java:147)\n\tat ru.antitreningi.tests.LoginTest.enterLogin(LoginTest.java:12)\n\tat ru.antitreningi.tests.LoginTest.invalidLoginAndPassword(LoginTest.java:30)\n\tat java.base/jdk.internal.reflect.NativeMethodAccessorImpl.invoke0(Native Method)\n\tat java.base/jdk.internal.reflect.NativeMethodAccessorImpl.invoke(NativeMethodAccessorImpl.java:62)\n\tat java.base/jdk.internal.reflect.DelegatingMethodAccessorImpl.invoke(DelegatingMethodAccessorImpl.java:43)\n\tat java.base/java.lang.reflect.Method.invoke(Method.java:566)\n\tat org.testng.internal.MethodInvocationHelper.invokeMethod(MethodInvocationHelper.java:133)\n\tat org.testng.internal.TestInvoker.invokeMethod(TestInvoker.java:598)\n\tat org.testng.internal.TestInvoker.invokeTestMethod(TestInvoker.java:173)\n\tat org.testng.internal.MethodRunner.runInSequence(MethodRunner.java:46)\n\tat org.testng.internal.TestInvoker$MethodInvocationAgent.invoke(TestInvoker.java:824)\n\tat org.testng.internal.TestInvoker.invokeTestMethods(TestInvoker.java:146)\n\tat org.testng.internal.TestMethodWorker.invokeTestMethods(TestMethodWorker.java:146)\n\tat org.testng.internal.TestMethodWorker.run(TestMethodWorker.java:128)\n\tat java.base/java.util.ArrayList.forEach(ArrayList.java:1541)\n\tat org.testng.TestRunner.privateRun(TestRunner.java:794)\n\tat org.testng.TestRunner.run(TestRunner.java:596)\n\tat org.testng.SuiteRunner.runTest(SuiteRunner.java:377)\n\tat org.testng.SuiteRunner.runSequentially(SuiteRunner.java:371)\n\tat org.testng.SuiteRunner.privateRun(SuiteRunner.java:332)\n\tat org.testng.SuiteRunner.run(SuiteRunner.java:276)\n\tat org.testng.SuiteRunnerWorker.runSuite(SuiteRunnerWorker.java:53)\n\tat org.testng.SuiteRunnerWorker.run(SuiteRunnerWorker.java:96)\n\tat org.testng.TestNG.runSuitesSequentially(TestNG.java:1212)\n\tat org.testng.TestNG.runSuitesLocally(TestNG.java:1134)\n\tat org.testng.TestNG.runSuites(TestNG.java:1063)\n\tat org.testng.TestNG.run(TestNG.java:1031)\n\tat org.apache.maven.surefire.testng.TestNGExecutor.run(TestNGExecutor.java:283)\n\tat org.apache.maven.surefire.testng.TestNGXmlTestSuite.execute(TestNGXmlTestSuite.java:75)\n\tat org.apache.maven.surefire.testng.TestNGProvider.invoke(TestNGProvider.java:120)\n\tat org.apache.maven.surefire.booter.ForkedBooter.invokeProviderInSameClassLoader(ForkedBooter.java:384)\n\tat org.apache.maven.surefire.booter.ForkedBooter.runSuitesInProcess(ForkedBooter.java:345)\n\tat org.apache.maven.surefire.booter.ForkedBooter.execute(ForkedBooter.java:126)\n\tat org.apache.maven.surefire.booter.ForkedBooter.main(ForkedBooter.java:418)\n",
      "steps" : [ ],
      "attachments" : [ ],
      "parameters" : [ ],
      "stepsCount" : 0,
      "attachmentsCount" : 0,
      "shouldDisplayMessage" : true,
      "hasContent" : true
    } ],
    "attachments" : [ ],
    "parameters" : [ ],
    "stepsCount" : 1,
    "attachmentsCount" : 0,
    "shouldDisplayMessage" : false,
    "hasContent" : true
  },
  "afterStages" : [ ],
  "labels" : [ {
    "name" : "package",
    "value" : "ru.antitreningi.tests.LoginTest"
  }, {
    "name" : "testClass",
    "value" : "ru.antitreningi.tests.LoginTest"
  }, {
    "name" : "testMethod",
    "value" : "invalidLoginAndPassword"
  }, {
    "name" : "parentSuite",
    "value" : "Antitreningi"
  }, {
    "name" : "suite",
    "value" : "Check login."
  }, {
    "name" : "subSuite",
    "value" : "ru.antitreningi.tests.LoginTest"
  }, {
    "name" : "host",
    "value" : "fv-az77-774"
  }, {
    "name" : "thread",
    "value" : "3373@fv-az77-774.main(1)"
  }, {
    "name" : "framework",
    "value" : "testng"
  }, {
    "name" : "language",
    "value" : "java"
  }, {
    "name" : "resultFormat",
    "value" : "allure2"
  } ],
  "parameters" : [ ],
  "links" : [ ],
  "hidden" : false,
  "retry" : false,
  "extra" : {
    "severity" : "normal",
    "retries" : [ ],
    "categories" : [ {
      "name" : "Test defects",
      "matchedStatuses" : [ ],
      "flaky" : false
    } ],
    "history" : {
      "statistic" : {
        "failed" : 36,
        "broken" : 2,
        "skipped" : 0,
        "passed" : 72,
        "unknown" : 0,
        "total" : 110
      },
      "items" : [ {
        "uid" : "14caf97c031b88da",
        "reportUrl" : "https://PressF5.github.io/Antitrening/123//#testresult/14caf97c031b88da",
        "status" : "broken",
        "statusDetails" : "New session attempts retry count exceeded (WARNING: The server did not provide any stacktrace information)\nCommand duration or timeout: 31.26 seconds\nBuild info: version: '3.141.59', revision: 'e82be7d358', time: '2018-11-14T08:17:03'\nSystem info: host: 'fv-az83-442', ip: '10.1.0.40', os.name: 'Linux', os.arch: 'amd64', os.version: '5.8.0-1036-azure', java.version: '11.0.11'\nselenide.remote: http://localhost:4444/wd/hub\nDriver info: driver.version: SelenideDriver\nselenide.url: https://antitreningi.ru\nselenide.baseUrl: https://antitreningi.ru",
        "time" : {
          "start" : 1627149770877,
          "stop" : 1627149802952,
          "duration" : 32075
        }
      }, {
        "uid" : "5f1ae75a864d289c",
        "reportUrl" : "https://PressF5.github.io/Antitrening/122//#testresult/5f1ae75a864d289c",
        "status" : "passed",
        "time" : {
          "start" : 1627063394730,
          "stop" : 1627063403820,
          "duration" : 9090
        }
      }, {
        "uid" : "d8c0173b9adfed7",
        "reportUrl" : "https://PressF5.github.io/Antitrening/121//#testresult/d8c0173b9adfed7",
        "status" : "passed",
        "time" : {
          "start" : 1626976989145,
          "stop" : 1626976997054,
          "duration" : 7909
        }
      }, {
        "uid" : "2344181377be8503",
        "reportUrl" : "https://PressF5.github.io/Antitrening/120//#testresult/2344181377be8503",
        "status" : "failed",
        "statusDetails" : "Element not found {By.xpath: //span[@class='sc-hBURRC eRJZMx']}\nExpected: text 'Wrong password'\nScreenshot: file:/home/runner/work/Antitrening/Antitrening/build/reports/tests/1626890581997.0.png\nPage source: file:/home/runner/work/Antitrening/Antitrening/build/reports/tests/1626890581997.0.html\nTimeout: 4 s.\nCaused by: NoSuchElementException: no such element: Unable to locate element: {\"method\":\"xpath\",\"selector\":\"//span[@class='sc-hBURRC eRJZMx']\"}",
        "time" : {
          "start" : 1626890569654,
          "stop" : 1626890582481,
          "duration" : 12827
        }
      }, {
        "uid" : "32255274fee21ffd",
        "reportUrl" : "https://PressF5.github.io/Antitrening/119//#testresult/32255274fee21ffd",
        "status" : "failed",
        "statusDetails" : "Element not found {By.xpath: //span[@class='sc-hBURRC eRJZMx']}\nExpected: text 'Wrong password'\nScreenshot: file:/home/runner/work/Antitrening/Antitrening/build/reports/tests/1626804195468.0.png\nPage source: file:/home/runner/work/Antitrening/Antitrening/build/reports/tests/1626804195468.0.html\nTimeout: 4 s.\nCaused by: NoSuchElementException: no such element: Unable to locate element: {\"method\":\"xpath\",\"selector\":\"//span[@class='sc-hBURRC eRJZMx']\"}",
        "time" : {
          "start" : 1626804183338,
          "stop" : 1626804195950,
          "duration" : 12612
        }
      }, {
        "uid" : "6a29105a3a3448e2",
        "reportUrl" : "https://PressF5.github.io/Antitrening/118//#testresult/6a29105a3a3448e2",
        "status" : "failed",
        "statusDetails" : "Element should have text 'Wrong password' {By.xpath: //span[@class='sc-hBURRC eRJZMx']}\nElement: '<span class=\"sc-hBURRC eRJZMx\">Incorrect E-mail</span>'\nScreenshot: file:/home/runner/work/Antitrening/Antitrening/build/reports/tests/1626717788359.0.png\nPage source: file:/home/runner/work/Antitrening/Antitrening/build/reports/tests/1626717788359.0.html\nTimeout: 4 s.",
        "time" : {
          "start" : 1626717773434,
          "stop" : 1626717788745,
          "duration" : 15311
        }
      }, {
        "uid" : "de0387a421e9f59c",
        "reportUrl" : "https://PressF5.github.io/Antitrening/117//#testresult/de0387a421e9f59c",
        "status" : "failed",
        "statusDetails" : "Element not found {By.xpath: //span[@class='sc-hBURRC eRJZMx']}\nExpected: text 'Wrong password'\nScreenshot: file:/home/runner/work/Antitrening/Antitrening/build/reports/tests/1626631394112.0.png\nPage source: file:/home/runner/work/Antitrening/Antitrening/build/reports/tests/1626631394112.0.html\nTimeout: 4 s.\nCaused by: NoSuchElementException: no such element: Unable to locate element: {\"method\":\"xpath\",\"selector\":\"//span[@class='sc-hBURRC eRJZMx']\"}",
        "time" : {
          "start" : 1626631382393,
          "stop" : 1626631394594,
          "duration" : 12201
        }
      }, {
        "uid" : "4f08a394d1130931",
        "reportUrl" : "https://PressF5.github.io/Antitrening/116//#testresult/4f08a394d1130931",
        "status" : "passed",
        "time" : {
          "start" : 1626544974047,
          "stop" : 1626544982566,
          "duration" : 8519
        }
      }, {
        "uid" : "6b4d19d5277edc49",
        "reportUrl" : "https://PressF5.github.io/Antitrening/115//#testresult/6b4d19d5277edc49",
        "status" : "passed",
        "time" : {
          "start" : 1626458573551,
          "stop" : 1626458582654,
          "duration" : 9103
        }
      }, {
        "uid" : "be3d34fe80ba2ea8",
        "reportUrl" : "https://PressF5.github.io/Antitrening/114//#testresult/be3d34fe80ba2ea8",
        "status" : "failed",
        "statusDetails" : "Element not found {By.xpath: //span[@class='sc-hBURRC eRJZMx']}\nExpected: text 'Wrong password'\nScreenshot: file:/home/runner/work/Antitrening/Antitrening/build/reports/tests/1626372193682.0.png\nPage source: file:/home/runner/work/Antitrening/Antitrening/build/reports/tests/1626372193682.0.html\nTimeout: 4 s.\nCaused by: NoSuchElementException: no such element: Unable to locate element: {\"method\":\"xpath\",\"selector\":\"//span[@class='sc-hBURRC eRJZMx']\"}",
        "time" : {
          "start" : 1626372178468,
          "stop" : 1626372194062,
          "duration" : 15594
        }
      }, {
        "uid" : "7e65b391c76e0c31",
        "reportUrl" : "https://PressF5.github.io/Antitrening/113//#testresult/7e65b391c76e0c31",
        "status" : "failed",
        "statusDetails" : "Element not found {By.xpath: //span[@class='sc-hBURRC eRJZMx']}\nExpected: text 'Wrong password'\nScreenshot: file:/home/runner/work/Antitrening/Antitrening/build/reports/tests/1626285784966.0.png\nPage source: file:/home/runner/work/Antitrening/Antitrening/build/reports/tests/1626285784966.0.html\nTimeout: 4 s.\nCaused by: NoSuchElementException: no such element: Unable to locate element: {\"method\":\"xpath\",\"selector\":\"//span[@class='sc-hBURRC eRJZMx']\"}",
        "time" : {
          "start" : 1626285773866,
          "stop" : 1626285785298,
          "duration" : 11432
        }
      }, {
        "uid" : "c600fea13c066f5b",
        "reportUrl" : "https://PressF5.github.io/Antitrening/112//#testresult/c600fea13c066f5b",
        "status" : "failed",
        "statusDetails" : "Element not found {By.xpath: //span[@class='sc-hBURRC eRJZMx']}\nExpected: text 'Wrong password'\nScreenshot: file:/home/runner/work/Antitrening/Antitrening/build/reports/tests/1626199375848.0.png\nPage source: file:/home/runner/work/Antitrening/Antitrening/build/reports/tests/1626199375848.0.html\nTimeout: 4 s.\nCaused by: NoSuchElementException: no such element: Unable to locate element: {\"method\":\"xpath\",\"selector\":\"//span[@class='sc-hBURRC eRJZMx']\"}",
        "time" : {
          "start" : 1626199365450,
          "stop" : 1626199376237,
          "duration" : 10787
        }
      }, {
        "uid" : "faeaa5d900e2770b",
        "reportUrl" : "https://PressF5.github.io/Antitrening/111//#testresult/faeaa5d900e2770b",
        "status" : "failed",
        "statusDetails" : "Element not found {By.xpath: //span[@class='sc-hBURRC eRJZMx']}\nExpected: text 'Wrong password'\nScreenshot: file:/home/runner/work/Antitrening/Antitrening/build/reports/tests/1626112997169.0.png\nPage source: file:/home/runner/work/Antitrening/Antitrening/build/reports/tests/1626112997169.0.html\nTimeout: 4 s.\nCaused by: NoSuchElementException: no such element: Unable to locate element: {\"method\":\"xpath\",\"selector\":\"//span[@class='sc-hBURRC eRJZMx']\"}",
        "time" : {
          "start" : 1626112986188,
          "stop" : 1626112997580,
          "duration" : 11392
        }
      }, {
        "uid" : "34d899443f9e0d64",
        "reportUrl" : "https://PressF5.github.io/Antitrening/110//#testresult/34d899443f9e0d64",
        "status" : "passed",
        "time" : {
          "start" : 1626026581562,
          "stop" : 1626026590634,
          "duration" : 9072
        }
      }, {
        "uid" : "2d08ef876f18d1e4",
        "reportUrl" : "https://PressF5.github.io/Antitrening/109//#testresult/2d08ef876f18d1e4",
        "status" : "failed",
        "statusDetails" : "Element not found {By.xpath: //span[@class='sc-hBURRC eRJZMx']}\nExpected: text 'Wrong password'\nScreenshot: file:/home/runner/work/Antitrening/Antitrening/build/reports/tests/1625940186473.0.png\nPage source: file:/home/runner/work/Antitrening/Antitrening/build/reports/tests/1625940186473.0.html\nTimeout: 4 s.\nCaused by: NoSuchElementException: no such element: Unable to locate element: {\"method\":\"xpath\",\"selector\":\"//span[@class='sc-hBURRC eRJZMx']\"}",
        "time" : {
          "start" : 1625940175654,
          "stop" : 1625940186850,
          "duration" : 11196
        }
      }, {
        "uid" : "9ff59bcec86899e3",
        "reportUrl" : "https://PressF5.github.io/Antitrening/108//#testresult/9ff59bcec86899e3",
        "status" : "failed",
        "statusDetails" : "Element not found {By.xpath: //span[@class='sc-hBURRC eRJZMx']}\nExpected: text 'Wrong password'\nScreenshot: file:/home/runner/work/Antitrening/Antitrening/build/reports/tests/1625853801979.0.png\nPage source: file:/home/runner/work/Antitrening/Antitrening/build/reports/tests/1625853801979.0.html\nTimeout: 4 s.\nCaused by: NoSuchElementException: no such element: Unable to locate element: {\"method\":\"xpath\",\"selector\":\"//span[@class='sc-hBURRC eRJZMx']\"}",
        "time" : {
          "start" : 1625853790591,
          "stop" : 1625853802391,
          "duration" : 11800
        }
      }, {
        "uid" : "197e81a8a572c730",
        "reportUrl" : "https://PressF5.github.io/Antitrening/107//#testresult/197e81a8a572c730",
        "status" : "failed",
        "statusDetails" : "Element not found {By.xpath: //span[@class='sc-hBURRC eRJZMx']}\nExpected: text 'Wrong password'\nScreenshot: file:/home/runner/work/Antitrening/Antitrening/build/reports/tests/1625767385238.0.png\nPage source: file:/home/runner/work/Antitrening/Antitrening/build/reports/tests/1625767385238.0.html\nTimeout: 4 s.\nCaused by: NoSuchElementException: no such element: Unable to locate element: {\"method\":\"xpath\",\"selector\":\"//span[@class='sc-hBURRC eRJZMx']\"}",
        "time" : {
          "start" : 1625767374153,
          "stop" : 1625767385653,
          "duration" : 11500
        }
      }, {
        "uid" : "86c2dbad71bbe275",
        "reportUrl" : "https://PressF5.github.io/Antitrening/106//#testresult/86c2dbad71bbe275",
        "status" : "failed",
        "statusDetails" : "Element not found {By.xpath: //span[@class='sc-hBURRC eRJZMx']}\nExpected: text 'Wrong password'\nScreenshot: file:/home/runner/work/Antitrening/Antitrening/build/reports/tests/1625680990227.0.png\nPage source: file:/home/runner/work/Antitrening/Antitrening/build/reports/tests/1625680990227.0.html\nTimeout: 4 s.\nCaused by: NoSuchElementException: no such element: Unable to locate element: {\"method\":\"xpath\",\"selector\":\"//span[@class='sc-hBURRC eRJZMx']\"}",
        "time" : {
          "start" : 1625680978776,
          "stop" : 1625680990707,
          "duration" : 11931
        }
      }, {
        "uid" : "f9cc44218425f6cc",
        "reportUrl" : "https://PressF5.github.io/Antitrening/105//#testresult/f9cc44218425f6cc",
        "status" : "failed",
        "statusDetails" : "Element not found {By.xpath: //span[@class='sc-hBURRC eRJZMx']}\nExpected: text 'Wrong password'\nScreenshot: file:/home/runner/work/Antitrening/Antitrening/build/reports/tests/1625594587444.0.png\nPage source: file:/home/runner/work/Antitrening/Antitrening/build/reports/tests/1625594587444.0.html\nTimeout: 4 s.\nCaused by: NoSuchElementException: no such element: Unable to locate element: {\"method\":\"xpath\",\"selector\":\"//span[@class='sc-hBURRC eRJZMx']\"}",
        "time" : {
          "start" : 1625594575565,
          "stop" : 1625594587974,
          "duration" : 12409
        }
      }, {
        "uid" : "7e09fe46291fe51",
        "reportUrl" : "https://PressF5.github.io/Antitrening/104//#testresult/7e09fe46291fe51",
        "status" : "failed",
        "statusDetails" : "Element not found {By.xpath: //span[@class='sc-hBURRC eRJZMx']}\nExpected: text 'Wrong password'\nScreenshot: file:/home/runner/work/Antitrening/Antitrening/build/reports/tests/1625508183410.0.png\nPage source: file:/home/runner/work/Antitrening/Antitrening/build/reports/tests/1625508183410.0.html\nTimeout: 4 s.\nCaused by: NoSuchElementException: no such element: Unable to locate element: {\"method\":\"xpath\",\"selector\":\"//span[@class='sc-hBURRC eRJZMx']\"}",
        "time" : {
          "start" : 1625508172668,
          "stop" : 1625508183825,
          "duration" : 11157
        }
      } ]
    },
    "tags" : [ ]
  },
  "source" : "6b5775a01326e7e0.json",
  "parameterValues" : [ ]
}