{
  "uid" : "9e13f0678caeb0de",
  "name" : "invalidLoginAndPassword",
  "fullName" : "ru.antitreningi.tests.LoginTest.invalidLoginAndPassword",
  "historyId" : "5084067bef816aa7582679f0a063488b",
  "time" : {
    "start" : 1624989778506,
    "stop" : 1624989792058,
    "duration" : 13552
  },
  "status" : "failed",
  "statusMessage" : "Element not found {By.xpath: //span[@class='sc-hBURRC eRJZMx']}\nExpected: text 'Wrong password'\nScreenshot: file:/home/runner/work/Antitrening/Antitrening/build/reports/tests/1624989791593.0.png\nPage source: file:/home/runner/work/Antitrening/Antitrening/build/reports/tests/1624989791593.0.html\nTimeout: 4 s.\nCaused by: NoSuchElementException: no such element: Unable to locate element: {\"method\":\"xpath\",\"selector\":\"//span[@class='sc-hBURRC eRJZMx']\"}",
  "statusTrace" : "Element not found {By.xpath: //span[@class='sc-hBURRC eRJZMx']}\nExpected: text 'Wrong password'\nScreenshot: file:/home/runner/work/Antitrening/Antitrening/build/reports/tests/1624989791593.0.png\nPage source: file:/home/runner/work/Antitrening/Antitrening/build/reports/tests/1624989791593.0.html\nTimeout: 4 s.\nCaused by: NoSuchElementException: no such element: Unable to locate element: {\"method\":\"xpath\",\"selector\":\"//span[@class='sc-hBURRC eRJZMx']\"}\n\tat com.codeborne.selenide.impl.WebElementSource.createElementNotFoundError(WebElementSource.java:83)\n\tat com.codeborne.selenide.impl.ElementFinder.createElementNotFoundError(ElementFinder.java:130)\n\tat com.codeborne.selenide.impl.WebElementSource.checkCondition(WebElementSource.java:114)\n\tat com.codeborne.selenide.commands.Should.execute(Should.java:30)\n\tat com.codeborne.selenide.commands.Should.execute(Should.java:14)\n\tat com.codeborne.selenide.commands.Commands.execute(Commands.java:155)\n\tat com.codeborne.selenide.impl.SelenideElementProxy.dispatchAndRetry(SelenideElementProxy.java:133)\n\tat com.codeborne.selenide.impl.SelenideElementProxy.invoke(SelenideElementProxy.java:85)\n\tat com.sun.proxy.$Proxy10.shouldHave(Unknown Source)\n\tat ru.antitreningi.page.login.LoginPage.checkLoginOrPasswordError(LoginPage.java:36)\n\tat ru.antitreningi.tests.LoginTest.invalidLoginAndPassword(LoginTest.java:36)\n\tat java.base/jdk.internal.reflect.NativeMethodAccessorImpl.invoke0(Native Method)\n\tat java.base/jdk.internal.reflect.NativeMethodAccessorImpl.invoke(NativeMethodAccessorImpl.java:62)\n\tat java.base/jdk.internal.reflect.DelegatingMethodAccessorImpl.invoke(DelegatingMethodAccessorImpl.java:43)\n\tat java.base/java.lang.reflect.Method.invoke(Method.java:566)\n\tat org.testng.internal.MethodInvocationHelper.invokeMethod(MethodInvocationHelper.java:133)\n\tat org.testng.internal.TestInvoker.invokeMethod(TestInvoker.java:598)\n\tat org.testng.internal.TestInvoker.invokeTestMethod(TestInvoker.java:173)\n\tat org.testng.internal.MethodRunner.runInSequence(MethodRunner.java:46)\n\tat org.testng.internal.TestInvoker$MethodInvocationAgent.invoke(TestInvoker.java:824)\n\tat org.testng.internal.TestInvoker.invokeTestMethods(TestInvoker.java:146)\n\tat org.testng.internal.TestMethodWorker.invokeTestMethods(TestMethodWorker.java:146)\n\tat org.testng.internal.TestMethodWorker.run(TestMethodWorker.java:128)\n\tat java.base/java.util.ArrayList.forEach(ArrayList.java:1541)\n\tat org.testng.TestRunner.privateRun(TestRunner.java:794)\n\tat org.testng.TestRunner.run(TestRunner.java:596)\n\tat org.testng.SuiteRunner.runTest(SuiteRunner.java:377)\n\tat org.testng.SuiteRunner.runSequentially(SuiteRunner.java:371)\n\tat org.testng.SuiteRunner.privateRun(SuiteRunner.java:332)\n\tat org.testng.SuiteRunner.run(SuiteRunner.java:276)\n\tat org.testng.SuiteRunnerWorker.runSuite(SuiteRunnerWorker.java:53)\n\tat org.testng.SuiteRunnerWorker.run(SuiteRunnerWorker.java:96)\n\tat org.testng.TestNG.runSuitesSequentially(TestNG.java:1212)\n\tat org.testng.TestNG.runSuitesLocally(TestNG.java:1134)\n\tat org.testng.TestNG.runSuites(TestNG.java:1063)\n\tat org.testng.TestNG.run(TestNG.java:1031)\n\tat org.apache.maven.surefire.testng.TestNGExecutor.run(TestNGExecutor.java:283)\n\tat org.apache.maven.surefire.testng.TestNGXmlTestSuite.execute(TestNGXmlTestSuite.java:75)\n\tat org.apache.maven.surefire.testng.TestNGProvider.invoke(TestNGProvider.java:120)\n\tat org.apache.maven.surefire.booter.ForkedBooter.invokeProviderInSameClassLoader(ForkedBooter.java:384)\n\tat org.apache.maven.surefire.booter.ForkedBooter.runSuitesInProcess(ForkedBooter.java:345)\n\tat org.apache.maven.surefire.booter.ForkedBooter.execute(ForkedBooter.java:126)\n\tat org.apache.maven.surefire.booter.ForkedBooter.main(ForkedBooter.java:418)\nCaused by: org.openqa.selenium.NoSuchElementException: no such element: Unable to locate element: {\"method\":\"xpath\",\"selector\":\"//span[@class='sc-hBURRC eRJZMx']\"}\n  (Session info: chrome=91.0.4472.106)\nFor documentation on this error, please visit: https://www.seleniumhq.org/exceptions/no_such_element.html\nBuild info: version: '3.141.59', revision: 'e82be7d358', time: '2018-11-14T08:17:03'\nSystem info: host: 'fv-az83-748', ip: '10.1.0.32', os.name: 'Linux', os.arch: 'amd64', os.version: '5.8.0-1033-azure', java.version: '11.0.11'\nDriver info: org.openqa.selenium.remote.RemoteWebDriver\nCapabilities {acceptInsecureCerts: true, browserName: chrome, browserVersion: 91.0.4472.106, chrome: {chromedriverVersion: 91.0.4472.101 (af52a90bf870..., userDataDir: /tmp/.com.google.Chrome.NFXCwX}, goog:chromeOptions: {debuggerAddress: localhost:40317}, javascriptEnabled: true, networkConnectionEnabled: false, pageLoadStrategy: normal, platform: LINUX, platformName: LINUX, proxy: Proxy(), setWindowRect: true, strictFileInteractability: false, timeouts: {implicit: 0, pageLoad: 300000, script: 30000}, unhandledPromptBehavior: dismiss and notify, webauthn:extension:largeBlob: true, webauthn:virtualAuthenticators: true}\nSession ID: 41c6a39d3165d72f8448f41df7db0b75\n*** Element info: {Using=xpath, value=//span[@class='sc-hBURRC eRJZMx']}\n\tat jdk.internal.reflect.GeneratedConstructorAccessor7.newInstance(Unknown Source)\n\tat java.base/jdk.internal.reflect.DelegatingConstructorAccessorImpl.newInstance(DelegatingConstructorAccessorImpl.java:45)\n\tat java.base/java.lang.reflect.Constructor.newInstance(Constructor.java:490)\n\tat org.openqa.selenium.remote.http.W3CHttpResponseCodec.createException(W3CHttpResponseCodec.java:187)\n\tat org.openqa.selenium.remote.http.W3CHttpResponseCodec.decode(W3CHttpResponseCodec.java:122)\n\tat org.openqa.selenium.remote.http.W3CHttpResponseCodec.decode(W3CHttpResponseCodec.java:49)\n\tat org.openqa.selenium.remote.HttpCommandExecutor.execute(HttpCommandExecutor.java:158)\n\tat org.openqa.selenium.remote.RemoteWebDriver.execute(RemoteWebDriver.java:552)\n\tat org.openqa.selenium.remote.RemoteWebDriver.findElement(RemoteWebDriver.java:323)\n\tat org.openqa.selenium.remote.RemoteWebDriver.findElementByXPath(RemoteWebDriver.java:428)\n\tat org.openqa.selenium.By$ByXPath.findElement(By.java:353)\n\tat org.openqa.selenium.remote.RemoteWebDriver.findElement(RemoteWebDriver.java:315)\n\tat com.codeborne.selenide.impl.WebElementSelector.findElement(WebElementSelector.java:59)\n\tat com.codeborne.selenide.impl.WebElementSelector.findElement(WebElementSelector.java:34)\n\tat com.codeborne.selenide.impl.ElementFinder.getWebElement(ElementFinder.java:103)\n\tat com.codeborne.selenide.impl.WebElementSource.checkCondition(WebElementSource.java:99)\n\t... 40 more\n",
  "flaky" : true,
  "newFailed" : true,
  "beforeStages" : [ {
    "name" : "setUp",
    "time" : {
      "start" : 1624989778366,
      "stop" : 1624989778419,
      "duration" : 53
    },
    "description" : "",
    "status" : "passed",
    "steps" : [ ],
    "attachments" : [ ],
    "parameters" : [ ],
    "stepsCount" : 0,
    "attachmentsCount" : 0,
    "shouldDisplayMessage" : false,
    "hasContent" : false
  } ],
  "testStage" : {
    "status" : "failed",
    "statusMessage" : "Element not found {By.xpath: //span[@class='sc-hBURRC eRJZMx']}\nExpected: text 'Wrong password'\nScreenshot: file:/home/runner/work/Antitrening/Antitrening/build/reports/tests/1624989791593.0.png\nPage source: file:/home/runner/work/Antitrening/Antitrening/build/reports/tests/1624989791593.0.html\nTimeout: 4 s.\nCaused by: NoSuchElementException: no such element: Unable to locate element: {\"method\":\"xpath\",\"selector\":\"//span[@class='sc-hBURRC eRJZMx']\"}",
    "statusTrace" : "Element not found {By.xpath: //span[@class='sc-hBURRC eRJZMx']}\nExpected: text 'Wrong password'\nScreenshot: file:/home/runner/work/Antitrening/Antitrening/build/reports/tests/1624989791593.0.png\nPage source: file:/home/runner/work/Antitrening/Antitrening/build/reports/tests/1624989791593.0.html\nTimeout: 4 s.\nCaused by: NoSuchElementException: no such element: Unable to locate element: {\"method\":\"xpath\",\"selector\":\"//span[@class='sc-hBURRC eRJZMx']\"}\n\tat com.codeborne.selenide.impl.WebElementSource.createElementNotFoundError(WebElementSource.java:83)\n\tat com.codeborne.selenide.impl.ElementFinder.createElementNotFoundError(ElementFinder.java:130)\n\tat com.codeborne.selenide.impl.WebElementSource.checkCondition(WebElementSource.java:114)\n\tat com.codeborne.selenide.commands.Should.execute(Should.java:30)\n\tat com.codeborne.selenide.commands.Should.execute(Should.java:14)\n\tat com.codeborne.selenide.commands.Commands.execute(Commands.java:155)\n\tat com.codeborne.selenide.impl.SelenideElementProxy.dispatchAndRetry(SelenideElementProxy.java:133)\n\tat com.codeborne.selenide.impl.SelenideElementProxy.invoke(SelenideElementProxy.java:85)\n\tat com.sun.proxy.$Proxy10.shouldHave(Unknown Source)\n\tat ru.antitreningi.page.login.LoginPage.checkLoginOrPasswordError(LoginPage.java:36)\n\tat ru.antitreningi.tests.LoginTest.invalidLoginAndPassword(LoginTest.java:36)\n\tat java.base/jdk.internal.reflect.NativeMethodAccessorImpl.invoke0(Native Method)\n\tat java.base/jdk.internal.reflect.NativeMethodAccessorImpl.invoke(NativeMethodAccessorImpl.java:62)\n\tat java.base/jdk.internal.reflect.DelegatingMethodAccessorImpl.invoke(DelegatingMethodAccessorImpl.java:43)\n\tat java.base/java.lang.reflect.Method.invoke(Method.java:566)\n\tat org.testng.internal.MethodInvocationHelper.invokeMethod(MethodInvocationHelper.java:133)\n\tat org.testng.internal.TestInvoker.invokeMethod(TestInvoker.java:598)\n\tat org.testng.internal.TestInvoker.invokeTestMethod(TestInvoker.java:173)\n\tat org.testng.internal.MethodRunner.runInSequence(MethodRunner.java:46)\n\tat org.testng.internal.TestInvoker$MethodInvocationAgent.invoke(TestInvoker.java:824)\n\tat org.testng.internal.TestInvoker.invokeTestMethods(TestInvoker.java:146)\n\tat org.testng.internal.TestMethodWorker.invokeTestMethods(TestMethodWorker.java:146)\n\tat org.testng.internal.TestMethodWorker.run(TestMethodWorker.java:128)\n\tat java.base/java.util.ArrayList.forEach(ArrayList.java:1541)\n\tat org.testng.TestRunner.privateRun(TestRunner.java:794)\n\tat org.testng.TestRunner.run(TestRunner.java:596)\n\tat org.testng.SuiteRunner.runTest(SuiteRunner.java:377)\n\tat org.testng.SuiteRunner.runSequentially(SuiteRunner.java:371)\n\tat org.testng.SuiteRunner.privateRun(SuiteRunner.java:332)\n\tat org.testng.SuiteRunner.run(SuiteRunner.java:276)\n\tat org.testng.SuiteRunnerWorker.runSuite(SuiteRunnerWorker.java:53)\n\tat org.testng.SuiteRunnerWorker.run(SuiteRunnerWorker.java:96)\n\tat org.testng.TestNG.runSuitesSequentially(TestNG.java:1212)\n\tat org.testng.TestNG.runSuitesLocally(TestNG.java:1134)\n\tat org.testng.TestNG.runSuites(TestNG.java:1063)\n\tat org.testng.TestNG.run(TestNG.java:1031)\n\tat org.apache.maven.surefire.testng.TestNGExecutor.run(TestNGExecutor.java:283)\n\tat org.apache.maven.surefire.testng.TestNGXmlTestSuite.execute(TestNGXmlTestSuite.java:75)\n\tat org.apache.maven.surefire.testng.TestNGProvider.invoke(TestNGProvider.java:120)\n\tat org.apache.maven.surefire.booter.ForkedBooter.invokeProviderInSameClassLoader(ForkedBooter.java:384)\n\tat org.apache.maven.surefire.booter.ForkedBooter.runSuitesInProcess(ForkedBooter.java:345)\n\tat org.apache.maven.surefire.booter.ForkedBooter.execute(ForkedBooter.java:126)\n\tat org.apache.maven.surefire.booter.ForkedBooter.main(ForkedBooter.java:418)\nCaused by: org.openqa.selenium.NoSuchElementException: no such element: Unable to locate element: {\"method\":\"xpath\",\"selector\":\"//span[@class='sc-hBURRC eRJZMx']\"}\n  (Session info: chrome=91.0.4472.106)\nFor documentation on this error, please visit: https://www.seleniumhq.org/exceptions/no_such_element.html\nBuild info: version: '3.141.59', revision: 'e82be7d358', time: '2018-11-14T08:17:03'\nSystem info: host: 'fv-az83-748', ip: '10.1.0.32', os.name: 'Linux', os.arch: 'amd64', os.version: '5.8.0-1033-azure', java.version: '11.0.11'\nDriver info: org.openqa.selenium.remote.RemoteWebDriver\nCapabilities {acceptInsecureCerts: true, browserName: chrome, browserVersion: 91.0.4472.106, chrome: {chromedriverVersion: 91.0.4472.101 (af52a90bf870..., userDataDir: /tmp/.com.google.Chrome.NFXCwX}, goog:chromeOptions: {debuggerAddress: localhost:40317}, javascriptEnabled: true, networkConnectionEnabled: false, pageLoadStrategy: normal, platform: LINUX, platformName: LINUX, proxy: Proxy(), setWindowRect: true, strictFileInteractability: false, timeouts: {implicit: 0, pageLoad: 300000, script: 30000}, unhandledPromptBehavior: dismiss and notify, webauthn:extension:largeBlob: true, webauthn:virtualAuthenticators: true}\nSession ID: 41c6a39d3165d72f8448f41df7db0b75\n*** Element info: {Using=xpath, value=//span[@class='sc-hBURRC eRJZMx']}\n\tat jdk.internal.reflect.GeneratedConstructorAccessor7.newInstance(Unknown Source)\n\tat java.base/jdk.internal.reflect.DelegatingConstructorAccessorImpl.newInstance(DelegatingConstructorAccessorImpl.java:45)\n\tat java.base/java.lang.reflect.Constructor.newInstance(Constructor.java:490)\n\tat org.openqa.selenium.remote.http.W3CHttpResponseCodec.createException(W3CHttpResponseCodec.java:187)\n\tat org.openqa.selenium.remote.http.W3CHttpResponseCodec.decode(W3CHttpResponseCodec.java:122)\n\tat org.openqa.selenium.remote.http.W3CHttpResponseCodec.decode(W3CHttpResponseCodec.java:49)\n\tat org.openqa.selenium.remote.HttpCommandExecutor.execute(HttpCommandExecutor.java:158)\n\tat org.openqa.selenium.remote.RemoteWebDriver.execute(RemoteWebDriver.java:552)\n\tat org.openqa.selenium.remote.RemoteWebDriver.findElement(RemoteWebDriver.java:323)\n\tat org.openqa.selenium.remote.RemoteWebDriver.findElementByXPath(RemoteWebDriver.java:428)\n\tat org.openqa.selenium.By$ByXPath.findElement(By.java:353)\n\tat org.openqa.selenium.remote.RemoteWebDriver.findElement(RemoteWebDriver.java:315)\n\tat com.codeborne.selenide.impl.WebElementSelector.findElement(WebElementSelector.java:59)\n\tat com.codeborne.selenide.impl.WebElementSelector.findElement(WebElementSelector.java:34)\n\tat com.codeborne.selenide.impl.ElementFinder.getWebElement(ElementFinder.java:103)\n\tat com.codeborne.selenide.impl.WebElementSource.checkCondition(WebElementSource.java:99)\n\t... 40 more\n",
    "steps" : [ {
      "name" : "$(\"open\") https://antitreningi.ru",
      "time" : {
        "start" : 1624989778566,
        "stop" : 1624989784927,
        "duration" : 6361
      },
      "status" : "passed",
      "steps" : [ ],
      "attachments" : [ ],
      "parameters" : [ ],
      "stepsCount" : 0,
      "attachmentsCount" : 0,
      "shouldDisplayMessage" : false,
      "hasContent" : false
    }, {
      "name" : "Проверка титула страницы.",
      "time" : {
        "start" : 1624989785024,
        "stop" : 1624989785097,
        "duration" : 73
      },
      "status" : "passed",
      "steps" : [ ],
      "attachments" : [ ],
      "parameters" : [ {
        "name" : "title",
        "value" : "АнтиТренинги - платформа для вашей онлайн-школы"
      } ],
      "stepsCount" : 0,
      "attachmentsCount" : 0,
      "shouldDisplayMessage" : false,
      "hasContent" : true
    }, {
      "name" : "Клик по кнопке.",
      "time" : {
        "start" : 1624989785097,
        "stop" : 1624989785755,
        "duration" : 658
      },
      "status" : "passed",
      "steps" : [ {
        "name" : "$(\"By.xpath: //button[@data-type='login']\") click()",
        "time" : {
          "start" : 1624989785177,
          "stop" : 1624989785755,
          "duration" : 578
        },
        "status" : "passed",
        "steps" : [ ],
        "attachments" : [ ],
        "parameters" : [ ],
        "stepsCount" : 0,
        "attachmentsCount" : 0,
        "shouldDisplayMessage" : false,
        "hasContent" : false
      } ],
      "attachments" : [ ],
      "parameters" : [ {
        "name" : "type",
        "value" : "login"
      } ],
      "stepsCount" : 1,
      "attachmentsCount" : 0,
      "shouldDisplayMessage" : false,
      "hasContent" : true
    }, {
      "name" : "Ввод логина или пароля.",
      "time" : {
        "start" : 1624989785755,
        "stop" : 1624989786263,
        "duration" : 508
      },
      "status" : "passed",
      "steps" : [ {
        "name" : "$(\"By.xpath: //input\") send keys(a)",
        "time" : {
          "start" : 1624989785772,
          "stop" : 1624989785916,
          "duration" : 144
        },
        "status" : "passed",
        "steps" : [ ],
        "attachments" : [ ],
        "parameters" : [ ],
        "stepsCount" : 0,
        "attachmentsCount" : 0,
        "shouldDisplayMessage" : false,
        "hasContent" : false
      }, {
        "name" : "$(\"By.xpath: //input\") send keys()",
        "time" : {
          "start" : 1624989785917,
          "stop" : 1624989785974,
          "duration" : 57
        },
        "status" : "passed",
        "steps" : [ ],
        "attachments" : [ ],
        "parameters" : [ ],
        "stepsCount" : 0,
        "attachmentsCount" : 0,
        "shouldDisplayMessage" : false,
        "hasContent" : false
      }, {
        "name" : "$(\"By.xpath: //input\") set value(bogdantkachenko.dn@gmail.com123)",
        "time" : {
          "start" : 1624989785974,
          "stop" : 1624989786263,
          "duration" : 289
        },
        "status" : "passed",
        "steps" : [ ],
        "attachments" : [ ],
        "parameters" : [ ],
        "stepsCount" : 0,
        "attachmentsCount" : 0,
        "shouldDisplayMessage" : false,
        "hasContent" : false
      } ],
      "attachments" : [ ],
      "parameters" : [ {
        "name" : "loginOrPassword",
        "value" : "bogdantkachenko.dn@gmail.com123"
      } ],
      "stepsCount" : 3,
      "attachmentsCount" : 0,
      "shouldDisplayMessage" : false,
      "hasContent" : true
    }, {
      "name" : "Клик по кнопке.",
      "time" : {
        "start" : 1624989786263,
        "stop" : 1624989786455,
        "duration" : 192
      },
      "status" : "passed",
      "steps" : [ {
        "name" : "$(\"By.xpath: //button[@type='submit']\") click()",
        "time" : {
          "start" : 1624989786263,
          "stop" : 1624989786455,
          "duration" : 192
        },
        "status" : "passed",
        "steps" : [ ],
        "attachments" : [ ],
        "parameters" : [ ],
        "stepsCount" : 0,
        "attachmentsCount" : 0,
        "shouldDisplayMessage" : false,
        "hasContent" : false
      } ],
      "attachments" : [ ],
      "parameters" : [ {
        "name" : "type",
        "value" : "submit"
      } ],
      "stepsCount" : 1,
      "attachmentsCount" : 0,
      "shouldDisplayMessage" : false,
      "hasContent" : true
    }, {
      "name" : "Проверка ошибки при вводе некоректного логина или пароля.",
      "time" : {
        "start" : 1624989786456,
        "stop" : 1624989786524,
        "duration" : 68
      },
      "status" : "passed",
      "steps" : [ {
        "name" : "$(\"By.xpath: //span[@class='sc-hBURRC eRJZMx']\") should have(text 'Incorrect E-mail')",
        "time" : {
          "start" : 1624989786459,
          "stop" : 1624989786523,
          "duration" : 64
        },
        "status" : "passed",
        "steps" : [ ],
        "attachments" : [ ],
        "parameters" : [ ],
        "stepsCount" : 0,
        "attachmentsCount" : 0,
        "shouldDisplayMessage" : false,
        "hasContent" : false
      } ],
      "attachments" : [ ],
      "parameters" : [ {
        "name" : "message",
        "value" : "Incorrect E-mail"
      } ],
      "stepsCount" : 1,
      "attachmentsCount" : 0,
      "shouldDisplayMessage" : false,
      "hasContent" : true
    }, {
      "name" : "Ввод логина или пароля.",
      "time" : {
        "start" : 1624989786524,
        "stop" : 1624989786935,
        "duration" : 411
      },
      "status" : "passed",
      "steps" : [ {
        "name" : "$(\"By.xpath: //input\") send keys(a)",
        "time" : {
          "start" : 1624989786524,
          "stop" : 1624989786611,
          "duration" : 87
        },
        "status" : "passed",
        "steps" : [ ],
        "attachments" : [ ],
        "parameters" : [ ],
        "stepsCount" : 0,
        "attachmentsCount" : 0,
        "shouldDisplayMessage" : false,
        "hasContent" : false
      }, {
        "name" : "$(\"By.xpath: //input\") send keys()",
        "time" : {
          "start" : 1624989786612,
          "stop" : 1624989786662,
          "duration" : 50
        },
        "status" : "passed",
        "steps" : [ ],
        "attachments" : [ ],
        "parameters" : [ ],
        "stepsCount" : 0,
        "attachmentsCount" : 0,
        "shouldDisplayMessage" : false,
        "hasContent" : false
      }, {
        "name" : "$(\"By.xpath: //input\") set value(bogdantkachenko.dn@gmail.com)",
        "time" : {
          "start" : 1624989786663,
          "stop" : 1624989786935,
          "duration" : 272
        },
        "status" : "passed",
        "steps" : [ ],
        "attachments" : [ ],
        "parameters" : [ ],
        "stepsCount" : 0,
        "attachmentsCount" : 0,
        "shouldDisplayMessage" : false,
        "hasContent" : false
      } ],
      "attachments" : [ ],
      "parameters" : [ {
        "name" : "loginOrPassword",
        "value" : "bogdantkachenko.dn@gmail.com"
      } ],
      "stepsCount" : 3,
      "attachmentsCount" : 0,
      "shouldDisplayMessage" : false,
      "hasContent" : true
    }, {
      "name" : "Клик по кнопке.",
      "time" : {
        "start" : 1624989786935,
        "stop" : 1624989787084,
        "duration" : 149
      },
      "status" : "passed",
      "steps" : [ {
        "name" : "$(\"By.xpath: //button[@type='submit']\") click()",
        "time" : {
          "start" : 1624989786936,
          "stop" : 1624989787084,
          "duration" : 148
        },
        "status" : "passed",
        "steps" : [ ],
        "attachments" : [ ],
        "parameters" : [ ],
        "stepsCount" : 0,
        "attachmentsCount" : 0,
        "shouldDisplayMessage" : false,
        "hasContent" : false
      } ],
      "attachments" : [ ],
      "parameters" : [ {
        "name" : "type",
        "value" : "submit"
      } ],
      "stepsCount" : 1,
      "attachmentsCount" : 0,
      "shouldDisplayMessage" : false,
      "hasContent" : true
    }, {
      "name" : "Ввод логина или пароля.",
      "time" : {
        "start" : 1624989787084,
        "stop" : 1624989787343,
        "duration" : 259
      },
      "status" : "passed",
      "steps" : [ {
        "name" : "$(\"By.xpath: //input\") send keys(a)",
        "time" : {
          "start" : 1624989787084,
          "stop" : 1624989787162,
          "duration" : 78
        },
        "status" : "passed",
        "steps" : [ ],
        "attachments" : [ ],
        "parameters" : [ ],
        "stepsCount" : 0,
        "attachmentsCount" : 0,
        "shouldDisplayMessage" : false,
        "hasContent" : false
      }, {
        "name" : "$(\"By.xpath: //input\") send keys()",
        "time" : {
          "start" : 1624989787162,
          "stop" : 1624989787208,
          "duration" : 46
        },
        "status" : "passed",
        "steps" : [ ],
        "attachments" : [ ],
        "parameters" : [ ],
        "stepsCount" : 0,
        "attachmentsCount" : 0,
        "shouldDisplayMessage" : false,
        "hasContent" : false
      }, {
        "name" : "$(\"By.xpath: //input\") set value(Qwerty1234)",
        "time" : {
          "start" : 1624989787208,
          "stop" : 1624989787343,
          "duration" : 135
        },
        "status" : "passed",
        "steps" : [ ],
        "attachments" : [ ],
        "parameters" : [ ],
        "stepsCount" : 0,
        "attachmentsCount" : 0,
        "shouldDisplayMessage" : false,
        "hasContent" : false
      } ],
      "attachments" : [ ],
      "parameters" : [ {
        "name" : "loginOrPassword",
        "value" : "Qwerty1234"
      } ],
      "stepsCount" : 3,
      "attachmentsCount" : 0,
      "shouldDisplayMessage" : false,
      "hasContent" : true
    }, {
      "name" : "Клик по кнопке.",
      "time" : {
        "start" : 1624989787343,
        "stop" : 1624989787465,
        "duration" : 122
      },
      "status" : "passed",
      "steps" : [ {
        "name" : "$(\"By.xpath: //button[@type='submit']\") click()",
        "time" : {
          "start" : 1624989787343,
          "stop" : 1624989787464,
          "duration" : 121
        },
        "status" : "passed",
        "steps" : [ ],
        "attachments" : [ ],
        "parameters" : [ ],
        "stepsCount" : 0,
        "attachmentsCount" : 0,
        "shouldDisplayMessage" : false,
        "hasContent" : false
      } ],
      "attachments" : [ ],
      "parameters" : [ {
        "name" : "type",
        "value" : "submit"
      } ],
      "stepsCount" : 1,
      "attachmentsCount" : 0,
      "shouldDisplayMessage" : false,
      "hasContent" : true
    }, {
      "name" : "Проверка ошибки при вводе некоректного логина или пароля.",
      "time" : {
        "start" : 1624989787465,
        "stop" : 1624989792050,
        "duration" : 4585
      },
      "status" : "failed",
      "statusMessage" : "Element not found {By.xpath: //span[@class='sc-hBURRC eRJZMx']}\nExpected: text 'Wrong password'\nScreenshot: file:/home/runner/work/Antitrening/Antitrening/build/reports/tests/1624989791593.0.png\nPage source: file:/home/runner/work/Antitrening/Antitrening/build/reports/tests/1624989791593.0.html\nTimeout: 4 s.\nCaused by: NoSuchElementException: no such element: Unable to locate element: {\"method\":\"xpath\",\"selector\":\"//span[@class='sc-hBURRC eRJZMx']\"}",
      "statusTrace" : "Element not found {By.xpath: //span[@class='sc-hBURRC eRJZMx']}\nExpected: text 'Wrong password'\nScreenshot: file:/home/runner/work/Antitrening/Antitrening/build/reports/tests/1624989791593.0.png\nPage source: file:/home/runner/work/Antitrening/Antitrening/build/reports/tests/1624989791593.0.html\nTimeout: 4 s.\nCaused by: NoSuchElementException: no such element: Unable to locate element: {\"method\":\"xpath\",\"selector\":\"//span[@class='sc-hBURRC eRJZMx']\"}\n\tat com.codeborne.selenide.impl.WebElementSource.createElementNotFoundError(WebElementSource.java:83)\n\tat com.codeborne.selenide.impl.ElementFinder.createElementNotFoundError(ElementFinder.java:130)\n\tat com.codeborne.selenide.impl.WebElementSource.checkCondition(WebElementSource.java:114)\n\tat com.codeborne.selenide.commands.Should.execute(Should.java:30)\n\tat com.codeborne.selenide.commands.Should.execute(Should.java:14)\n\tat com.codeborne.selenide.commands.Commands.execute(Commands.java:155)\n\tat com.codeborne.selenide.impl.SelenideElementProxy.dispatchAndRetry(SelenideElementProxy.java:133)\n\tat com.codeborne.selenide.impl.SelenideElementProxy.invoke(SelenideElementProxy.java:85)\n\tat com.sun.proxy.$Proxy10.shouldHave(Unknown Source)\n\tat ru.antitreningi.page.login.LoginPage.checkLoginOrPasswordError(LoginPage.java:36)\n\tat ru.antitreningi.tests.LoginTest.invalidLoginAndPassword(LoginTest.java:36)\n\tat java.base/jdk.internal.reflect.NativeMethodAccessorImpl.invoke0(Native Method)\n\tat java.base/jdk.internal.reflect.NativeMethodAccessorImpl.invoke(NativeMethodAccessorImpl.java:62)\n\tat java.base/jdk.internal.reflect.DelegatingMethodAccessorImpl.invoke(DelegatingMethodAccessorImpl.java:43)\n\tat java.base/java.lang.reflect.Method.invoke(Method.java:566)\n\tat org.testng.internal.MethodInvocationHelper.invokeMethod(MethodInvocationHelper.java:133)\n\tat org.testng.internal.TestInvoker.invokeMethod(TestInvoker.java:598)\n\tat org.testng.internal.TestInvoker.invokeTestMethod(TestInvoker.java:173)\n\tat org.testng.internal.MethodRunner.runInSequence(MethodRunner.java:46)\n\tat org.testng.internal.TestInvoker$MethodInvocationAgent.invoke(TestInvoker.java:824)\n\tat org.testng.internal.TestInvoker.invokeTestMethods(TestInvoker.java:146)\n\tat org.testng.internal.TestMethodWorker.invokeTestMethods(TestMethodWorker.java:146)\n\tat org.testng.internal.TestMethodWorker.run(TestMethodWorker.java:128)\n\tat java.base/java.util.ArrayList.forEach(ArrayList.java:1541)\n\tat org.testng.TestRunner.privateRun(TestRunner.java:794)\n\tat org.testng.TestRunner.run(TestRunner.java:596)\n\tat org.testng.SuiteRunner.runTest(SuiteRunner.java:377)\n\tat org.testng.SuiteRunner.runSequentially(SuiteRunner.java:371)\n\tat org.testng.SuiteRunner.privateRun(SuiteRunner.java:332)\n\tat org.testng.SuiteRunner.run(SuiteRunner.java:276)\n\tat org.testng.SuiteRunnerWorker.runSuite(SuiteRunnerWorker.java:53)\n\tat org.testng.SuiteRunnerWorker.run(SuiteRunnerWorker.java:96)\n\tat org.testng.TestNG.runSuitesSequentially(TestNG.java:1212)\n\tat org.testng.TestNG.runSuitesLocally(TestNG.java:1134)\n\tat org.testng.TestNG.runSuites(TestNG.java:1063)\n\tat org.testng.TestNG.run(TestNG.java:1031)\n\tat org.apache.maven.surefire.testng.TestNGExecutor.run(TestNGExecutor.java:283)\n\tat org.apache.maven.surefire.testng.TestNGXmlTestSuite.execute(TestNGXmlTestSuite.java:75)\n\tat org.apache.maven.surefire.testng.TestNGProvider.invoke(TestNGProvider.java:120)\n\tat org.apache.maven.surefire.booter.ForkedBooter.invokeProviderInSameClassLoader(ForkedBooter.java:384)\n\tat org.apache.maven.surefire.booter.ForkedBooter.runSuitesInProcess(ForkedBooter.java:345)\n\tat org.apache.maven.surefire.booter.ForkedBooter.execute(ForkedBooter.java:126)\n\tat org.apache.maven.surefire.booter.ForkedBooter.main(ForkedBooter.java:418)\nCaused by: org.openqa.selenium.NoSuchElementException: no such element: Unable to locate element: {\"method\":\"xpath\",\"selector\":\"//span[@class='sc-hBURRC eRJZMx']\"}\n  (Session info: chrome=91.0.4472.106)\nFor documentation on this error, please visit: https://www.seleniumhq.org/exceptions/no_such_element.html\nBuild info: version: '3.141.59', revision: 'e82be7d358', time: '2018-11-14T08:17:03'\nSystem info: host: 'fv-az83-748', ip: '10.1.0.32', os.name: 'Linux', os.arch: 'amd64', os.version: '5.8.0-1033-azure', java.version: '11.0.11'\nDriver info: org.openqa.selenium.remote.RemoteWebDriver\nCapabilities {acceptInsecureCerts: true, browserName: chrome, browserVersion: 91.0.4472.106, chrome: {chromedriverVersion: 91.0.4472.101 (af52a90bf870..., userDataDir: /tmp/.com.google.Chrome.NFXCwX}, goog:chromeOptions: {debuggerAddress: localhost:40317}, javascriptEnabled: true, networkConnectionEnabled: false, pageLoadStrategy: normal, platform: LINUX, platformName: LINUX, proxy: Proxy(), setWindowRect: true, strictFileInteractability: false, timeouts: {implicit: 0, pageLoad: 300000, script: 30000}, unhandledPromptBehavior: dismiss and notify, webauthn:extension:largeBlob: true, webauthn:virtualAuthenticators: true}\nSession ID: 41c6a39d3165d72f8448f41df7db0b75\n*** Element info: {Using=xpath, value=//span[@class='sc-hBURRC eRJZMx']}\n\tat jdk.internal.reflect.GeneratedConstructorAccessor7.newInstance(Unknown Source)\n\tat java.base/jdk.internal.reflect.DelegatingConstructorAccessorImpl.newInstance(DelegatingConstructorAccessorImpl.java:45)\n\tat java.base/java.lang.reflect.Constructor.newInstance(Constructor.java:490)\n\tat org.openqa.selenium.remote.http.W3CHttpResponseCodec.createException(W3CHttpResponseCodec.java:187)\n\tat org.openqa.selenium.remote.http.W3CHttpResponseCodec.decode(W3CHttpResponseCodec.java:122)\n\tat org.openqa.selenium.remote.http.W3CHttpResponseCodec.decode(W3CHttpResponseCodec.java:49)\n\tat org.openqa.selenium.remote.HttpCommandExecutor.execute(HttpCommandExecutor.java:158)\n\tat org.openqa.selenium.remote.RemoteWebDriver.execute(RemoteWebDriver.java:552)\n\tat org.openqa.selenium.remote.RemoteWebDriver.findElement(RemoteWebDriver.java:323)\n\tat org.openqa.selenium.remote.RemoteWebDriver.findElementByXPath(RemoteWebDriver.java:428)\n\tat org.openqa.selenium.By$ByXPath.findElement(By.java:353)\n\tat org.openqa.selenium.remote.RemoteWebDriver.findElement(RemoteWebDriver.java:315)\n\tat com.codeborne.selenide.impl.WebElementSelector.findElement(WebElementSelector.java:59)\n\tat com.codeborne.selenide.impl.WebElementSelector.findElement(WebElementSelector.java:34)\n\tat com.codeborne.selenide.impl.ElementFinder.getWebElement(ElementFinder.java:103)\n\tat com.codeborne.selenide.impl.WebElementSource.checkCondition(WebElementSource.java:99)\n\t... 40 more\n",
      "steps" : [ {
        "name" : "$(\"By.xpath: //span[@class='sc-hBURRC eRJZMx']\") should have(text 'Wrong password')",
        "time" : {
          "start" : 1624989787465,
          "stop" : 1624989792049,
          "duration" : 4584
        },
        "status" : "failed",
        "statusMessage" : "Element not found {By.xpath: //span[@class='sc-hBURRC eRJZMx']}\nExpected: text 'Wrong password'\nScreenshot: file:/home/runner/work/Antitrening/Antitrening/build/reports/tests/1624989791593.0.png\nPage source: file:/home/runner/work/Antitrening/Antitrening/build/reports/tests/1624989791593.0.html\nTimeout: 4 s.\nCaused by: NoSuchElementException: no such element: Unable to locate element: {\"method\":\"xpath\",\"selector\":\"//span[@class='sc-hBURRC eRJZMx']\"}",
        "statusTrace" : "Element not found {By.xpath: //span[@class='sc-hBURRC eRJZMx']}\nExpected: text 'Wrong password'\nScreenshot: file:/home/runner/work/Antitrening/Antitrening/build/reports/tests/1624989791593.0.png\nPage source: file:/home/runner/work/Antitrening/Antitrening/build/reports/tests/1624989791593.0.html\nTimeout: 4 s.\nCaused by: NoSuchElementException: no such element: Unable to locate element: {\"method\":\"xpath\",\"selector\":\"//span[@class='sc-hBURRC eRJZMx']\"}\n\tat com.codeborne.selenide.impl.WebElementSource.createElementNotFoundError(WebElementSource.java:83)\n\tat com.codeborne.selenide.impl.ElementFinder.createElementNotFoundError(ElementFinder.java:130)\n\tat com.codeborne.selenide.impl.WebElementSource.checkCondition(WebElementSource.java:114)\n\tat com.codeborne.selenide.commands.Should.execute(Should.java:30)\n\tat com.codeborne.selenide.commands.Should.execute(Should.java:14)\n\tat com.codeborne.selenide.commands.Commands.execute(Commands.java:155)\n\tat com.codeborne.selenide.impl.SelenideElementProxy.dispatchAndRetry(SelenideElementProxy.java:133)\n\tat com.codeborne.selenide.impl.SelenideElementProxy.invoke(SelenideElementProxy.java:85)\n\tat com.sun.proxy.$Proxy10.shouldHave(Unknown Source)\n\tat ru.antitreningi.page.login.LoginPage.checkLoginOrPasswordError(LoginPage.java:36)\n\tat ru.antitreningi.tests.LoginTest.invalidLoginAndPassword(LoginTest.java:36)\n\tat java.base/jdk.internal.reflect.NativeMethodAccessorImpl.invoke0(Native Method)\n\tat java.base/jdk.internal.reflect.NativeMethodAccessorImpl.invoke(NativeMethodAccessorImpl.java:62)\n\tat java.base/jdk.internal.reflect.DelegatingMethodAccessorImpl.invoke(DelegatingMethodAccessorImpl.java:43)\n\tat java.base/java.lang.reflect.Method.invoke(Method.java:566)\n\tat org.testng.internal.MethodInvocationHelper.invokeMethod(MethodInvocationHelper.java:133)\n\tat org.testng.internal.TestInvoker.invokeMethod(TestInvoker.java:598)\n\tat org.testng.internal.TestInvoker.invokeTestMethod(TestInvoker.java:173)\n\tat org.testng.internal.MethodRunner.runInSequence(MethodRunner.java:46)\n\tat org.testng.internal.TestInvoker$MethodInvocationAgent.invoke(TestInvoker.java:824)\n\tat org.testng.internal.TestInvoker.invokeTestMethods(TestInvoker.java:146)\n\tat org.testng.internal.TestMethodWorker.invokeTestMethods(TestMethodWorker.java:146)\n\tat org.testng.internal.TestMethodWorker.run(TestMethodWorker.java:128)\n\tat java.base/java.util.ArrayList.forEach(ArrayList.java:1541)\n\tat org.testng.TestRunner.privateRun(TestRunner.java:794)\n\tat org.testng.TestRunner.run(TestRunner.java:596)\n\tat org.testng.SuiteRunner.runTest(SuiteRunner.java:377)\n\tat org.testng.SuiteRunner.runSequentially(SuiteRunner.java:371)\n\tat org.testng.SuiteRunner.privateRun(SuiteRunner.java:332)\n\tat org.testng.SuiteRunner.run(SuiteRunner.java:276)\n\tat org.testng.SuiteRunnerWorker.runSuite(SuiteRunnerWorker.java:53)\n\tat org.testng.SuiteRunnerWorker.run(SuiteRunnerWorker.java:96)\n\tat org.testng.TestNG.runSuitesSequentially(TestNG.java:1212)\n\tat org.testng.TestNG.runSuitesLocally(TestNG.java:1134)\n\tat org.testng.TestNG.runSuites(TestNG.java:1063)\n\tat org.testng.TestNG.run(TestNG.java:1031)\n\tat org.apache.maven.surefire.testng.TestNGExecutor.run(TestNGExecutor.java:283)\n\tat org.apache.maven.surefire.testng.TestNGXmlTestSuite.execute(TestNGXmlTestSuite.java:75)\n\tat org.apache.maven.surefire.testng.TestNGProvider.invoke(TestNGProvider.java:120)\n\tat org.apache.maven.surefire.booter.ForkedBooter.invokeProviderInSameClassLoader(ForkedBooter.java:384)\n\tat org.apache.maven.surefire.booter.ForkedBooter.runSuitesInProcess(ForkedBooter.java:345)\n\tat org.apache.maven.surefire.booter.ForkedBooter.execute(ForkedBooter.java:126)\n\tat org.apache.maven.surefire.booter.ForkedBooter.main(ForkedBooter.java:418)\nCaused by: org.openqa.selenium.NoSuchElementException: no such element: Unable to locate element: {\"method\":\"xpath\",\"selector\":\"//span[@class='sc-hBURRC eRJZMx']\"}\n  (Session info: chrome=91.0.4472.106)\nFor documentation on this error, please visit: https://www.seleniumhq.org/exceptions/no_such_element.html\nBuild info: version: '3.141.59', revision: 'e82be7d358', time: '2018-11-14T08:17:03'\nSystem info: host: 'fv-az83-748', ip: '10.1.0.32', os.name: 'Linux', os.arch: 'amd64', os.version: '5.8.0-1033-azure', java.version: '11.0.11'\nDriver info: org.openqa.selenium.remote.RemoteWebDriver\nCapabilities {acceptInsecureCerts: true, browserName: chrome, browserVersion: 91.0.4472.106, chrome: {chromedriverVersion: 91.0.4472.101 (af52a90bf870..., userDataDir: /tmp/.com.google.Chrome.NFXCwX}, goog:chromeOptions: {debuggerAddress: localhost:40317}, javascriptEnabled: true, networkConnectionEnabled: false, pageLoadStrategy: normal, platform: LINUX, platformName: LINUX, proxy: Proxy(), setWindowRect: true, strictFileInteractability: false, timeouts: {implicit: 0, pageLoad: 300000, script: 30000}, unhandledPromptBehavior: dismiss and notify, webauthn:extension:largeBlob: true, webauthn:virtualAuthenticators: true}\nSession ID: 41c6a39d3165d72f8448f41df7db0b75\n*** Element info: {Using=xpath, value=//span[@class='sc-hBURRC eRJZMx']}\n\tat jdk.internal.reflect.GeneratedConstructorAccessor7.newInstance(Unknown Source)\n\tat java.base/jdk.internal.reflect.DelegatingConstructorAccessorImpl.newInstance(DelegatingConstructorAccessorImpl.java:45)\n\tat java.base/java.lang.reflect.Constructor.newInstance(Constructor.java:490)\n\tat org.openqa.selenium.remote.http.W3CHttpResponseCodec.createException(W3CHttpResponseCodec.java:187)\n\tat org.openqa.selenium.remote.http.W3CHttpResponseCodec.decode(W3CHttpResponseCodec.java:122)\n\tat org.openqa.selenium.remote.http.W3CHttpResponseCodec.decode(W3CHttpResponseCodec.java:49)\n\tat org.openqa.selenium.remote.HttpCommandExecutor.execute(HttpCommandExecutor.java:158)\n\tat org.openqa.selenium.remote.RemoteWebDriver.execute(RemoteWebDriver.java:552)\n\tat org.openqa.selenium.remote.RemoteWebDriver.findElement(RemoteWebDriver.java:323)\n\tat org.openqa.selenium.remote.RemoteWebDriver.findElementByXPath(RemoteWebDriver.java:428)\n\tat org.openqa.selenium.By$ByXPath.findElement(By.java:353)\n\tat org.openqa.selenium.remote.RemoteWebDriver.findElement(RemoteWebDriver.java:315)\n\tat com.codeborne.selenide.impl.WebElementSelector.findElement(WebElementSelector.java:59)\n\tat com.codeborne.selenide.impl.WebElementSelector.findElement(WebElementSelector.java:34)\n\tat com.codeborne.selenide.impl.ElementFinder.getWebElement(ElementFinder.java:103)\n\tat com.codeborne.selenide.impl.WebElementSource.checkCondition(WebElementSource.java:99)\n\t... 40 more\n",
        "steps" : [ ],
        "attachments" : [ {
          "uid" : "2303f79ae216b214",
          "name" : "Screenshot",
          "source" : "2303f79ae216b214.png",
          "type" : "image/png",
          "size" : 31805
        } ],
        "parameters" : [ ],
        "stepsCount" : 0,
        "attachmentsCount" : 1,
        "shouldDisplayMessage" : true,
        "hasContent" : true
      } ],
      "attachments" : [ ],
      "parameters" : [ {
        "name" : "message",
        "value" : "Wrong password"
      } ],
      "stepsCount" : 1,
      "attachmentsCount" : 1,
      "shouldDisplayMessage" : false,
      "hasContent" : true
    } ],
    "attachments" : [ ],
    "parameters" : [ ],
    "stepsCount" : 26,
    "attachmentsCount" : 1,
    "shouldDisplayMessage" : false,
    "hasContent" : true
  },
  "afterStages" : [ ],
  "labels" : [ {
    "name" : "package",
    "value" : "ru.antitreningi.tests.LoginTest"
  }, {
    "name" : "testClass",
    "value" : "ru.antitreningi.tests.LoginTest"
  }, {
    "name" : "testMethod",
    "value" : "invalidLoginAndPassword"
  }, {
    "name" : "parentSuite",
    "value" : "Antitreningi"
  }, {
    "name" : "suite",
    "value" : "Check login."
  }, {
    "name" : "subSuite",
    "value" : "ru.antitreningi.tests.LoginTest"
  }, {
    "name" : "host",
    "value" : "fv-az83-748"
  }, {
    "name" : "thread",
    "value" : "3665@fv-az83-748.main(1)"
  }, {
    "name" : "framework",
    "value" : "testng"
  }, {
    "name" : "language",
    "value" : "java"
  }, {
    "name" : "resultFormat",
    "value" : "allure2"
  } ],
  "parameters" : [ ],
  "links" : [ ],
  "hidden" : false,
  "retry" : false,
  "extra" : {
    "severity" : "normal",
    "retries" : [ ],
    "categories" : [ {
      "name" : "Product defects",
      "matchedStatuses" : [ ],
      "flaky" : false
    } ],
    "history" : {
      "statistic" : {
        "failed" : 18,
        "broken" : 0,
        "skipped" : 0,
        "passed" : 66,
        "unknown" : 0,
        "total" : 84
      },
      "items" : [ {
        "uid" : "1b3772434279b884",
        "reportUrl" : "https://PressF5.github.io/Antitrening/97//#testresult/1b3772434279b884",
        "status" : "passed",
        "time" : {
          "start" : 1624904202128,
          "stop" : 1624904211166,
          "duration" : 9038
        }
      }, {
        "uid" : "4c9ff87f924f6f0f",
        "reportUrl" : "https://PressF5.github.io/Antitrening/96//#testresult/4c9ff87f924f6f0f",
        "status" : "failed",
        "statusDetails" : "Element not found {By.xpath: //span[@class='sc-hBURRC eRJZMx']}\nExpected: text 'Wrong password'\nScreenshot: file:/home/runner/work/Antitrening/Antitrening/build/reports/tests/1624816980840.0.png\nPage source: file:/home/runner/work/Antitrening/Antitrening/build/reports/tests/1624816980840.0.html\nTimeout: 4 s.\nCaused by: NoSuchElementException: no such element: Unable to locate element: {\"method\":\"xpath\",\"selector\":\"//span[@class='sc-hBURRC eRJZMx']\"}",
        "time" : {
          "start" : 1624816969526,
          "stop" : 1624816981304,
          "duration" : 11778
        }
      }, {
        "uid" : "e420f771c35291d5",
        "reportUrl" : "https://PressF5.github.io/Antitrening/95//#testresult/e420f771c35291d5",
        "status" : "failed",
        "statusDetails" : "Element not found {By.xpath: //span[@class='sc-hBURRC eRJZMx']}\nExpected: text 'Wrong password'\nScreenshot: file:/home/runner/work/Antitrening/Antitrening/build/reports/tests/1624730571025.0.png\nPage source: file:/home/runner/work/Antitrening/Antitrening/build/reports/tests/1624730571025.0.html\nTimeout: 4 s.\nCaused by: NoSuchElementException: no such element: Unable to locate element: {\"method\":\"xpath\",\"selector\":\"//span[@class='sc-hBURRC eRJZMx']\"}",
        "time" : {
          "start" : 1624730559255,
          "stop" : 1624730571469,
          "duration" : 12214
        }
      }, {
        "uid" : "8843348636975629",
        "reportUrl" : "https://PressF5.github.io/Antitrening/94//#testresult/8843348636975629",
        "status" : "failed",
        "statusDetails" : "Element not found {By.xpath: //span[@class='sc-hBURRC eRJZMx']}\nExpected: text 'Wrong password'\nScreenshot: file:/home/runner/work/Antitrening/Antitrening/build/reports/tests/1624644225028.0.png\nPage source: file:/home/runner/work/Antitrening/Antitrening/build/reports/tests/1624644225028.0.html\nTimeout: 4 s.\nCaused by: NoSuchElementException: no such element: Unable to locate element: {\"method\":\"xpath\",\"selector\":\"//span[@class='sc-hBURRC eRJZMx']\"}",
        "time" : {
          "start" : 1624644212079,
          "stop" : 1624644225562,
          "duration" : 13483
        }
      }, {
        "uid" : "1e84950426b755d1",
        "reportUrl" : "https://PressF5.github.io/Antitrening/93//#testresult/1e84950426b755d1",
        "status" : "passed",
        "time" : {
          "start" : 1624557759555,
          "stop" : 1624557775101,
          "duration" : 15546
        }
      }, {
        "uid" : "90a198d22e0857e3",
        "reportUrl" : "https://PressF5.github.io/Antitrening/92//#testresult/90a198d22e0857e3",
        "status" : "passed",
        "time" : {
          "start" : 1624471378933,
          "stop" : 1624471386387,
          "duration" : 7454
        }
      }, {
        "uid" : "182916e382815bc6",
        "reportUrl" : "https://PressF5.github.io/Antitrening/91//#testresult/182916e382815bc6",
        "status" : "passed",
        "time" : {
          "start" : 1624384953395,
          "stop" : 1624384960458,
          "duration" : 7063
        }
      }, {
        "uid" : "d60488def8f1ccb5",
        "reportUrl" : "https://PressF5.github.io/Antitrening/90//#testresult/d60488def8f1ccb5",
        "status" : "passed",
        "time" : {
          "start" : 1624298568747,
          "stop" : 1624298577109,
          "duration" : 8362
        }
      }, {
        "uid" : "f3270b8d00c09c72",
        "reportUrl" : "https://PressF5.github.io/Antitrening/89//#testresult/f3270b8d00c09c72",
        "status" : "passed",
        "time" : {
          "start" : 1624212174929,
          "stop" : 1624212183313,
          "duration" : 8384
        }
      }, {
        "uid" : "c08940bb2112df1e",
        "reportUrl" : "https://PressF5.github.io/Antitrening/88//#testresult/c08940bb2112df1e",
        "status" : "passed",
        "time" : {
          "start" : 1624125770266,
          "stop" : 1624125778012,
          "duration" : 7746
        }
      }, {
        "uid" : "4b4fd74aa9cfa3e2",
        "reportUrl" : "https://PressF5.github.io/Antitrening/87//#testresult/4b4fd74aa9cfa3e2",
        "status" : "passed",
        "time" : {
          "start" : 1624039486208,
          "stop" : 1624039494140,
          "duration" : 7932
        }
      }, {
        "uid" : "9ce15568e9fe9cea",
        "reportUrl" : "https://PressF5.github.io/Antitrening/86//#testresult/9ce15568e9fe9cea",
        "status" : "passed",
        "time" : {
          "start" : 1623953233103,
          "stop" : 1623953240684,
          "duration" : 7581
        }
      }, {
        "uid" : "c27bad1a7bea2590",
        "reportUrl" : "https://PressF5.github.io/Antitrening/85//#testresult/c27bad1a7bea2590",
        "status" : "passed",
        "time" : {
          "start" : 1623866830464,
          "stop" : 1623866839026,
          "duration" : 8562
        }
      }, {
        "uid" : "4e539ca8bfcac70b",
        "reportUrl" : "https://PressF5.github.io/Antitrening/84//#testresult/4e539ca8bfcac70b",
        "status" : "passed",
        "time" : {
          "start" : 1623780516905,
          "stop" : 1623780524298,
          "duration" : 7393
        }
      }, {
        "uid" : "9611aabb35882e7f",
        "reportUrl" : "https://PressF5.github.io/Antitrening/83//#testresult/9611aabb35882e7f",
        "status" : "passed",
        "time" : {
          "start" : 1623693896235,
          "stop" : 1623693905324,
          "duration" : 9089
        }
      }, {
        "uid" : "cf2a6ca5ba321ced",
        "reportUrl" : "https://PressF5.github.io/Antitrening/82//#testresult/cf2a6ca5ba321ced",
        "status" : "passed",
        "time" : {
          "start" : 1623607375979,
          "stop" : 1623607383958,
          "duration" : 7979
        }
      }, {
        "uid" : "d312e22cc4267316",
        "reportUrl" : "https://PressF5.github.io/Antitrening/81//#testresult/d312e22cc4267316",
        "status" : "passed",
        "time" : {
          "start" : 1623520992905,
          "stop" : 1623521000927,
          "duration" : 8022
        }
      }, {
        "uid" : "ccc82220b2d7596e",
        "reportUrl" : "https://PressF5.github.io/Antitrening/80//#testresult/ccc82220b2d7596e",
        "status" : "passed",
        "time" : {
          "start" : 1623434878366,
          "stop" : 1623434886484,
          "duration" : 8118
        }
      }, {
        "uid" : "be2daef6c5d5cb0a",
        "reportUrl" : "https://PressF5.github.io/Antitrening/79//#testresult/be2daef6c5d5cb0a",
        "status" : "passed",
        "time" : {
          "start" : 1623349401107,
          "stop" : 1623349409032,
          "duration" : 7925
        }
      }, {
        "uid" : "d680459182295aa3",
        "reportUrl" : "https://PressF5.github.io/Antitrening/78//#testresult/d680459182295aa3",
        "status" : "passed",
        "time" : {
          "start" : 1623263073469,
          "stop" : 1623263081409,
          "duration" : 7940
        }
      } ]
    },
    "tags" : [ ]
  },
  "source" : "9e13f0678caeb0de.json",
  "parameterValues" : [ ]
}